[2026-01-18T11:16:38.802+0000] {processor.py:161} INFO - Started process (PID=68) to work on /opt/airflow/dags/main.py
[2026-01-18T11:16:38.804+0000] {processor.py:830} INFO - Processing file /opt/airflow/dags/main.py for tasks to queue
[2026-01-18T11:16:38.810+0000] {logging_mixin.py:188} INFO - [2026-01-18T11:16:38.809+0000] {dagbag.py:545} INFO - Filling up the DagBag from /opt/airflow/dags/main.py
[2026-01-18T11:16:39.094+0000] {processor.py:840} INFO - DAG(s) 'produce_json' retrieved from /opt/airflow/dags/main.py
[2026-01-18T11:16:39.388+0000] {logging_mixin.py:188} INFO - [2026-01-18T11:16:39.388+0000] {dag.py:3096} INFO - Sync 1 DAGs
[2026-01-18T11:16:39.430+0000] {logging_mixin.py:188} INFO - [2026-01-18T11:16:39.430+0000] {dag.py:3954} INFO - Setting next_dagrun for produce_json to 2026-01-18 08:30:00+00:00, run_after=2026-01-19 08:30:00+00:00
[2026-01-18T11:16:39.487+0000] {processor.py:183} INFO - Processing /opt/airflow/dags/main.py took 0.701 seconds
[2026-01-18T11:17:09.689+0000] {processor.py:161} INFO - Started process (PID=83) to work on /opt/airflow/dags/main.py
[2026-01-18T11:17:09.701+0000] {processor.py:830} INFO - Processing file /opt/airflow/dags/main.py for tasks to queue
[2026-01-18T11:17:09.719+0000] {logging_mixin.py:188} INFO - [2026-01-18T11:17:09.714+0000] {dagbag.py:545} INFO - Filling up the DagBag from /opt/airflow/dags/main.py
[2026-01-18T11:18:48.541+0000] {processor.py:161} INFO - Started process (PID=66) to work on /opt/airflow/dags/main.py
[2026-01-18T11:18:48.550+0000] {processor.py:830} INFO - Processing file /opt/airflow/dags/main.py for tasks to queue
[2026-01-18T11:18:48.556+0000] {logging_mixin.py:188} INFO - [2026-01-18T11:18:48.555+0000] {dagbag.py:545} INFO - Filling up the DagBag from /opt/airflow/dags/main.py
[2026-01-18T11:18:48.885+0000] {processor.py:840} INFO - DAG(s) 'produce_json' retrieved from /opt/airflow/dags/main.py
[2026-01-18T11:18:49.321+0000] {logging_mixin.py:188} INFO - [2026-01-18T11:18:49.320+0000] {dag.py:3096} INFO - Sync 1 DAGs
[2026-01-18T11:18:49.414+0000] {logging_mixin.py:188} INFO - [2026-01-18T11:18:49.414+0000] {dag.py:3954} INFO - Setting next_dagrun for produce_json to 2026-01-18 08:30:00+00:00, run_after=2026-01-19 08:30:00+00:00
[2026-01-18T11:18:49.465+0000] {processor.py:183} INFO - Processing /opt/airflow/dags/main.py took 0.943 seconds
[2026-01-18T11:19:20.436+0000] {processor.py:161} INFO - Started process (PID=73) to work on /opt/airflow/dags/main.py
[2026-01-18T11:19:20.549+0000] {processor.py:830} INFO - Processing file /opt/airflow/dags/main.py for tasks to queue
[2026-01-18T11:19:21.052+0000] {logging_mixin.py:188} INFO - [2026-01-18T11:19:21.037+0000] {dagbag.py:545} INFO - Filling up the DagBag from /opt/airflow/dags/main.py
[2026-01-18T11:19:24.986+0000] {processor.py:840} INFO - DAG(s) 'produce_json' retrieved from /opt/airflow/dags/main.py
[2026-01-18T11:19:26.131+0000] {logging_mixin.py:188} INFO - [2026-01-18T11:19:26.131+0000] {dag.py:3096} INFO - Sync 1 DAGs
[2026-01-18T11:19:26.528+0000] {logging_mixin.py:188} INFO - [2026-01-18T11:19:26.527+0000] {dag.py:3954} INFO - Setting next_dagrun for produce_json to 2026-01-18 08:30:00+00:00, run_after=2026-01-19 08:30:00+00:00
[2026-01-18T11:19:26.688+0000] {processor.py:183} INFO - Processing /opt/airflow/dags/main.py took 6.459 seconds
[2026-01-18T11:19:57.255+0000] {processor.py:161} INFO - Started process (PID=80) to work on /opt/airflow/dags/main.py
[2026-01-18T11:19:57.258+0000] {processor.py:830} INFO - Processing file /opt/airflow/dags/main.py for tasks to queue
[2026-01-18T11:19:57.261+0000] {logging_mixin.py:188} INFO - [2026-01-18T11:19:57.260+0000] {dagbag.py:545} INFO - Filling up the DagBag from /opt/airflow/dags/main.py
[2026-01-18T11:19:57.636+0000] {processor.py:840} INFO - DAG(s) 'produce_json' retrieved from /opt/airflow/dags/main.py
[2026-01-18T11:19:57.839+0000] {logging_mixin.py:188} INFO - [2026-01-18T11:19:57.838+0000] {dag.py:3096} INFO - Sync 1 DAGs
[2026-01-18T11:19:58.112+0000] {logging_mixin.py:188} INFO - [2026-01-18T11:19:58.111+0000] {dag.py:3954} INFO - Setting next_dagrun for produce_json to 2026-01-18 08:30:00+00:00, run_after=2026-01-19 08:30:00+00:00
[2026-01-18T11:19:58.196+0000] {processor.py:183} INFO - Processing /opt/airflow/dags/main.py took 0.950 seconds
[2026-01-18T11:20:29.241+0000] {processor.py:161} INFO - Started process (PID=87) to work on /opt/airflow/dags/main.py
[2026-01-18T11:20:29.243+0000] {processor.py:830} INFO - Processing file /opt/airflow/dags/main.py for tasks to queue
[2026-01-18T11:20:29.244+0000] {logging_mixin.py:188} INFO - [2026-01-18T11:20:29.244+0000] {dagbag.py:545} INFO - Filling up the DagBag from /opt/airflow/dags/main.py
[2026-01-18T11:20:29.464+0000] {processor.py:840} INFO - DAG(s) 'produce_json' retrieved from /opt/airflow/dags/main.py
[2026-01-18T11:20:29.507+0000] {logging_mixin.py:188} INFO - [2026-01-18T11:20:29.506+0000] {dag.py:3096} INFO - Sync 1 DAGs
[2026-01-18T11:20:29.565+0000] {logging_mixin.py:188} INFO - [2026-01-18T11:20:29.565+0000] {dag.py:3954} INFO - Setting next_dagrun for produce_json to 2026-01-18 08:30:00+00:00, run_after=2026-01-19 08:30:00+00:00
[2026-01-18T11:20:29.598+0000] {processor.py:183} INFO - Processing /opt/airflow/dags/main.py took 0.366 seconds
[2026-01-18T11:20:59.937+0000] {processor.py:161} INFO - Started process (PID=94) to work on /opt/airflow/dags/main.py
[2026-01-18T11:20:59.939+0000] {processor.py:830} INFO - Processing file /opt/airflow/dags/main.py for tasks to queue
[2026-01-18T11:20:59.940+0000] {logging_mixin.py:188} INFO - [2026-01-18T11:20:59.940+0000] {dagbag.py:545} INFO - Filling up the DagBag from /opt/airflow/dags/main.py
[2026-01-18T11:21:00.235+0000] {processor.py:840} INFO - DAG(s) 'produce_json' retrieved from /opt/airflow/dags/main.py
[2026-01-18T11:21:00.329+0000] {logging_mixin.py:188} INFO - [2026-01-18T11:21:00.329+0000] {dag.py:3096} INFO - Sync 1 DAGs
[2026-01-18T11:21:00.357+0000] {logging_mixin.py:188} INFO - [2026-01-18T11:21:00.357+0000] {dag.py:3954} INFO - Setting next_dagrun for produce_json to 2026-01-18 08:30:00+00:00, run_after=2026-01-19 08:30:00+00:00
[2026-01-18T11:21:00.484+0000] {processor.py:183} INFO - Processing /opt/airflow/dags/main.py took 0.557 seconds
[2026-01-18T11:21:31.279+0000] {processor.py:161} INFO - Started process (PID=101) to work on /opt/airflow/dags/main.py
[2026-01-18T11:21:31.281+0000] {processor.py:830} INFO - Processing file /opt/airflow/dags/main.py for tasks to queue
[2026-01-18T11:21:31.283+0000] {logging_mixin.py:188} INFO - [2026-01-18T11:21:31.282+0000] {dagbag.py:545} INFO - Filling up the DagBag from /opt/airflow/dags/main.py
[2026-01-18T11:21:31.621+0000] {processor.py:840} INFO - DAG(s) 'produce_json' retrieved from /opt/airflow/dags/main.py
[2026-01-18T11:21:31.763+0000] {logging_mixin.py:188} INFO - [2026-01-18T11:21:31.762+0000] {dag.py:3096} INFO - Sync 1 DAGs
[2026-01-18T11:21:31.917+0000] {logging_mixin.py:188} INFO - [2026-01-18T11:21:31.917+0000] {dag.py:3954} INFO - Setting next_dagrun for produce_json to 2026-01-18 08:30:00+00:00, run_after=2026-01-19 08:30:00+00:00
[2026-01-18T11:21:31.945+0000] {processor.py:183} INFO - Processing /opt/airflow/dags/main.py took 0.676 seconds
[2026-01-18T11:22:02.069+0000] {processor.py:161} INFO - Started process (PID=108) to work on /opt/airflow/dags/main.py
[2026-01-18T11:22:02.070+0000] {processor.py:830} INFO - Processing file /opt/airflow/dags/main.py for tasks to queue
[2026-01-18T11:22:02.072+0000] {logging_mixin.py:188} INFO - [2026-01-18T11:22:02.072+0000] {dagbag.py:545} INFO - Filling up the DagBag from /opt/airflow/dags/main.py
[2026-01-18T11:22:02.357+0000] {processor.py:840} INFO - DAG(s) 'produce_json' retrieved from /opt/airflow/dags/main.py
[2026-01-18T11:22:02.431+0000] {logging_mixin.py:188} INFO - [2026-01-18T11:22:02.430+0000] {dag.py:3096} INFO - Sync 1 DAGs
[2026-01-18T11:22:02.553+0000] {logging_mixin.py:188} INFO - [2026-01-18T11:22:02.553+0000] {dag.py:3954} INFO - Setting next_dagrun for produce_json to 2026-01-18 08:30:00+00:00, run_after=2026-01-19 08:30:00+00:00
[2026-01-18T11:22:02.633+0000] {processor.py:183} INFO - Processing /opt/airflow/dags/main.py took 0.572 seconds
[2026-01-18T11:22:11.442+0000] {processor.py:161} INFO - Started process (PID=109) to work on /opt/airflow/dags/main.py
[2026-01-18T11:22:11.443+0000] {processor.py:830} INFO - Processing file /opt/airflow/dags/main.py for tasks to queue
[2026-01-18T11:22:11.445+0000] {logging_mixin.py:188} INFO - [2026-01-18T11:22:11.444+0000] {dagbag.py:545} INFO - Filling up the DagBag from /opt/airflow/dags/main.py
[2026-01-18T11:22:11.642+0000] {processor.py:840} INFO - DAG(s) 'produce_json' retrieved from /opt/airflow/dags/main.py
[2026-01-18T11:22:11.748+0000] {logging_mixin.py:188} INFO - [2026-01-18T11:22:11.747+0000] {taskinstance.py:2907} ERROR - {'DAG Id': 'produce_json', 'Task Id': 'extract_video_data', 'Run Id': 'scheduled__2026-01-16T08:30:00+00:00', 'Hostname': '1e3428f43b29', 'External Executor Id': 'b0e9fdb2-8afa-48db-adf1-2f804cec3d9a'}
[2026-01-18T11:22:11.819+0000] {logging_mixin.py:188} INFO - [2026-01-18T11:22:11.819+0000] {taskinstance.py:1206} INFO - Marking task as FAILED. dag_id=produce_json, task_id=extract_video_data, run_id=scheduled__2026-01-16T08:30:00+00:00, execution_date=20260116T083000, start_date=20260118T111709, end_date=20260118T112211
[2026-01-18T11:22:11.868+0000] {processor.py:791} INFO - Executed failure callback for <TaskInstance: produce_json.extract_video_data scheduled__2026-01-16T08:30:00+00:00 [failed]> in state failed
[2026-01-18T11:22:11.891+0000] {logging_mixin.py:188} INFO - [2026-01-18T11:22:11.891+0000] {dag.py:3096} INFO - Sync 1 DAGs
[2026-01-18T11:22:11.986+0000] {logging_mixin.py:188} INFO - [2026-01-18T11:22:11.986+0000] {dag.py:3954} INFO - Setting next_dagrun for produce_json to 2026-01-18 08:30:00+00:00, run_after=2026-01-19 08:30:00+00:00
[2026-01-18T11:22:12.015+0000] {processor.py:183} INFO - Processing /opt/airflow/dags/main.py took 0.582 seconds
[2026-01-18T11:22:21.758+0000] {processor.py:161} INFO - Started process (PID=110) to work on /opt/airflow/dags/main.py
[2026-01-18T11:22:21.760+0000] {processor.py:830} INFO - Processing file /opt/airflow/dags/main.py for tasks to queue
[2026-01-18T11:22:21.762+0000] {logging_mixin.py:188} INFO - [2026-01-18T11:22:21.761+0000] {dagbag.py:545} INFO - Filling up the DagBag from /opt/airflow/dags/main.py
[2026-01-18T11:22:22.118+0000] {processor.py:840} INFO - DAG(s) 'produce_json' retrieved from /opt/airflow/dags/main.py
[2026-01-18T11:22:22.199+0000] {logging_mixin.py:188} INFO - [2026-01-18T11:22:22.199+0000] {taskinstance.py:2907} ERROR - {'DAG Id': 'produce_json', 'Task Id': 'extract_video_data', 'Run Id': 'scheduled__2026-01-17T08:30:00+00:00', 'Hostname': '1e3428f43b29', 'External Executor Id': '536cdd92-a3a7-4a7f-a8a1-a8ea038beeea'}
[2026-01-18T11:22:22.252+0000] {logging_mixin.py:188} INFO - [2026-01-18T11:22:22.252+0000] {taskinstance.py:1206} INFO - Marking task as FAILED. dag_id=produce_json, task_id=extract_video_data, run_id=scheduled__2026-01-17T08:30:00+00:00, execution_date=20260117T083000, start_date=20260118T111709, end_date=20260118T112222
[2026-01-18T11:22:22.264+0000] {processor.py:791} INFO - Executed failure callback for <TaskInstance: produce_json.extract_video_data scheduled__2026-01-17T08:30:00+00:00 [failed]> in state failed
[2026-01-18T11:22:22.267+0000] {logging_mixin.py:188} INFO - [2026-01-18T11:22:22.267+0000] {taskinstance.py:2907} ERROR - {'DAG Id': 'produce_json', 'Task Id': 'extract_video_data', 'Run Id': 'scheduled__2026-01-17T08:30:00+00:00', 'Hostname': '1e3428f43b29', 'External Executor Id': '536cdd92-a3a7-4a7f-a8a1-a8ea038beeea'}
[2026-01-18T11:22:22.277+0000] {logging_mixin.py:188} INFO - [2026-01-18T11:22:22.277+0000] {taskinstance.py:1206} INFO - Marking task as FAILED. dag_id=produce_json, task_id=extract_video_data, run_id=scheduled__2026-01-17T08:30:00+00:00, execution_date=20260117T083000, start_date=20260118T111709, end_date=20260118T112222
[2026-01-18T11:22:22.283+0000] {processor.py:791} INFO - Executed failure callback for <TaskInstance: produce_json.extract_video_data scheduled__2026-01-17T08:30:00+00:00 [failed]> in state failed
[2026-01-18T11:22:22.419+0000] {logging_mixin.py:188} INFO - [2026-01-18T11:22:22.418+0000] {dag.py:3096} INFO - Sync 1 DAGs
[2026-01-18T11:22:22.443+0000] {logging_mixin.py:188} INFO - [2026-01-18T11:22:22.442+0000] {dag.py:3954} INFO - Setting next_dagrun for produce_json to 2026-01-18 08:30:00+00:00, run_after=2026-01-19 08:30:00+00:00
[2026-01-18T11:22:22.480+0000] {processor.py:183} INFO - Processing /opt/airflow/dags/main.py took 0.753 seconds
[2026-01-18T11:22:54.155+0000] {processor.py:161} INFO - Started process (PID=118) to work on /opt/airflow/dags/main.py
[2026-01-18T11:22:54.157+0000] {processor.py:830} INFO - Processing file /opt/airflow/dags/main.py for tasks to queue
[2026-01-18T11:22:54.159+0000] {logging_mixin.py:188} INFO - [2026-01-18T11:22:54.158+0000] {dagbag.py:545} INFO - Filling up the DagBag from /opt/airflow/dags/main.py
[2026-01-18T11:22:54.305+0000] {processor.py:840} INFO - DAG(s) 'produce_json' retrieved from /opt/airflow/dags/main.py
[2026-01-18T11:22:54.337+0000] {logging_mixin.py:188} INFO - [2026-01-18T11:22:54.337+0000] {dag.py:3096} INFO - Sync 1 DAGs
[2026-01-18T11:22:54.365+0000] {logging_mixin.py:188} INFO - [2026-01-18T11:22:54.364+0000] {dag.py:3954} INFO - Setting next_dagrun for produce_json to 2026-01-18 08:30:00+00:00, run_after=2026-01-19 08:30:00+00:00
[2026-01-18T11:22:54.396+0000] {processor.py:183} INFO - Processing /opt/airflow/dags/main.py took 1.604 seconds
[2026-01-18T11:23:24.732+0000] {processor.py:161} INFO - Started process (PID=131) to work on /opt/airflow/dags/main.py
[2026-01-18T11:23:24.736+0000] {processor.py:830} INFO - Processing file /opt/airflow/dags/main.py for tasks to queue
[2026-01-18T11:23:24.737+0000] {logging_mixin.py:188} INFO - [2026-01-18T11:23:24.737+0000] {dagbag.py:545} INFO - Filling up the DagBag from /opt/airflow/dags/main.py
[2026-01-18T11:23:24.889+0000] {processor.py:840} INFO - DAG(s) 'produce_json' retrieved from /opt/airflow/dags/main.py
[2026-01-18T11:23:24.924+0000] {logging_mixin.py:188} INFO - [2026-01-18T11:23:24.923+0000] {dag.py:3096} INFO - Sync 1 DAGs
[2026-01-18T11:23:24.953+0000] {logging_mixin.py:188} INFO - [2026-01-18T11:23:24.953+0000] {dag.py:3954} INFO - Setting next_dagrun for produce_json to 2026-01-18 08:30:00+00:00, run_after=2026-01-19 08:30:00+00:00
[2026-01-18T11:23:24.981+0000] {processor.py:183} INFO - Processing /opt/airflow/dags/main.py took 0.258 seconds
[2026-01-18T11:23:55.398+0000] {processor.py:161} INFO - Started process (PID=138) to work on /opt/airflow/dags/main.py
[2026-01-18T11:23:55.400+0000] {processor.py:830} INFO - Processing file /opt/airflow/dags/main.py for tasks to queue
[2026-01-18T11:23:55.401+0000] {logging_mixin.py:188} INFO - [2026-01-18T11:23:55.401+0000] {dagbag.py:545} INFO - Filling up the DagBag from /opt/airflow/dags/main.py
[2026-01-18T11:23:55.537+0000] {processor.py:840} INFO - DAG(s) 'produce_json' retrieved from /opt/airflow/dags/main.py
[2026-01-18T11:23:55.569+0000] {logging_mixin.py:188} INFO - [2026-01-18T11:23:55.569+0000] {dag.py:3096} INFO - Sync 1 DAGs
[2026-01-18T11:23:55.595+0000] {logging_mixin.py:188} INFO - [2026-01-18T11:23:55.595+0000] {dag.py:3954} INFO - Setting next_dagrun for produce_json to 2026-01-18 08:30:00+00:00, run_after=2026-01-19 08:30:00+00:00
[2026-01-18T11:23:55.635+0000] {processor.py:183} INFO - Processing /opt/airflow/dags/main.py took 0.248 seconds
[2026-01-18T11:24:25.856+0000] {processor.py:161} INFO - Started process (PID=145) to work on /opt/airflow/dags/main.py
[2026-01-18T11:24:25.858+0000] {processor.py:830} INFO - Processing file /opt/airflow/dags/main.py for tasks to queue
[2026-01-18T11:24:25.859+0000] {logging_mixin.py:188} INFO - [2026-01-18T11:24:25.859+0000] {dagbag.py:545} INFO - Filling up the DagBag from /opt/airflow/dags/main.py
[2026-01-18T11:24:26.012+0000] {processor.py:840} INFO - DAG(s) 'produce_json' retrieved from /opt/airflow/dags/main.py
[2026-01-18T11:24:26.044+0000] {logging_mixin.py:188} INFO - [2026-01-18T11:24:26.044+0000] {dag.py:3096} INFO - Sync 1 DAGs
[2026-01-18T11:24:26.071+0000] {logging_mixin.py:188} INFO - [2026-01-18T11:24:26.071+0000] {dag.py:3954} INFO - Setting next_dagrun for produce_json to 2026-01-18 08:30:00+00:00, run_after=2026-01-19 08:30:00+00:00
[2026-01-18T11:24:26.098+0000] {processor.py:183} INFO - Processing /opt/airflow/dags/main.py took 0.251 seconds
[2026-01-18T11:24:56.196+0000] {processor.py:161} INFO - Started process (PID=152) to work on /opt/airflow/dags/main.py
[2026-01-18T11:24:56.209+0000] {processor.py:830} INFO - Processing file /opt/airflow/dags/main.py for tasks to queue
[2026-01-18T11:24:56.212+0000] {logging_mixin.py:188} INFO - [2026-01-18T11:24:56.211+0000] {dagbag.py:545} INFO - Filling up the DagBag from /opt/airflow/dags/main.py
[2026-01-18T11:24:56.429+0000] {processor.py:840} INFO - DAG(s) 'produce_json' retrieved from /opt/airflow/dags/main.py
[2026-01-18T11:24:56.489+0000] {logging_mixin.py:188} INFO - [2026-01-18T11:24:56.489+0000] {dag.py:3096} INFO - Sync 1 DAGs
[2026-01-18T11:24:56.529+0000] {logging_mixin.py:188} INFO - [2026-01-18T11:24:56.529+0000] {dag.py:3954} INFO - Setting next_dagrun for produce_json to 2026-01-18 08:30:00+00:00, run_after=2026-01-19 08:30:00+00:00
[2026-01-18T11:24:56.556+0000] {processor.py:183} INFO - Processing /opt/airflow/dags/main.py took 0.371 seconds
[2026-01-18T11:25:26.716+0000] {processor.py:161} INFO - Started process (PID=159) to work on /opt/airflow/dags/main.py
[2026-01-18T11:25:26.717+0000] {processor.py:830} INFO - Processing file /opt/airflow/dags/main.py for tasks to queue
[2026-01-18T11:25:26.719+0000] {logging_mixin.py:188} INFO - [2026-01-18T11:25:26.718+0000] {dagbag.py:545} INFO - Filling up the DagBag from /opt/airflow/dags/main.py
[2026-01-18T11:25:27.129+0000] {processor.py:840} INFO - DAG(s) 'produce_json' retrieved from /opt/airflow/dags/main.py
[2026-01-18T11:25:27.216+0000] {logging_mixin.py:188} INFO - [2026-01-18T11:25:27.216+0000] {dag.py:3096} INFO - Sync 1 DAGs
[2026-01-18T11:25:27.246+0000] {logging_mixin.py:188} INFO - [2026-01-18T11:25:27.246+0000] {dag.py:3954} INFO - Setting next_dagrun for produce_json to 2026-01-18 08:30:00+00:00, run_after=2026-01-19 08:30:00+00:00
[2026-01-18T11:25:27.358+0000] {processor.py:183} INFO - Processing /opt/airflow/dags/main.py took 0.652 seconds
[2026-01-18T11:25:57.615+0000] {processor.py:161} INFO - Started process (PID=166) to work on /opt/airflow/dags/main.py
[2026-01-18T11:25:57.617+0000] {processor.py:830} INFO - Processing file /opt/airflow/dags/main.py for tasks to queue
[2026-01-18T11:25:57.619+0000] {logging_mixin.py:188} INFO - [2026-01-18T11:25:57.618+0000] {dagbag.py:545} INFO - Filling up the DagBag from /opt/airflow/dags/main.py
[2026-01-18T11:25:57.754+0000] {processor.py:840} INFO - DAG(s) 'produce_json' retrieved from /opt/airflow/dags/main.py
[2026-01-18T11:25:57.792+0000] {logging_mixin.py:188} INFO - [2026-01-18T11:25:57.792+0000] {dag.py:3096} INFO - Sync 1 DAGs
[2026-01-18T11:25:57.821+0000] {logging_mixin.py:188} INFO - [2026-01-18T11:25:57.820+0000] {dag.py:3954} INFO - Setting next_dagrun for produce_json to 2026-01-18 08:30:00+00:00, run_after=2026-01-19 08:30:00+00:00
[2026-01-18T11:25:57.849+0000] {processor.py:183} INFO - Processing /opt/airflow/dags/main.py took 0.242 seconds
[2026-01-18T11:26:28.086+0000] {processor.py:161} INFO - Started process (PID=173) to work on /opt/airflow/dags/main.py
[2026-01-18T11:26:28.102+0000] {processor.py:830} INFO - Processing file /opt/airflow/dags/main.py for tasks to queue
[2026-01-18T11:26:28.108+0000] {logging_mixin.py:188} INFO - [2026-01-18T11:26:28.105+0000] {dagbag.py:545} INFO - Filling up the DagBag from /opt/airflow/dags/main.py
[2026-01-18T11:26:28.253+0000] {processor.py:840} INFO - DAG(s) 'produce_json' retrieved from /opt/airflow/dags/main.py
[2026-01-18T11:26:28.314+0000] {logging_mixin.py:188} INFO - [2026-01-18T11:26:28.314+0000] {dag.py:3096} INFO - Sync 1 DAGs
[2026-01-18T11:26:28.342+0000] {logging_mixin.py:188} INFO - [2026-01-18T11:26:28.342+0000] {dag.py:3954} INFO - Setting next_dagrun for produce_json to 2026-01-18 08:30:00+00:00, run_after=2026-01-19 08:30:00+00:00
[2026-01-18T11:26:28.370+0000] {processor.py:183} INFO - Processing /opt/airflow/dags/main.py took 0.321 seconds
[2026-01-18T11:26:58.638+0000] {processor.py:161} INFO - Started process (PID=180) to work on /opt/airflow/dags/main.py
[2026-01-18T11:26:58.640+0000] {processor.py:830} INFO - Processing file /opt/airflow/dags/main.py for tasks to queue
[2026-01-18T11:26:58.642+0000] {logging_mixin.py:188} INFO - [2026-01-18T11:26:58.641+0000] {dagbag.py:545} INFO - Filling up the DagBag from /opt/airflow/dags/main.py
[2026-01-18T11:26:58.771+0000] {processor.py:840} INFO - DAG(s) 'produce_json' retrieved from /opt/airflow/dags/main.py
[2026-01-18T11:26:58.804+0000] {logging_mixin.py:188} INFO - [2026-01-18T11:26:58.804+0000] {dag.py:3096} INFO - Sync 1 DAGs
[2026-01-18T11:26:58.832+0000] {logging_mixin.py:188} INFO - [2026-01-18T11:26:58.832+0000] {dag.py:3954} INFO - Setting next_dagrun for produce_json to 2026-01-18 08:30:00+00:00, run_after=2026-01-19 08:30:00+00:00
[2026-01-18T11:26:58.865+0000] {processor.py:183} INFO - Processing /opt/airflow/dags/main.py took 0.235 seconds
[2026-01-18T11:27:28.959+0000] {processor.py:161} INFO - Started process (PID=187) to work on /opt/airflow/dags/main.py
[2026-01-18T11:27:28.961+0000] {processor.py:830} INFO - Processing file /opt/airflow/dags/main.py for tasks to queue
[2026-01-18T11:27:28.962+0000] {logging_mixin.py:188} INFO - [2026-01-18T11:27:28.962+0000] {dagbag.py:545} INFO - Filling up the DagBag from /opt/airflow/dags/main.py
[2026-01-18T11:27:30.019+0000] {processor.py:840} INFO - DAG(s) 'produce_json' retrieved from /opt/airflow/dags/main.py
[2026-01-18T11:27:30.062+0000] {logging_mixin.py:188} INFO - [2026-01-18T11:27:30.062+0000] {dag.py:3096} INFO - Sync 1 DAGs
[2026-01-18T11:27:30.088+0000] {logging_mixin.py:188} INFO - [2026-01-18T11:27:30.088+0000] {dag.py:3954} INFO - Setting next_dagrun for produce_json to 2026-01-18 08:30:00+00:00, run_after=2026-01-19 08:30:00+00:00
[2026-01-18T11:27:30.120+0000] {processor.py:183} INFO - Processing /opt/airflow/dags/main.py took 1.175 seconds
[2026-01-18T11:28:00.329+0000] {processor.py:161} INFO - Started process (PID=194) to work on /opt/airflow/dags/main.py
[2026-01-18T11:28:00.331+0000] {processor.py:830} INFO - Processing file /opt/airflow/dags/main.py for tasks to queue
[2026-01-18T11:28:00.333+0000] {logging_mixin.py:188} INFO - [2026-01-18T11:28:00.332+0000] {dagbag.py:545} INFO - Filling up the DagBag from /opt/airflow/dags/main.py
[2026-01-18T11:28:00.514+0000] {processor.py:840} INFO - DAG(s) 'produce_json' retrieved from /opt/airflow/dags/main.py
[2026-01-18T11:28:00.550+0000] {logging_mixin.py:188} INFO - [2026-01-18T11:28:00.549+0000] {dag.py:3096} INFO - Sync 1 DAGs
[2026-01-18T11:28:00.580+0000] {logging_mixin.py:188} INFO - [2026-01-18T11:28:00.580+0000] {dag.py:3954} INFO - Setting next_dagrun for produce_json to 2026-01-18 08:30:00+00:00, run_after=2026-01-19 08:30:00+00:00
[2026-01-18T11:28:00.609+0000] {processor.py:183} INFO - Processing /opt/airflow/dags/main.py took 0.295 seconds
[2026-01-18T11:28:30.662+0000] {processor.py:161} INFO - Started process (PID=201) to work on /opt/airflow/dags/main.py
[2026-01-18T11:28:30.664+0000] {processor.py:830} INFO - Processing file /opt/airflow/dags/main.py for tasks to queue
[2026-01-18T11:28:30.666+0000] {logging_mixin.py:188} INFO - [2026-01-18T11:28:30.665+0000] {dagbag.py:545} INFO - Filling up the DagBag from /opt/airflow/dags/main.py
[2026-01-18T11:28:30.797+0000] {processor.py:840} INFO - DAG(s) 'produce_json' retrieved from /opt/airflow/dags/main.py
[2026-01-18T11:28:30.827+0000] {logging_mixin.py:188} INFO - [2026-01-18T11:28:30.826+0000] {dag.py:3096} INFO - Sync 1 DAGs
[2026-01-18T11:28:30.857+0000] {logging_mixin.py:188} INFO - [2026-01-18T11:28:30.856+0000] {dag.py:3954} INFO - Setting next_dagrun for produce_json to 2026-01-18 08:30:00+00:00, run_after=2026-01-19 08:30:00+00:00
[2026-01-18T11:28:30.886+0000] {processor.py:183} INFO - Processing /opt/airflow/dags/main.py took 0.234 seconds
[2026-01-18T11:29:01.261+0000] {processor.py:161} INFO - Started process (PID=208) to work on /opt/airflow/dags/main.py
[2026-01-18T11:29:01.262+0000] {processor.py:830} INFO - Processing file /opt/airflow/dags/main.py for tasks to queue
[2026-01-18T11:29:01.264+0000] {logging_mixin.py:188} INFO - [2026-01-18T11:29:01.263+0000] {dagbag.py:545} INFO - Filling up the DagBag from /opt/airflow/dags/main.py
[2026-01-18T11:29:01.469+0000] {processor.py:840} INFO - DAG(s) 'produce_json' retrieved from /opt/airflow/dags/main.py
[2026-01-18T11:29:01.510+0000] {logging_mixin.py:188} INFO - [2026-01-18T11:29:01.509+0000] {dag.py:3096} INFO - Sync 1 DAGs
[2026-01-18T11:29:01.541+0000] {logging_mixin.py:188} INFO - [2026-01-18T11:29:01.541+0000] {dag.py:3954} INFO - Setting next_dagrun for produce_json to 2026-01-18 08:30:00+00:00, run_after=2026-01-19 08:30:00+00:00
[2026-01-18T11:29:01.594+0000] {processor.py:183} INFO - Processing /opt/airflow/dags/main.py took 0.342 seconds
[2026-01-18T11:29:31.902+0000] {processor.py:161} INFO - Started process (PID=215) to work on /opt/airflow/dags/main.py
[2026-01-18T11:29:31.905+0000] {processor.py:830} INFO - Processing file /opt/airflow/dags/main.py for tasks to queue
[2026-01-18T11:29:31.906+0000] {logging_mixin.py:188} INFO - [2026-01-18T11:29:31.906+0000] {dagbag.py:545} INFO - Filling up the DagBag from /opt/airflow/dags/main.py
[2026-01-18T11:29:32.056+0000] {processor.py:840} INFO - DAG(s) 'produce_json' retrieved from /opt/airflow/dags/main.py
[2026-01-18T11:29:32.100+0000] {logging_mixin.py:188} INFO - [2026-01-18T11:29:32.100+0000] {dag.py:3096} INFO - Sync 1 DAGs
[2026-01-18T11:29:32.128+0000] {logging_mixin.py:188} INFO - [2026-01-18T11:29:32.128+0000] {dag.py:3954} INFO - Setting next_dagrun for produce_json to 2026-01-18 08:30:00+00:00, run_after=2026-01-19 08:30:00+00:00
[2026-01-18T11:29:32.154+0000] {processor.py:183} INFO - Processing /opt/airflow/dags/main.py took 0.263 seconds
[2026-01-18T11:31:32.647+0000] {processor.py:161} INFO - Started process (PID=61) to work on /opt/airflow/dags/main.py
[2026-01-18T11:31:32.655+0000] {processor.py:830} INFO - Processing file /opt/airflow/dags/main.py for tasks to queue
[2026-01-18T11:31:32.659+0000] {logging_mixin.py:188} INFO - [2026-01-18T11:31:32.658+0000] {dagbag.py:545} INFO - Filling up the DagBag from /opt/airflow/dags/main.py
[2026-01-18T11:31:33.324+0000] {processor.py:840} INFO - DAG(s) 'produce_json' retrieved from /opt/airflow/dags/main.py
[2026-01-18T11:31:34.238+0000] {logging_mixin.py:188} INFO - [2026-01-18T11:31:34.234+0000] {override.py:1829} INFO - Created Permission View: can read on DAG:produce_json
[2026-01-18T11:31:34.286+0000] {logging_mixin.py:188} INFO - [2026-01-18T11:31:34.285+0000] {override.py:1829} INFO - Created Permission View: can edit on DAG:produce_json
[2026-01-18T11:31:34.351+0000] {logging_mixin.py:188} INFO - [2026-01-18T11:31:34.350+0000] {override.py:1829} INFO - Created Permission View: can delete on DAG:produce_json
[2026-01-18T11:31:34.353+0000] {logging_mixin.py:188} INFO - [2026-01-18T11:31:34.353+0000] {dag.py:3096} INFO - Sync 1 DAGs
[2026-01-18T11:31:34.400+0000] {logging_mixin.py:188} INFO - [2026-01-18T11:31:34.399+0000] {dag.py:3118} INFO - Creating ORM DAG for produce_json
[2026-01-18T11:31:34.444+0000] {logging_mixin.py:188} INFO - [2026-01-18T11:31:34.443+0000] {dag.py:3954} INFO - Setting next_dagrun for produce_json to 2026-01-17 08:30:00+00:00, run_after=2026-01-18 08:30:00+00:00
[2026-01-18T11:31:34.509+0000] {processor.py:183} INFO - Processing /opt/airflow/dags/main.py took 1.873 seconds
[2026-01-18T11:32:07.188+0000] {processor.py:161} INFO - Started process (PID=74) to work on /opt/airflow/dags/main.py
[2026-01-18T11:32:07.342+0000] {processor.py:830} INFO - Processing file /opt/airflow/dags/main.py for tasks to queue
[2026-01-18T11:32:07.564+0000] {logging_mixin.py:188} INFO - [2026-01-18T11:32:07.488+0000] {dagbag.py:545} INFO - Filling up the DagBag from /opt/airflow/dags/main.py
[2026-01-18T11:32:10.388+0000] {processor.py:840} INFO - DAG(s) 'produce_json' retrieved from /opt/airflow/dags/main.py
[2026-01-18T11:32:10.833+0000] {logging_mixin.py:188} INFO - [2026-01-18T11:32:10.833+0000] {dag.py:3096} INFO - Sync 1 DAGs
[2026-01-18T11:32:11.127+0000] {logging_mixin.py:188} INFO - [2026-01-18T11:32:11.127+0000] {dag.py:3954} INFO - Setting next_dagrun for produce_json to 2026-01-17 08:30:00+00:00, run_after=2026-01-18 08:30:00+00:00
[2026-01-18T11:32:11.268+0000] {processor.py:183} INFO - Processing /opt/airflow/dags/main.py took 4.706 seconds
[2026-01-18T11:32:41.828+0000] {processor.py:161} INFO - Started process (PID=81) to work on /opt/airflow/dags/main.py
[2026-01-18T11:32:41.920+0000] {processor.py:830} INFO - Processing file /opt/airflow/dags/main.py for tasks to queue
[2026-01-18T11:32:41.923+0000] {logging_mixin.py:188} INFO - [2026-01-18T11:32:41.923+0000] {dagbag.py:545} INFO - Filling up the DagBag from /opt/airflow/dags/main.py
[2026-01-18T11:32:42.128+0000] {processor.py:840} INFO - DAG(s) 'produce_json' retrieved from /opt/airflow/dags/main.py
[2026-01-18T11:32:42.193+0000] {logging_mixin.py:188} INFO - [2026-01-18T11:32:42.192+0000] {dag.py:3096} INFO - Sync 1 DAGs
[2026-01-18T11:32:42.243+0000] {logging_mixin.py:188} INFO - [2026-01-18T11:32:42.243+0000] {dag.py:3954} INFO - Setting next_dagrun for produce_json to 2026-01-17 08:30:00+00:00, run_after=2026-01-18 08:30:00+00:00
[2026-01-18T11:32:42.284+0000] {processor.py:183} INFO - Processing /opt/airflow/dags/main.py took 0.465 seconds
[2026-01-18T11:33:12.840+0000] {processor.py:161} INFO - Started process (PID=89) to work on /opt/airflow/dags/main.py
[2026-01-18T11:33:12.948+0000] {processor.py:830} INFO - Processing file /opt/airflow/dags/main.py for tasks to queue
[2026-01-18T11:33:14.648+0000] {logging_mixin.py:188} INFO - [2026-01-18T11:33:13.047+0000] {dagbag.py:545} INFO - Filling up the DagBag from /opt/airflow/dags/main.py
[2026-01-18T11:33:18.439+0000] {processor.py:840} INFO - DAG(s) 'produce_json' retrieved from /opt/airflow/dags/main.py
[2026-01-18T11:33:19.005+0000] {logging_mixin.py:188} INFO - [2026-01-18T11:33:19.001+0000] {dag.py:3096} INFO - Sync 1 DAGs
[2026-01-18T11:33:19.579+0000] {logging_mixin.py:188} INFO - [2026-01-18T11:33:19.578+0000] {dag.py:3954} INFO - Setting next_dagrun for produce_json to 2026-01-17 08:30:00+00:00, run_after=2026-01-18 08:30:00+00:00
[2026-01-18T11:33:19.695+0000] {processor.py:183} INFO - Processing /opt/airflow/dags/main.py took 7.113 seconds
[2026-01-18T11:33:50.151+0000] {processor.py:161} INFO - Started process (PID=96) to work on /opt/airflow/dags/main.py
[2026-01-18T11:33:50.158+0000] {processor.py:830} INFO - Processing file /opt/airflow/dags/main.py for tasks to queue
[2026-01-18T11:33:50.183+0000] {logging_mixin.py:188} INFO - [2026-01-18T11:33:50.182+0000] {dagbag.py:545} INFO - Filling up the DagBag from /opt/airflow/dags/main.py
[2026-01-18T11:33:52.774+0000] {processor.py:840} INFO - DAG(s) 'produce_json' retrieved from /opt/airflow/dags/main.py
[2026-01-18T11:33:52.869+0000] {logging_mixin.py:188} INFO - [2026-01-18T11:33:52.869+0000] {dag.py:3096} INFO - Sync 1 DAGs
[2026-01-18T11:33:53.090+0000] {logging_mixin.py:188} INFO - [2026-01-18T11:33:53.090+0000] {dag.py:3954} INFO - Setting next_dagrun for produce_json to 2026-01-18 08:30:00+00:00, run_after=2026-01-19 08:30:00+00:00
[2026-01-18T11:33:53.172+0000] {processor.py:183} INFO - Processing /opt/airflow/dags/main.py took 3.094 seconds
[2026-01-18T11:34:23.407+0000] {processor.py:161} INFO - Started process (PID=103) to work on /opt/airflow/dags/main.py
[2026-01-18T11:34:23.511+0000] {processor.py:830} INFO - Processing file /opt/airflow/dags/main.py for tasks to queue
[2026-01-18T11:34:23.516+0000] {logging_mixin.py:188} INFO - [2026-01-18T11:34:23.515+0000] {dagbag.py:545} INFO - Filling up the DagBag from /opt/airflow/dags/main.py
[2026-01-18T11:34:23.985+0000] {processor.py:840} INFO - DAG(s) 'produce_json' retrieved from /opt/airflow/dags/main.py
[2026-01-18T11:34:24.024+0000] {logging_mixin.py:188} INFO - [2026-01-18T11:34:24.024+0000] {dag.py:3096} INFO - Sync 1 DAGs
[2026-01-18T11:34:24.081+0000] {logging_mixin.py:188} INFO - [2026-01-18T11:34:24.081+0000] {dag.py:3954} INFO - Setting next_dagrun for produce_json to 2026-01-18 08:30:00+00:00, run_after=2026-01-19 08:30:00+00:00
[2026-01-18T11:34:24.165+0000] {processor.py:183} INFO - Processing /opt/airflow/dags/main.py took 0.768 seconds
[2026-01-18T11:34:54.802+0000] {processor.py:161} INFO - Started process (PID=110) to work on /opt/airflow/dags/main.py
[2026-01-18T11:34:54.805+0000] {processor.py:830} INFO - Processing file /opt/airflow/dags/main.py for tasks to queue
[2026-01-18T11:34:54.814+0000] {logging_mixin.py:188} INFO - [2026-01-18T11:34:54.814+0000] {dagbag.py:545} INFO - Filling up the DagBag from /opt/airflow/dags/main.py
[2026-01-18T11:34:55.109+0000] {processor.py:840} INFO - DAG(s) 'produce_json' retrieved from /opt/airflow/dags/main.py
[2026-01-18T11:34:55.165+0000] {logging_mixin.py:188} INFO - [2026-01-18T11:34:55.165+0000] {dag.py:3096} INFO - Sync 1 DAGs
[2026-01-18T11:34:55.215+0000] {logging_mixin.py:188} INFO - [2026-01-18T11:34:55.214+0000] {dag.py:3954} INFO - Setting next_dagrun for produce_json to 2026-01-18 08:30:00+00:00, run_after=2026-01-19 08:30:00+00:00
[2026-01-18T11:34:55.260+0000] {processor.py:183} INFO - Processing /opt/airflow/dags/main.py took 0.507 seconds
[2026-01-18T11:35:25.626+0000] {processor.py:161} INFO - Started process (PID=117) to work on /opt/airflow/dags/main.py
[2026-01-18T11:35:25.627+0000] {processor.py:830} INFO - Processing file /opt/airflow/dags/main.py for tasks to queue
[2026-01-18T11:35:25.631+0000] {logging_mixin.py:188} INFO - [2026-01-18T11:35:25.631+0000] {dagbag.py:545} INFO - Filling up the DagBag from /opt/airflow/dags/main.py
[2026-01-18T11:35:25.759+0000] {processor.py:840} INFO - DAG(s) 'produce_json' retrieved from /opt/airflow/dags/main.py
[2026-01-18T11:35:25.789+0000] {logging_mixin.py:188} INFO - [2026-01-18T11:35:25.789+0000] {dag.py:3096} INFO - Sync 1 DAGs
[2026-01-18T11:35:25.820+0000] {logging_mixin.py:188} INFO - [2026-01-18T11:35:25.819+0000] {dag.py:3954} INFO - Setting next_dagrun for produce_json to 2026-01-18 08:30:00+00:00, run_after=2026-01-19 08:30:00+00:00
[2026-01-18T11:35:25.854+0000] {processor.py:183} INFO - Processing /opt/airflow/dags/main.py took 0.237 seconds
[2026-01-18T11:35:56.075+0000] {processor.py:161} INFO - Started process (PID=124) to work on /opt/airflow/dags/main.py
[2026-01-18T11:35:56.090+0000] {processor.py:830} INFO - Processing file /opt/airflow/dags/main.py for tasks to queue
[2026-01-18T11:35:56.094+0000] {logging_mixin.py:188} INFO - [2026-01-18T11:35:56.093+0000] {dagbag.py:545} INFO - Filling up the DagBag from /opt/airflow/dags/main.py
[2026-01-18T11:35:56.248+0000] {processor.py:840} INFO - DAG(s) 'produce_json' retrieved from /opt/airflow/dags/main.py
[2026-01-18T11:35:56.285+0000] {logging_mixin.py:188} INFO - [2026-01-18T11:35:56.285+0000] {dag.py:3096} INFO - Sync 1 DAGs
[2026-01-18T11:35:56.314+0000] {logging_mixin.py:188} INFO - [2026-01-18T11:35:56.314+0000] {dag.py:3954} INFO - Setting next_dagrun for produce_json to 2026-01-18 08:30:00+00:00, run_after=2026-01-19 08:30:00+00:00
[2026-01-18T11:35:56.340+0000] {processor.py:183} INFO - Processing /opt/airflow/dags/main.py took 0.274 seconds
[2026-01-18T11:36:26.559+0000] {processor.py:161} INFO - Started process (PID=131) to work on /opt/airflow/dags/main.py
[2026-01-18T11:36:26.561+0000] {processor.py:830} INFO - Processing file /opt/airflow/dags/main.py for tasks to queue
[2026-01-18T11:36:26.565+0000] {logging_mixin.py:188} INFO - [2026-01-18T11:36:26.564+0000] {dagbag.py:545} INFO - Filling up the DagBag from /opt/airflow/dags/main.py
[2026-01-18T11:36:26.723+0000] {processor.py:840} INFO - DAG(s) 'produce_json' retrieved from /opt/airflow/dags/main.py
[2026-01-18T11:36:26.758+0000] {logging_mixin.py:188} INFO - [2026-01-18T11:36:26.757+0000] {dag.py:3096} INFO - Sync 1 DAGs
[2026-01-18T11:36:26.784+0000] {logging_mixin.py:188} INFO - [2026-01-18T11:36:26.784+0000] {dag.py:3954} INFO - Setting next_dagrun for produce_json to 2026-01-18 08:30:00+00:00, run_after=2026-01-19 08:30:00+00:00
[2026-01-18T11:36:26.830+0000] {processor.py:183} INFO - Processing /opt/airflow/dags/main.py took 0.281 seconds
[2026-01-18T11:36:57.382+0000] {processor.py:161} INFO - Started process (PID=138) to work on /opt/airflow/dags/main.py
[2026-01-18T11:36:57.489+0000] {processor.py:830} INFO - Processing file /opt/airflow/dags/main.py for tasks to queue
[2026-01-18T11:36:57.492+0000] {logging_mixin.py:188} INFO - [2026-01-18T11:36:57.491+0000] {dagbag.py:545} INFO - Filling up the DagBag from /opt/airflow/dags/main.py
[2026-01-18T11:36:57.645+0000] {processor.py:840} INFO - DAG(s) 'produce_json' retrieved from /opt/airflow/dags/main.py
[2026-01-18T11:36:57.677+0000] {logging_mixin.py:188} INFO - [2026-01-18T11:36:57.677+0000] {dag.py:3096} INFO - Sync 1 DAGs
[2026-01-18T11:36:57.707+0000] {logging_mixin.py:188} INFO - [2026-01-18T11:36:57.707+0000] {dag.py:3954} INFO - Setting next_dagrun for produce_json to 2026-01-18 08:30:00+00:00, run_after=2026-01-19 08:30:00+00:00
[2026-01-18T11:36:57.746+0000] {processor.py:183} INFO - Processing /opt/airflow/dags/main.py took 0.389 seconds
[2026-01-18T11:37:28.097+0000] {processor.py:161} INFO - Started process (PID=145) to work on /opt/airflow/dags/main.py
[2026-01-18T11:37:28.099+0000] {processor.py:830} INFO - Processing file /opt/airflow/dags/main.py for tasks to queue
[2026-01-18T11:37:28.105+0000] {logging_mixin.py:188} INFO - [2026-01-18T11:37:28.103+0000] {dagbag.py:545} INFO - Filling up the DagBag from /opt/airflow/dags/main.py
[2026-01-18T11:37:28.310+0000] {processor.py:840} INFO - DAG(s) 'produce_json' retrieved from /opt/airflow/dags/main.py
[2026-01-18T11:37:28.365+0000] {logging_mixin.py:188} INFO - [2026-01-18T11:37:28.365+0000] {dag.py:3096} INFO - Sync 1 DAGs
[2026-01-18T11:37:28.414+0000] {logging_mixin.py:188} INFO - [2026-01-18T11:37:28.413+0000] {dag.py:3954} INFO - Setting next_dagrun for produce_json to 2026-01-18 08:30:00+00:00, run_after=2026-01-19 08:30:00+00:00
[2026-01-18T11:37:28.514+0000] {processor.py:183} INFO - Processing /opt/airflow/dags/main.py took 0.430 seconds
[2026-01-18T11:37:58.809+0000] {processor.py:161} INFO - Started process (PID=152) to work on /opt/airflow/dags/main.py
[2026-01-18T11:37:58.815+0000] {processor.py:830} INFO - Processing file /opt/airflow/dags/main.py for tasks to queue
[2026-01-18T11:37:58.820+0000] {logging_mixin.py:188} INFO - [2026-01-18T11:37:58.819+0000] {dagbag.py:545} INFO - Filling up the DagBag from /opt/airflow/dags/main.py
[2026-01-18T11:37:59.036+0000] {processor.py:840} INFO - DAG(s) 'produce_json' retrieved from /opt/airflow/dags/main.py
[2026-01-18T11:37:59.082+0000] {logging_mixin.py:188} INFO - [2026-01-18T11:37:59.081+0000] {dag.py:3096} INFO - Sync 1 DAGs
[2026-01-18T11:37:59.115+0000] {logging_mixin.py:188} INFO - [2026-01-18T11:37:59.115+0000] {dag.py:3954} INFO - Setting next_dagrun for produce_json to 2026-01-18 08:30:00+00:00, run_after=2026-01-19 08:30:00+00:00
[2026-01-18T11:37:59.156+0000] {processor.py:183} INFO - Processing /opt/airflow/dags/main.py took 0.364 seconds
[2026-01-18T11:38:29.472+0000] {processor.py:161} INFO - Started process (PID=159) to work on /opt/airflow/dags/main.py
[2026-01-18T11:38:29.473+0000] {processor.py:830} INFO - Processing file /opt/airflow/dags/main.py for tasks to queue
[2026-01-18T11:38:29.477+0000] {logging_mixin.py:188} INFO - [2026-01-18T11:38:29.476+0000] {dagbag.py:545} INFO - Filling up the DagBag from /opt/airflow/dags/main.py
[2026-01-18T11:38:29.602+0000] {processor.py:840} INFO - DAG(s) 'produce_json' retrieved from /opt/airflow/dags/main.py
[2026-01-18T11:38:29.632+0000] {logging_mixin.py:188} INFO - [2026-01-18T11:38:29.631+0000] {dag.py:3096} INFO - Sync 1 DAGs
[2026-01-18T11:38:29.657+0000] {logging_mixin.py:188} INFO - [2026-01-18T11:38:29.657+0000] {dag.py:3954} INFO - Setting next_dagrun for produce_json to 2026-01-18 08:30:00+00:00, run_after=2026-01-19 08:30:00+00:00
[2026-01-18T11:38:29.683+0000] {processor.py:183} INFO - Processing /opt/airflow/dags/main.py took 0.220 seconds
[2026-01-18T11:38:59.930+0000] {processor.py:161} INFO - Started process (PID=166) to work on /opt/airflow/dags/main.py
[2026-01-18T11:38:59.932+0000] {processor.py:830} INFO - Processing file /opt/airflow/dags/main.py for tasks to queue
[2026-01-18T11:38:59.936+0000] {logging_mixin.py:188} INFO - [2026-01-18T11:38:59.935+0000] {dagbag.py:545} INFO - Filling up the DagBag from /opt/airflow/dags/main.py
[2026-01-18T11:39:00.077+0000] {processor.py:840} INFO - DAG(s) 'produce_json' retrieved from /opt/airflow/dags/main.py
[2026-01-18T11:39:00.108+0000] {logging_mixin.py:188} INFO - [2026-01-18T11:39:00.108+0000] {dag.py:3096} INFO - Sync 1 DAGs
[2026-01-18T11:39:00.143+0000] {logging_mixin.py:188} INFO - [2026-01-18T11:39:00.143+0000] {dag.py:3954} INFO - Setting next_dagrun for produce_json to 2026-01-18 08:30:00+00:00, run_after=2026-01-19 08:30:00+00:00
[2026-01-18T11:39:00.172+0000] {processor.py:183} INFO - Processing /opt/airflow/dags/main.py took 0.252 seconds
[2026-01-18T11:39:30.482+0000] {processor.py:161} INFO - Started process (PID=173) to work on /opt/airflow/dags/main.py
[2026-01-18T11:39:30.484+0000] {processor.py:830} INFO - Processing file /opt/airflow/dags/main.py for tasks to queue
[2026-01-18T11:39:30.487+0000] {logging_mixin.py:188} INFO - [2026-01-18T11:39:30.487+0000] {dagbag.py:545} INFO - Filling up the DagBag from /opt/airflow/dags/main.py
[2026-01-18T11:39:30.618+0000] {processor.py:840} INFO - DAG(s) 'produce_json' retrieved from /opt/airflow/dags/main.py
[2026-01-18T11:39:30.645+0000] {logging_mixin.py:188} INFO - [2026-01-18T11:39:30.645+0000] {dag.py:3096} INFO - Sync 1 DAGs
[2026-01-18T11:39:30.671+0000] {logging_mixin.py:188} INFO - [2026-01-18T11:39:30.670+0000] {dag.py:3954} INFO - Setting next_dagrun for produce_json to 2026-01-18 08:30:00+00:00, run_after=2026-01-19 08:30:00+00:00
[2026-01-18T11:39:30.696+0000] {processor.py:183} INFO - Processing /opt/airflow/dags/main.py took 0.225 seconds
[2026-01-18T11:40:01.095+0000] {processor.py:161} INFO - Started process (PID=180) to work on /opt/airflow/dags/main.py
[2026-01-18T11:40:01.097+0000] {processor.py:830} INFO - Processing file /opt/airflow/dags/main.py for tasks to queue
[2026-01-18T11:40:01.100+0000] {logging_mixin.py:188} INFO - [2026-01-18T11:40:01.099+0000] {dagbag.py:545} INFO - Filling up the DagBag from /opt/airflow/dags/main.py
[2026-01-18T11:40:01.235+0000] {processor.py:840} INFO - DAG(s) 'produce_json' retrieved from /opt/airflow/dags/main.py
[2026-01-18T11:40:01.268+0000] {logging_mixin.py:188} INFO - [2026-01-18T11:40:01.268+0000] {dag.py:3096} INFO - Sync 1 DAGs
[2026-01-18T11:40:01.303+0000] {logging_mixin.py:188} INFO - [2026-01-18T11:40:01.302+0000] {dag.py:3954} INFO - Setting next_dagrun for produce_json to 2026-01-18 08:30:00+00:00, run_after=2026-01-19 08:30:00+00:00
[2026-01-18T11:40:01.330+0000] {processor.py:183} INFO - Processing /opt/airflow/dags/main.py took 0.243 seconds
[2026-01-18T11:40:31.591+0000] {processor.py:161} INFO - Started process (PID=187) to work on /opt/airflow/dags/main.py
[2026-01-18T11:40:31.593+0000] {processor.py:830} INFO - Processing file /opt/airflow/dags/main.py for tasks to queue
[2026-01-18T11:40:31.596+0000] {logging_mixin.py:188} INFO - [2026-01-18T11:40:31.595+0000] {dagbag.py:545} INFO - Filling up the DagBag from /opt/airflow/dags/main.py
[2026-01-18T11:40:31.731+0000] {processor.py:840} INFO - DAG(s) 'produce_json' retrieved from /opt/airflow/dags/main.py
[2026-01-18T11:40:31.766+0000] {logging_mixin.py:188} INFO - [2026-01-18T11:40:31.766+0000] {dag.py:3096} INFO - Sync 1 DAGs
[2026-01-18T11:40:31.794+0000] {logging_mixin.py:188} INFO - [2026-01-18T11:40:31.794+0000] {dag.py:3954} INFO - Setting next_dagrun for produce_json to 2026-01-18 08:30:00+00:00, run_after=2026-01-19 08:30:00+00:00
[2026-01-18T11:40:31.821+0000] {processor.py:183} INFO - Processing /opt/airflow/dags/main.py took 0.239 seconds
[2026-01-18T11:41:01.869+0000] {processor.py:161} INFO - Started process (PID=194) to work on /opt/airflow/dags/main.py
[2026-01-18T11:41:01.871+0000] {processor.py:830} INFO - Processing file /opt/airflow/dags/main.py for tasks to queue
[2026-01-18T11:41:01.874+0000] {logging_mixin.py:188} INFO - [2026-01-18T11:41:01.873+0000] {dagbag.py:545} INFO - Filling up the DagBag from /opt/airflow/dags/main.py
[2026-01-18T11:41:02.045+0000] {processor.py:840} INFO - DAG(s) 'produce_json' retrieved from /opt/airflow/dags/main.py
[2026-01-18T11:41:02.084+0000] {logging_mixin.py:188} INFO - [2026-01-18T11:41:02.084+0000] {dag.py:3096} INFO - Sync 1 DAGs
[2026-01-18T11:41:02.118+0000] {logging_mixin.py:188} INFO - [2026-01-18T11:41:02.118+0000] {dag.py:3954} INFO - Setting next_dagrun for produce_json to 2026-01-18 08:30:00+00:00, run_after=2026-01-19 08:30:00+00:00
[2026-01-18T11:41:02.148+0000] {processor.py:183} INFO - Processing /opt/airflow/dags/main.py took 0.288 seconds
[2026-01-18T11:41:32.444+0000] {processor.py:161} INFO - Started process (PID=201) to work on /opt/airflow/dags/main.py
[2026-01-18T11:41:32.446+0000] {processor.py:830} INFO - Processing file /opt/airflow/dags/main.py for tasks to queue
[2026-01-18T11:41:32.449+0000] {logging_mixin.py:188} INFO - [2026-01-18T11:41:32.448+0000] {dagbag.py:545} INFO - Filling up the DagBag from /opt/airflow/dags/main.py
[2026-01-18T11:41:32.576+0000] {processor.py:840} INFO - DAG(s) 'produce_json' retrieved from /opt/airflow/dags/main.py
[2026-01-18T11:41:32.605+0000] {logging_mixin.py:188} INFO - [2026-01-18T11:41:32.605+0000] {dag.py:3096} INFO - Sync 1 DAGs
[2026-01-18T11:41:32.630+0000] {logging_mixin.py:188} INFO - [2026-01-18T11:41:32.630+0000] {dag.py:3954} INFO - Setting next_dagrun for produce_json to 2026-01-18 08:30:00+00:00, run_after=2026-01-19 08:30:00+00:00
[2026-01-18T11:41:32.660+0000] {processor.py:183} INFO - Processing /opt/airflow/dags/main.py took 0.224 seconds
[2026-01-18T11:42:03.249+0000] {processor.py:161} INFO - Started process (PID=208) to work on /opt/airflow/dags/main.py
[2026-01-18T11:42:03.250+0000] {processor.py:830} INFO - Processing file /opt/airflow/dags/main.py for tasks to queue
[2026-01-18T11:42:03.256+0000] {logging_mixin.py:188} INFO - [2026-01-18T11:42:03.255+0000] {dagbag.py:545} INFO - Filling up the DagBag from /opt/airflow/dags/main.py
[2026-01-18T11:42:03.412+0000] {processor.py:840} INFO - DAG(s) 'produce_json' retrieved from /opt/airflow/dags/main.py
[2026-01-18T11:42:03.443+0000] {logging_mixin.py:188} INFO - [2026-01-18T11:42:03.442+0000] {dag.py:3096} INFO - Sync 1 DAGs
[2026-01-18T11:42:03.470+0000] {logging_mixin.py:188} INFO - [2026-01-18T11:42:03.470+0000] {dag.py:3954} INFO - Setting next_dagrun for produce_json to 2026-01-18 08:30:00+00:00, run_after=2026-01-19 08:30:00+00:00
[2026-01-18T11:42:03.498+0000] {processor.py:183} INFO - Processing /opt/airflow/dags/main.py took 0.260 seconds
[2026-01-18T11:42:33.576+0000] {processor.py:161} INFO - Started process (PID=215) to work on /opt/airflow/dags/main.py
[2026-01-18T11:42:33.578+0000] {processor.py:830} INFO - Processing file /opt/airflow/dags/main.py for tasks to queue
[2026-01-18T11:42:33.581+0000] {logging_mixin.py:188} INFO - [2026-01-18T11:42:33.581+0000] {dagbag.py:545} INFO - Filling up the DagBag from /opt/airflow/dags/main.py
[2026-01-18T11:42:33.722+0000] {processor.py:840} INFO - DAG(s) 'produce_json' retrieved from /opt/airflow/dags/main.py
[2026-01-18T11:42:33.752+0000] {logging_mixin.py:188} INFO - [2026-01-18T11:42:33.751+0000] {dag.py:3096} INFO - Sync 1 DAGs
[2026-01-18T11:42:33.777+0000] {logging_mixin.py:188} INFO - [2026-01-18T11:42:33.777+0000] {dag.py:3954} INFO - Setting next_dagrun for produce_json to 2026-01-18 08:30:00+00:00, run_after=2026-01-19 08:30:00+00:00
[2026-01-18T11:42:33.807+0000] {processor.py:183} INFO - Processing /opt/airflow/dags/main.py took 0.245 seconds
[2026-01-18T11:43:04.192+0000] {processor.py:161} INFO - Started process (PID=222) to work on /opt/airflow/dags/main.py
[2026-01-18T11:43:04.194+0000] {processor.py:830} INFO - Processing file /opt/airflow/dags/main.py for tasks to queue
[2026-01-18T11:43:04.196+0000] {logging_mixin.py:188} INFO - [2026-01-18T11:43:04.196+0000] {dagbag.py:545} INFO - Filling up the DagBag from /opt/airflow/dags/main.py
[2026-01-18T11:43:04.333+0000] {processor.py:840} INFO - DAG(s) 'produce_json' retrieved from /opt/airflow/dags/main.py
[2026-01-18T11:43:04.363+0000] {logging_mixin.py:188} INFO - [2026-01-18T11:43:04.362+0000] {dag.py:3096} INFO - Sync 1 DAGs
[2026-01-18T11:43:04.391+0000] {logging_mixin.py:188} INFO - [2026-01-18T11:43:04.391+0000] {dag.py:3954} INFO - Setting next_dagrun for produce_json to 2026-01-18 08:30:00+00:00, run_after=2026-01-19 08:30:00+00:00
[2026-01-18T11:43:04.420+0000] {processor.py:183} INFO - Processing /opt/airflow/dags/main.py took 0.236 seconds
[2026-01-18T11:43:34.538+0000] {processor.py:161} INFO - Started process (PID=229) to work on /opt/airflow/dags/main.py
[2026-01-18T11:43:34.539+0000] {processor.py:830} INFO - Processing file /opt/airflow/dags/main.py for tasks to queue
[2026-01-18T11:43:34.542+0000] {logging_mixin.py:188} INFO - [2026-01-18T11:43:34.542+0000] {dagbag.py:545} INFO - Filling up the DagBag from /opt/airflow/dags/main.py
[2026-01-18T11:43:34.683+0000] {processor.py:840} INFO - DAG(s) 'produce_json' retrieved from /opt/airflow/dags/main.py
[2026-01-18T11:43:34.719+0000] {logging_mixin.py:188} INFO - [2026-01-18T11:43:34.718+0000] {dag.py:3096} INFO - Sync 1 DAGs
[2026-01-18T11:43:34.762+0000] {logging_mixin.py:188} INFO - [2026-01-18T11:43:34.762+0000] {dag.py:3954} INFO - Setting next_dagrun for produce_json to 2026-01-18 08:30:00+00:00, run_after=2026-01-19 08:30:00+00:00
[2026-01-18T11:43:34.798+0000] {processor.py:183} INFO - Processing /opt/airflow/dags/main.py took 0.269 seconds
[2026-01-18T11:44:05.121+0000] {processor.py:161} INFO - Started process (PID=236) to work on /opt/airflow/dags/main.py
[2026-01-18T11:44:05.122+0000] {processor.py:830} INFO - Processing file /opt/airflow/dags/main.py for tasks to queue
[2026-01-18T11:44:05.125+0000] {logging_mixin.py:188} INFO - [2026-01-18T11:44:05.125+0000] {dagbag.py:545} INFO - Filling up the DagBag from /opt/airflow/dags/main.py
[2026-01-18T11:44:05.249+0000] {processor.py:840} INFO - DAG(s) 'produce_json' retrieved from /opt/airflow/dags/main.py
[2026-01-18T11:44:05.277+0000] {logging_mixin.py:188} INFO - [2026-01-18T11:44:05.277+0000] {dag.py:3096} INFO - Sync 1 DAGs
[2026-01-18T11:44:05.303+0000] {logging_mixin.py:188} INFO - [2026-01-18T11:44:05.302+0000] {dag.py:3954} INFO - Setting next_dagrun for produce_json to 2026-01-18 08:30:00+00:00, run_after=2026-01-19 08:30:00+00:00
[2026-01-18T11:44:05.330+0000] {processor.py:183} INFO - Processing /opt/airflow/dags/main.py took 0.218 seconds
[2026-01-18T11:44:35.491+0000] {processor.py:161} INFO - Started process (PID=243) to work on /opt/airflow/dags/main.py
[2026-01-18T11:44:35.494+0000] {processor.py:830} INFO - Processing file /opt/airflow/dags/main.py for tasks to queue
[2026-01-18T11:44:35.497+0000] {logging_mixin.py:188} INFO - [2026-01-18T11:44:35.497+0000] {dagbag.py:545} INFO - Filling up the DagBag from /opt/airflow/dags/main.py
[2026-01-18T11:44:35.762+0000] {processor.py:840} INFO - DAG(s) 'produce_json' retrieved from /opt/airflow/dags/main.py
[2026-01-18T11:44:35.826+0000] {logging_mixin.py:188} INFO - [2026-01-18T11:44:35.826+0000] {dag.py:3096} INFO - Sync 1 DAGs
[2026-01-18T11:44:35.857+0000] {logging_mixin.py:188} INFO - [2026-01-18T11:44:35.857+0000] {dag.py:3954} INFO - Setting next_dagrun for produce_json to 2026-01-18 08:30:00+00:00, run_after=2026-01-19 08:30:00+00:00
[2026-01-18T11:44:35.896+0000] {processor.py:183} INFO - Processing /opt/airflow/dags/main.py took 0.416 seconds
[2026-01-18T11:45:06.088+0000] {processor.py:161} INFO - Started process (PID=250) to work on /opt/airflow/dags/main.py
[2026-01-18T11:45:06.090+0000] {processor.py:830} INFO - Processing file /opt/airflow/dags/main.py for tasks to queue
[2026-01-18T11:45:06.094+0000] {logging_mixin.py:188} INFO - [2026-01-18T11:45:06.093+0000] {dagbag.py:545} INFO - Filling up the DagBag from /opt/airflow/dags/main.py
[2026-01-18T11:45:06.264+0000] {processor.py:840} INFO - DAG(s) 'produce_json' retrieved from /opt/airflow/dags/main.py
[2026-01-18T11:45:06.291+0000] {logging_mixin.py:188} INFO - [2026-01-18T11:45:06.291+0000] {dag.py:3096} INFO - Sync 1 DAGs
[2026-01-18T11:45:06.318+0000] {logging_mixin.py:188} INFO - [2026-01-18T11:45:06.318+0000] {dag.py:3954} INFO - Setting next_dagrun for produce_json to 2026-01-18 08:30:00+00:00, run_after=2026-01-19 08:30:00+00:00
[2026-01-18T11:45:06.353+0000] {processor.py:183} INFO - Processing /opt/airflow/dags/main.py took 0.283 seconds
[2026-01-18T11:45:36.538+0000] {processor.py:161} INFO - Started process (PID=257) to work on /opt/airflow/dags/main.py
[2026-01-18T11:45:36.540+0000] {processor.py:830} INFO - Processing file /opt/airflow/dags/main.py for tasks to queue
[2026-01-18T11:45:36.543+0000] {logging_mixin.py:188} INFO - [2026-01-18T11:45:36.542+0000] {dagbag.py:545} INFO - Filling up the DagBag from /opt/airflow/dags/main.py
[2026-01-18T11:45:36.692+0000] {processor.py:840} INFO - DAG(s) 'produce_json' retrieved from /opt/airflow/dags/main.py
[2026-01-18T11:45:36.719+0000] {logging_mixin.py:188} INFO - [2026-01-18T11:45:36.719+0000] {dag.py:3096} INFO - Sync 1 DAGs
[2026-01-18T11:45:36.745+0000] {logging_mixin.py:188} INFO - [2026-01-18T11:45:36.745+0000] {dag.py:3954} INFO - Setting next_dagrun for produce_json to 2026-01-18 08:30:00+00:00, run_after=2026-01-19 08:30:00+00:00
[2026-01-18T11:45:36.817+0000] {processor.py:183} INFO - Processing /opt/airflow/dags/main.py took 0.288 seconds
[2026-01-18T11:46:06.967+0000] {processor.py:161} INFO - Started process (PID=264) to work on /opt/airflow/dags/main.py
[2026-01-18T11:46:06.968+0000] {processor.py:830} INFO - Processing file /opt/airflow/dags/main.py for tasks to queue
[2026-01-18T11:46:06.972+0000] {logging_mixin.py:188} INFO - [2026-01-18T11:46:06.971+0000] {dagbag.py:545} INFO - Filling up the DagBag from /opt/airflow/dags/main.py
[2026-01-18T11:46:07.113+0000] {processor.py:840} INFO - DAG(s) 'produce_json' retrieved from /opt/airflow/dags/main.py
[2026-01-18T11:46:07.141+0000] {logging_mixin.py:188} INFO - [2026-01-18T11:46:07.141+0000] {dag.py:3096} INFO - Sync 1 DAGs
[2026-01-18T11:46:07.170+0000] {logging_mixin.py:188} INFO - [2026-01-18T11:46:07.170+0000] {dag.py:3954} INFO - Setting next_dagrun for produce_json to 2026-01-18 08:30:00+00:00, run_after=2026-01-19 08:30:00+00:00
[2026-01-18T11:46:07.200+0000] {processor.py:183} INFO - Processing /opt/airflow/dags/main.py took 0.241 seconds
[2026-01-18T11:46:37.603+0000] {processor.py:161} INFO - Started process (PID=271) to work on /opt/airflow/dags/main.py
[2026-01-18T11:46:37.604+0000] {processor.py:830} INFO - Processing file /opt/airflow/dags/main.py for tasks to queue
[2026-01-18T11:46:37.612+0000] {logging_mixin.py:188} INFO - [2026-01-18T11:46:37.610+0000] {dagbag.py:545} INFO - Filling up the DagBag from /opt/airflow/dags/main.py
[2026-01-18T11:46:37.787+0000] {processor.py:840} INFO - DAG(s) 'produce_json' retrieved from /opt/airflow/dags/main.py
[2026-01-18T11:46:37.824+0000] {logging_mixin.py:188} INFO - [2026-01-18T11:46:37.824+0000] {dag.py:3096} INFO - Sync 1 DAGs
[2026-01-18T11:46:37.850+0000] {logging_mixin.py:188} INFO - [2026-01-18T11:46:37.849+0000] {dag.py:3954} INFO - Setting next_dagrun for produce_json to 2026-01-18 08:30:00+00:00, run_after=2026-01-19 08:30:00+00:00
[2026-01-18T11:46:37.875+0000] {processor.py:183} INFO - Processing /opt/airflow/dags/main.py took 0.280 seconds
[2026-01-18T11:47:08.189+0000] {processor.py:161} INFO - Started process (PID=278) to work on /opt/airflow/dags/main.py
[2026-01-18T11:47:08.191+0000] {processor.py:830} INFO - Processing file /opt/airflow/dags/main.py for tasks to queue
[2026-01-18T11:47:08.195+0000] {logging_mixin.py:188} INFO - [2026-01-18T11:47:08.194+0000] {dagbag.py:545} INFO - Filling up the DagBag from /opt/airflow/dags/main.py
[2026-01-18T11:47:08.353+0000] {processor.py:840} INFO - DAG(s) 'produce_json' retrieved from /opt/airflow/dags/main.py
[2026-01-18T11:47:08.422+0000] {logging_mixin.py:188} INFO - [2026-01-18T11:47:08.421+0000] {dag.py:3096} INFO - Sync 1 DAGs
[2026-01-18T11:47:08.478+0000] {logging_mixin.py:188} INFO - [2026-01-18T11:47:08.477+0000] {dag.py:3954} INFO - Setting next_dagrun for produce_json to 2026-01-18 08:30:00+00:00, run_after=2026-01-19 08:30:00+00:00
[2026-01-18T11:47:08.529+0000] {processor.py:183} INFO - Processing /opt/airflow/dags/main.py took 0.357 seconds
[2026-01-18T11:47:38.850+0000] {processor.py:161} INFO - Started process (PID=285) to work on /opt/airflow/dags/main.py
[2026-01-18T11:47:38.851+0000] {processor.py:830} INFO - Processing file /opt/airflow/dags/main.py for tasks to queue
[2026-01-18T11:47:38.854+0000] {logging_mixin.py:188} INFO - [2026-01-18T11:47:38.854+0000] {dagbag.py:545} INFO - Filling up the DagBag from /opt/airflow/dags/main.py
[2026-01-18T11:47:38.985+0000] {processor.py:840} INFO - DAG(s) 'produce_json' retrieved from /opt/airflow/dags/main.py
[2026-01-18T11:47:39.014+0000] {logging_mixin.py:188} INFO - [2026-01-18T11:47:39.014+0000] {dag.py:3096} INFO - Sync 1 DAGs
[2026-01-18T11:47:39.038+0000] {logging_mixin.py:188} INFO - [2026-01-18T11:47:39.038+0000] {dag.py:3954} INFO - Setting next_dagrun for produce_json to 2026-01-18 08:30:00+00:00, run_after=2026-01-19 08:30:00+00:00
[2026-01-18T11:47:39.063+0000] {processor.py:183} INFO - Processing /opt/airflow/dags/main.py took 0.222 seconds
[2026-01-18T11:48:09.147+0000] {processor.py:161} INFO - Started process (PID=292) to work on /opt/airflow/dags/main.py
[2026-01-18T11:48:09.149+0000] {processor.py:830} INFO - Processing file /opt/airflow/dags/main.py for tasks to queue
[2026-01-18T11:48:09.152+0000] {logging_mixin.py:188} INFO - [2026-01-18T11:48:09.152+0000] {dagbag.py:545} INFO - Filling up the DagBag from /opt/airflow/dags/main.py
[2026-01-18T11:48:09.291+0000] {processor.py:840} INFO - DAG(s) 'produce_json' retrieved from /opt/airflow/dags/main.py
[2026-01-18T11:48:09.323+0000] {logging_mixin.py:188} INFO - [2026-01-18T11:48:09.323+0000] {dag.py:3096} INFO - Sync 1 DAGs
[2026-01-18T11:48:09.349+0000] {logging_mixin.py:188} INFO - [2026-01-18T11:48:09.349+0000] {dag.py:3954} INFO - Setting next_dagrun for produce_json to 2026-01-18 08:30:00+00:00, run_after=2026-01-19 08:30:00+00:00
[2026-01-18T11:48:09.381+0000] {processor.py:183} INFO - Processing /opt/airflow/dags/main.py took 0.244 seconds
[2026-01-18T11:48:39.622+0000] {processor.py:161} INFO - Started process (PID=299) to work on /opt/airflow/dags/main.py
[2026-01-18T11:48:39.624+0000] {processor.py:830} INFO - Processing file /opt/airflow/dags/main.py for tasks to queue
[2026-01-18T11:48:39.626+0000] {logging_mixin.py:188} INFO - [2026-01-18T11:48:39.626+0000] {dagbag.py:545} INFO - Filling up the DagBag from /opt/airflow/dags/main.py
[2026-01-18T11:48:39.783+0000] {processor.py:840} INFO - DAG(s) 'produce_json' retrieved from /opt/airflow/dags/main.py
[2026-01-18T11:48:39.816+0000] {logging_mixin.py:188} INFO - [2026-01-18T11:48:39.816+0000] {dag.py:3096} INFO - Sync 1 DAGs
[2026-01-18T11:48:39.847+0000] {logging_mixin.py:188} INFO - [2026-01-18T11:48:39.846+0000] {dag.py:3954} INFO - Setting next_dagrun for produce_json to 2026-01-18 08:30:00+00:00, run_after=2026-01-19 08:30:00+00:00
[2026-01-18T11:48:39.877+0000] {processor.py:183} INFO - Processing /opt/airflow/dags/main.py took 0.264 seconds
[2026-01-18T11:49:09.969+0000] {processor.py:161} INFO - Started process (PID=306) to work on /opt/airflow/dags/main.py
[2026-01-18T11:49:09.970+0000] {processor.py:830} INFO - Processing file /opt/airflow/dags/main.py for tasks to queue
[2026-01-18T11:49:09.973+0000] {logging_mixin.py:188} INFO - [2026-01-18T11:49:09.973+0000] {dagbag.py:545} INFO - Filling up the DagBag from /opt/airflow/dags/main.py
[2026-01-18T11:49:10.099+0000] {processor.py:840} INFO - DAG(s) 'produce_json' retrieved from /opt/airflow/dags/main.py
[2026-01-18T11:49:10.127+0000] {logging_mixin.py:188} INFO - [2026-01-18T11:49:10.127+0000] {dag.py:3096} INFO - Sync 1 DAGs
[2026-01-18T11:49:10.153+0000] {logging_mixin.py:188} INFO - [2026-01-18T11:49:10.153+0000] {dag.py:3954} INFO - Setting next_dagrun for produce_json to 2026-01-18 08:30:00+00:00, run_after=2026-01-19 08:30:00+00:00
[2026-01-18T11:49:10.178+0000] {processor.py:183} INFO - Processing /opt/airflow/dags/main.py took 0.218 seconds
[2026-01-18T11:49:40.443+0000] {processor.py:161} INFO - Started process (PID=313) to work on /opt/airflow/dags/main.py
[2026-01-18T11:49:40.445+0000] {processor.py:830} INFO - Processing file /opt/airflow/dags/main.py for tasks to queue
[2026-01-18T11:49:40.448+0000] {logging_mixin.py:188} INFO - [2026-01-18T11:49:40.447+0000] {dagbag.py:545} INFO - Filling up the DagBag from /opt/airflow/dags/main.py
[2026-01-18T11:49:40.593+0000] {processor.py:840} INFO - DAG(s) 'produce_json' retrieved from /opt/airflow/dags/main.py
[2026-01-18T11:49:40.626+0000] {logging_mixin.py:188} INFO - [2026-01-18T11:49:40.626+0000] {dag.py:3096} INFO - Sync 1 DAGs
[2026-01-18T11:49:40.651+0000] {logging_mixin.py:188} INFO - [2026-01-18T11:49:40.651+0000] {dag.py:3954} INFO - Setting next_dagrun for produce_json to 2026-01-18 08:30:00+00:00, run_after=2026-01-19 08:30:00+00:00
[2026-01-18T11:49:40.677+0000] {processor.py:183} INFO - Processing /opt/airflow/dags/main.py took 0.243 seconds
