[2026-01-11T13:17:28.041+0000] {local_task_job_runner.py:120} INFO - ::group::Pre task execution logs
[2026-01-11T13:17:28.079+0000] {taskinstance.py:2076} INFO - Dependencies all met for dep_context=non-requeueable deps ti=<TaskInstance: update_db.staging_table manual__2026-01-11T13:17:26.371346+00:00 [queued]>
[2026-01-11T13:17:28.088+0000] {taskinstance.py:2076} INFO - Dependencies all met for dep_context=requeueable deps ti=<TaskInstance: update_db.staging_table manual__2026-01-11T13:17:26.371346+00:00 [queued]>
[2026-01-11T13:17:28.089+0000] {taskinstance.py:2306} INFO - Starting attempt 1 of 1
[2026-01-11T13:17:28.107+0000] {taskinstance.py:2330} INFO - Executing <Task(_PythonDecoratedOperator): staging_table> on 2026-01-11 13:17:26.371346+00:00
[2026-01-11T13:17:28.113+0000] {standard_task_runner.py:63} INFO - Started process 368 to run task
[2026-01-11T13:17:28.119+0000] {standard_task_runner.py:90} INFO - Running: ['airflow', 'tasks', 'run', 'update_db', 'staging_table', 'manual__2026-01-11T13:17:26.371346+00:00', '--job-id', '84', '--raw', '--subdir', 'DAGS_FOLDER/main.py', '--cfg-path', '/tmp/tmpwvgzhejl']
[2026-01-11T13:17:28.121+0000] {standard_task_runner.py:91} INFO - Job 84: Subtask staging_table
[2026-01-11T13:17:28.204+0000] {task_command.py:426} INFO - Running <TaskInstance: update_db.staging_table manual__2026-01-11T13:17:26.371346+00:00 [running]> on host b01b5f90bb7d
[2026-01-11T13:17:28.293+0000] {taskinstance.py:2648} INFO - Exporting env vars: AIRFLOW_CTX_DAG_EMAIL='data@engineers.com' AIRFLOW_CTX_DAG_OWNER='dataengineers' AIRFLOW_CTX_DAG_ID='update_db' AIRFLOW_CTX_TASK_ID='staging_table' AIRFLOW_CTX_EXECUTION_DATE='2026-01-11T13:17:26.371346+00:00' AIRFLOW_CTX_TRY_NUMBER='1' AIRFLOW_CTX_DAG_RUN_ID='manual__2026-01-11T13:17:26.371346+00:00'
[2026-01-11T13:17:28.294+0000] {taskinstance.py:430} INFO - ::endgroup::
[2026-01-11T13:17:28.304+0000] {base.py:84} INFO - Using connection ID 'postgres_db_yt_elt' for task execution.
[2026-01-11T13:17:28.310+0000] {data_loading.py:11} INFO - Processing file: Youtube_data_2026-01-11.json
[2026-01-11T13:17:28.317+0000] {base.py:84} INFO - Using connection ID 'postgres_db_yt_elt' for task execution.
[2026-01-11T13:17:28.378+0000] {base.py:84} INFO - Using connection ID 'postgres_db_yt_elt' for task execution.
[2026-01-11T13:17:28.503+0000] {dwh.py:43} ERROR - An error occured during the update of staging table: column "video_id" does not exist
LINE 1: SELECT Video_ID from staging.yt_api;
               ^
HINT:  Perhaps you meant to reference the column "yt_api.Video_ID".

[2026-01-11T13:17:28.504+0000] {taskinstance.py:441} INFO - ::group::Post task execution logs
[2026-01-11T13:17:28.505+0000] {taskinstance.py:2905} ERROR - Task failed with exception
Traceback (most recent call last):
  File "/home/airflow/.local/lib/python3.10/site-packages/airflow/models/taskinstance.py", line 465, in _execute_task
    result = _execute_callable(context=context, **execute_callable_kwargs)
  File "/home/airflow/.local/lib/python3.10/site-packages/airflow/models/taskinstance.py", line 432, in _execute_callable
    return execute_callable(context=context, **execute_callable_kwargs)
  File "/home/airflow/.local/lib/python3.10/site-packages/airflow/models/baseoperator.py", line 401, in wrapper
    return func(self, *args, **kwargs)
  File "/home/airflow/.local/lib/python3.10/site-packages/airflow/decorators/base.py", line 265, in execute
    return_value = super().execute(context)
  File "/home/airflow/.local/lib/python3.10/site-packages/airflow/models/baseoperator.py", line 401, in wrapper
    return func(self, *args, **kwargs)
  File "/home/airflow/.local/lib/python3.10/site-packages/airflow/operators/python.py", line 235, in execute
    return_value = self.execute_callable()
  File "/home/airflow/.local/lib/python3.10/site-packages/airflow/operators/python.py", line 252, in execute_callable
    return self.python_callable(*self.op_args, **self.op_kwargs)
  File "/opt/airflow/dags/datawarehouse/dwh.py", line 44, in staging_table
    raise e
  File "/opt/airflow/dags/datawarehouse/dwh.py", line 22, in staging_table
    table_ids = get_video_ids(cur,schema)
  File "/opt/airflow/dags/datawarehouse/data_utils.py", line 53, in get_video_ids
    cur.execute(f"""SELECT Video_ID from {schema}.{table};""")
  File "/home/airflow/.local/lib/python3.10/site-packages/psycopg2/extras.py", line 236, in execute
    return super().execute(query, vars)
psycopg2.errors.UndefinedColumn: column "video_id" does not exist
LINE 1: SELECT Video_ID from staging.yt_api;
               ^
HINT:  Perhaps you meant to reference the column "yt_api.Video_ID".

[2026-01-11T13:17:28.527+0000] {taskinstance.py:1206} INFO - Marking task as FAILED. dag_id=update_db, task_id=staging_table, run_id=manual__2026-01-11T13:17:26.371346+00:00, execution_date=20260111T131726, start_date=20260111T131728, end_date=20260111T131728
[2026-01-11T13:17:28.543+0000] {standard_task_runner.py:110} ERROR - Failed to execute job 84 for task staging_table (column "video_id" does not exist
LINE 1: SELECT Video_ID from staging.yt_api;
               ^
HINT:  Perhaps you meant to reference the column "yt_api.Video_ID".
; 368)
[2026-01-11T13:17:28.573+0000] {local_task_job_runner.py:240} INFO - Task exited with return code 1
[2026-01-11T13:17:28.598+0000] {taskinstance.py:3503} INFO - 0 downstream tasks scheduled from follow-on schedule check
[2026-01-11T13:17:28.607+0000] {local_task_job_runner.py:222} INFO - ::endgroup::
