[2026-01-13T17:06:45.411+0000] {local_task_job_runner.py:120} INFO - ::group::Pre task execution logs
[2026-01-13T17:06:49.594+0000] {taskinstance.py:2076} INFO - Dependencies all met for dep_context=non-requeueable deps ti=<TaskInstance: update_db.staging_table scheduled__2026-01-11T09:30:00+00:00 [queued]>
[2026-01-13T17:06:49.784+0000] {taskinstance.py:2076} INFO - Dependencies all met for dep_context=requeueable deps ti=<TaskInstance: update_db.staging_table scheduled__2026-01-11T09:30:00+00:00 [queued]>
[2026-01-13T17:06:49.786+0000] {taskinstance.py:2306} INFO - Starting attempt 2 of 2
[2026-01-13T17:06:50.013+0000] {taskinstance.py:2330} INFO - Executing <Task(_PythonDecoratedOperator): staging_table> on 2026-01-11 09:30:00+00:00
[2026-01-13T17:06:50.037+0000] {standard_task_runner.py:63} INFO - Started process 214 to run task
[2026-01-13T17:06:50.078+0000] {standard_task_runner.py:90} INFO - Running: ['airflow', 'tasks', 'run', 'update_db', 'staging_table', 'scheduled__2026-01-11T09:30:00+00:00', '--job-id', '162', '--raw', '--subdir', 'DAGS_FOLDER/main.py', '--cfg-path', '/tmp/tmp4yjp1cjd']
[2026-01-13T17:06:50.082+0000] {standard_task_runner.py:91} INFO - Job 162: Subtask staging_table
[2026-01-13T17:06:51.661+0000] {task_command.py:426} INFO - Running <TaskInstance: update_db.staging_table scheduled__2026-01-11T09:30:00+00:00 [running]> on host 267ad21334fe
[2026-01-13T17:06:55.521+0000] {taskinstance.py:2648} INFO - Exporting env vars: AIRFLOW_CTX_DAG_EMAIL='data@engineers.com' AIRFLOW_CTX_DAG_OWNER='dataengineers' AIRFLOW_CTX_DAG_ID='update_db' AIRFLOW_CTX_TASK_ID='staging_table' AIRFLOW_CTX_EXECUTION_DATE='2026-01-11T09:30:00+00:00' AIRFLOW_CTX_TRY_NUMBER='2' AIRFLOW_CTX_DAG_RUN_ID='scheduled__2026-01-11T09:30:00+00:00'
[2026-01-13T17:06:55.543+0000] {taskinstance.py:430} INFO - ::endgroup::
[2026-01-13T17:06:57.921+0000] {base.py:84} INFO - Using connection ID 'postgres_db_yt_elt' for task execution.
[2026-01-13T17:06:58.013+0000] {data_loading.py:11} INFO - Processing file: Youtube_data_2026-01-13.json
[2026-01-13T17:06:58.031+0000] {base.py:84} INFO - Using connection ID 'postgres_db_yt_elt' for task execution.
[2026-01-13T17:06:58.058+0000] {base.py:84} INFO - Using connection ID 'postgres_db_yt_elt' for task execution.
[2026-01-13T17:06:58.116+0000] {data_modification.py:80} INFO - Updated row with Video_ID: _ii08GBoIcY
[2026-01-13T17:06:58.147+0000] {data_modification.py:80} INFO - Updated row with Video_ID: 90NCGxfoQMY
[2026-01-13T17:06:58.192+0000] {data_modification.py:80} INFO - Updated row with Video_ID: ewLJUvQbOu4
[2026-01-13T17:06:58.213+0000] {data_modification.py:80} INFO - Updated row with Video_ID: 4ztHU8PD8pg
[2026-01-13T17:06:58.264+0000] {data_modification.py:80} INFO - Updated row with Video_ID: ylpkTn08sww
[2026-01-13T17:06:58.301+0000] {data_modification.py:80} INFO - Updated row with Video_ID: fECgl2A74bE
[2026-01-13T17:06:58.324+0000] {data_modification.py:80} INFO - Updated row with Video_ID: PVuhM1Mo4ic
[2026-01-13T17:06:58.376+0000] {data_modification.py:80} INFO - Updated row with Video_ID: K93eM41jWXg
[2026-01-13T17:06:58.430+0000] {data_modification.py:80} INFO - Updated row with Video_ID: U4oqzTLXv78
[2026-01-13T17:06:58.476+0000] {data_modification.py:80} INFO - Updated row with Video_ID: JZGaLVbgfHs
[2026-01-13T17:06:58.510+0000] {data_modification.py:80} INFO - Updated row with Video_ID: SDPKsYBBQD4
[2026-01-13T17:06:58.541+0000] {data_modification.py:80} INFO - Updated row with Video_ID: W8whOOHnzhI
[2026-01-13T17:06:58.581+0000] {data_modification.py:80} INFO - Updated row with Video_ID: M8lvhk2nH7w
[2026-01-13T17:06:58.618+0000] {data_modification.py:80} INFO - Updated row with Video_ID: pYYtYG6hU9w
[2026-01-13T17:06:58.651+0000] {data_modification.py:80} INFO - Updated row with Video_ID: SgHmsC_y0cg
[2026-01-13T17:06:58.703+0000] {data_modification.py:80} INFO - Updated row with Video_ID: of3IaC8hZpo
[2026-01-13T17:06:58.733+0000] {data_modification.py:80} INFO - Updated row with Video_ID: i3FYVpbmpdE
[2026-01-13T17:06:58.755+0000] {data_modification.py:80} INFO - Updated row with Video_ID: 6ubCFPOwFmk
[2026-01-13T17:06:58.786+0000] {data_modification.py:80} INFO - Updated row with Video_ID: IztyzM0PLTs
[2026-01-13T17:06:58.810+0000] {data_modification.py:80} INFO - Updated row with Video_ID: 4z7q04j6Ltc
[2026-01-13T17:06:58.828+0000] {data_modification.py:80} INFO - Updated row with Video_ID: mErBlm0yzZA
[2026-01-13T17:06:58.842+0000] {data_modification.py:80} INFO - Updated row with Video_ID: r5jCvtZyVwE
[2026-01-13T17:06:58.867+0000] {data_modification.py:80} INFO - Updated row with Video_ID: fgMLXYh3PQ0
[2026-01-13T17:06:58.886+0000] {data_modification.py:80} INFO - Updated row with Video_ID: r0flzJse1Ss
[2026-01-13T17:06:58.908+0000] {data_modification.py:80} INFO - Updated row with Video_ID: pO3mZsGXcHA
[2026-01-13T17:06:58.922+0000] {data_modification.py:80} INFO - Updated row with Video_ID: 8l_6JRwt3bA
[2026-01-13T17:06:58.943+0000] {data_modification.py:80} INFO - Updated row with Video_ID: 1VBQmmdRQfM
[2026-01-13T17:06:58.956+0000] {data_modification.py:80} INFO - Updated row with Video_ID: t1E4qAVMdqw
[2026-01-13T17:06:58.976+0000] {data_modification.py:80} INFO - Updated row with Video_ID: T2VGOEpyV2w
[2026-01-13T17:06:58.990+0000] {data_modification.py:80} INFO - Updated row with Video_ID: qPSn4jpJ0OA
[2026-01-13T17:06:59.007+0000] {data_modification.py:80} INFO - Updated row with Video_ID: 7nzDoH-SOLw
[2026-01-13T17:06:59.022+0000] {data_modification.py:80} INFO - Updated row with Video_ID: jdrwZfeTd-o
[2026-01-13T17:06:59.055+0000] {data_modification.py:80} INFO - Updated row with Video_ID: wbmB_bydA14
[2026-01-13T17:06:59.090+0000] {data_modification.py:80} INFO - Updated row with Video_ID: IGraly_Lvvg
[2026-01-13T17:06:59.108+0000] {data_modification.py:80} INFO - Updated row with Video_ID: 3ihrsGN266k
[2026-01-13T17:06:59.177+0000] {data_modification.py:80} INFO - Updated row with Video_ID: gh9ef6S0ml0
[2026-01-13T17:06:59.210+0000] {data_modification.py:80} INFO - Updated row with Video_ID: Rjan2zpCyz0
[2026-01-13T17:06:59.318+0000] {data_modification.py:80} INFO - Updated row with Video_ID: x4jas5FILfU
[2026-01-13T17:06:59.338+0000] {data_modification.py:80} INFO - Updated row with Video_ID: Z0-8F8OF5JI
[2026-01-13T17:06:59.352+0000] {data_modification.py:80} INFO - Updated row with Video_ID: tT21NspKJyQ
[2026-01-13T17:06:59.453+0000] {data_modification.py:80} INFO - Updated row with Video_ID: 1RwUAHmxVGE
[2026-01-13T17:06:59.472+0000] {data_modification.py:80} INFO - Updated row with Video_ID: TY1RVNihX7A
[2026-01-13T17:06:59.506+0000] {data_modification.py:80} INFO - Updated row with Video_ID: M4-iqESGPns
[2026-01-13T17:06:59.527+0000] {data_modification.py:80} INFO - Updated row with Video_ID: mMuL8mptLSs
[2026-01-13T17:06:59.535+0000] {data_modification.py:80} INFO - Updated row with Video_ID: QzWzmRBxUYQ
[2026-01-13T17:06:59.560+0000] {data_modification.py:80} INFO - Updated row with Video_ID: Hq5FDA2JPss
[2026-01-13T17:06:59.647+0000] {data_modification.py:80} INFO - Updated row with Video_ID: elY9zCRbs18
[2026-01-13T17:06:59.709+0000] {data_modification.py:80} INFO - Updated row with Video_ID: hXA1qFQMRiw
[2026-01-13T17:06:59.742+0000] {data_modification.py:80} INFO - Updated row with Video_ID: VWbrE0q0IXc
[2026-01-13T17:06:59.787+0000] {data_modification.py:80} INFO - Updated row with Video_ID: u2kBe9tbUsI
[2026-01-13T17:06:59.852+0000] {data_modification.py:80} INFO - Updated row with Video_ID: T9747XBa45A
[2026-01-13T17:06:59.943+0000] {data_modification.py:80} INFO - Updated row with Video_ID: RQXdny94Vek
[2026-01-13T17:06:59.972+0000] {data_modification.py:80} INFO - Updated row with Video_ID: DxJn08jU42k
[2026-01-13T17:07:00.008+0000] {data_modification.py:80} INFO - Updated row with Video_ID: CAPdiQDrKg8
[2026-01-13T17:07:00.050+0000] {data_modification.py:80} INFO - Updated row with Video_ID: 2i6OU_ruNq0
[2026-01-13T17:07:00.071+0000] {data_modification.py:80} INFO - Updated row with Video_ID: PZMHwRb5AAw
[2026-01-13T17:07:00.083+0000] {data_modification.py:80} INFO - Updated row with Video_ID: zoMs9WHT3gw
[2026-01-13T17:07:00.098+0000] {data_modification.py:80} INFO - Updated row with Video_ID: ATiwq1pr7uk
[2026-01-13T17:07:00.117+0000] {data_modification.py:80} INFO - Updated row with Video_ID: oNizmAuflyU
[2026-01-13T17:07:00.127+0000] {data_modification.py:80} INFO - Updated row with Video_ID: j73KW1-5Elg
[2026-01-13T17:07:00.145+0000] {data_modification.py:80} INFO - Updated row with Video_ID: Ol_ADWAq1VE
[2026-01-13T17:07:00.163+0000] {data_modification.py:80} INFO - Updated row with Video_ID: TDrIBFgb6hE
[2026-01-13T17:07:00.173+0000] {data_modification.py:80} INFO - Updated row with Video_ID: VbG_J05HnmE
[2026-01-13T17:07:00.194+0000] {data_modification.py:80} INFO - Updated row with Video_ID: WgCavqDntlQ
[2026-01-13T17:07:00.228+0000] {data_modification.py:80} INFO - Updated row with Video_ID: NF5AvlWxmo8
[2026-01-13T17:07:00.267+0000] {data_modification.py:80} INFO - Updated row with Video_ID: RqrviWQ0qQE
[2026-01-13T17:07:00.301+0000] {data_modification.py:80} INFO - Updated row with Video_ID: WQBc2mY9Jng
[2026-01-13T17:07:00.339+0000] {data_modification.py:80} INFO - Updated row with Video_ID: beYV4yDvRNM
[2026-01-13T17:07:00.369+0000] {data_modification.py:80} INFO - Updated row with Video_ID: MUoaF9b3nCU
[2026-01-13T17:07:00.427+0000] {data_modification.py:80} INFO - Updated row with Video_ID: ZNg6cFcBISw
[2026-01-13T17:07:00.431+0000] {dwh.py:40} INFO - staging table update completed
[2026-01-13T17:07:00.434+0000] {python.py:237} INFO - Done. Returned value was: None
[2026-01-13T17:07:00.445+0000] {taskinstance.py:441} INFO - ::group::Post task execution logs
[2026-01-13T17:07:00.485+0000] {taskinstance.py:1206} INFO - Marking task as SUCCESS. dag_id=update_db, task_id=staging_table, run_id=scheduled__2026-01-11T09:30:00+00:00, execution_date=20260111T093000, start_date=20260113T170649, end_date=20260113T170700
[2026-01-13T17:07:00.708+0000] {local_task_job_runner.py:240} INFO - Task exited with return code 0
[2026-01-13T17:07:00.928+0000] {taskinstance.py:3503} INFO - 1 downstream tasks scheduled from follow-on schedule check
[2026-01-13T17:07:00.996+0000] {local_task_job_runner.py:222} INFO - ::endgroup::
