[2026-01-11T13:16:15.550+0000] {local_task_job_runner.py:120} INFO - ::group::Pre task execution logs
[2026-01-11T13:16:15.577+0000] {taskinstance.py:2076} INFO - Dependencies all met for dep_context=non-requeueable deps ti=<TaskInstance: update_db.staging_table manual__2026-01-11T13:16:13.746023+00:00 [queued]>
[2026-01-11T13:16:15.586+0000] {taskinstance.py:2076} INFO - Dependencies all met for dep_context=requeueable deps ti=<TaskInstance: update_db.staging_table manual__2026-01-11T13:16:13.746023+00:00 [queued]>
[2026-01-11T13:16:15.587+0000] {taskinstance.py:2306} INFO - Starting attempt 1 of 1
[2026-01-11T13:16:15.607+0000] {taskinstance.py:2330} INFO - Executing <Task(_PythonDecoratedOperator): staging_table> on 2026-01-11 13:16:13.746023+00:00
[2026-01-11T13:16:15.613+0000] {standard_task_runner.py:63} INFO - Started process 351 to run task
[2026-01-11T13:16:15.617+0000] {standard_task_runner.py:90} INFO - Running: ['airflow', 'tasks', 'run', 'update_db', 'staging_table', 'manual__2026-01-11T13:16:13.746023+00:00', '--job-id', '83', '--raw', '--subdir', 'DAGS_FOLDER/main.py', '--cfg-path', '/tmp/tmpfry8d9_8']
[2026-01-11T13:16:15.619+0000] {standard_task_runner.py:91} INFO - Job 83: Subtask staging_table
[2026-01-11T13:16:15.783+0000] {task_command.py:426} INFO - Running <TaskInstance: update_db.staging_table manual__2026-01-11T13:16:13.746023+00:00 [running]> on host b01b5f90bb7d
[2026-01-11T13:16:15.944+0000] {taskinstance.py:2648} INFO - Exporting env vars: AIRFLOW_CTX_DAG_EMAIL='data@engineers.com' AIRFLOW_CTX_DAG_OWNER='dataengineers' AIRFLOW_CTX_DAG_ID='update_db' AIRFLOW_CTX_TASK_ID='staging_table' AIRFLOW_CTX_EXECUTION_DATE='2026-01-11T13:16:13.746023+00:00' AIRFLOW_CTX_TRY_NUMBER='1' AIRFLOW_CTX_DAG_RUN_ID='manual__2026-01-11T13:16:13.746023+00:00'
[2026-01-11T13:16:15.946+0000] {taskinstance.py:430} INFO - ::endgroup::
[2026-01-11T13:16:16.011+0000] {base.py:84} INFO - Using connection ID 'postgres_db_yt_elt' for task execution.
[2026-01-11T13:16:16.018+0000] {data_loading.py:11} INFO - Processing file: Youtube_data_2026-01-11.json
[2026-01-11T13:16:16.021+0000] {dwh.py:43} ERROR - An error occured during the update of staging table: the JSON object must be str, bytes or bytearray, not TextIOWrapper
[2026-01-11T13:16:16.022+0000] {taskinstance.py:441} INFO - ::group::Post task execution logs
[2026-01-11T13:16:16.023+0000] {taskinstance.py:2905} ERROR - Task failed with exception
Traceback (most recent call last):
  File "/home/airflow/.local/lib/python3.10/site-packages/airflow/models/taskinstance.py", line 465, in _execute_task
    result = _execute_callable(context=context, **execute_callable_kwargs)
  File "/home/airflow/.local/lib/python3.10/site-packages/airflow/models/taskinstance.py", line 432, in _execute_callable
    return execute_callable(context=context, **execute_callable_kwargs)
  File "/home/airflow/.local/lib/python3.10/site-packages/airflow/models/baseoperator.py", line 401, in wrapper
    return func(self, *args, **kwargs)
  File "/home/airflow/.local/lib/python3.10/site-packages/airflow/decorators/base.py", line 265, in execute
    return_value = super().execute(context)
  File "/home/airflow/.local/lib/python3.10/site-packages/airflow/models/baseoperator.py", line 401, in wrapper
    return func(self, *args, **kwargs)
  File "/home/airflow/.local/lib/python3.10/site-packages/airflow/operators/python.py", line 235, in execute
    return_value = self.execute_callable()
  File "/home/airflow/.local/lib/python3.10/site-packages/airflow/operators/python.py", line 252, in execute_callable
    return self.python_callable(*self.op_args, **self.op_kwargs)
  File "/opt/airflow/dags/datawarehouse/dwh.py", line 44, in staging_table
    raise e
  File "/opt/airflow/dags/datawarehouse/dwh.py", line 19, in staging_table
    YT_data = load_path()
  File "/opt/airflow/dags/datawarehouse/data_loading.py", line 13, in load_path
    data = json.loads(raw_data)
  File "/usr/local/lib/python3.10/json/__init__.py", line 339, in loads
    raise TypeError(f'the JSON object must be str, bytes or bytearray, '
TypeError: the JSON object must be str, bytes or bytearray, not TextIOWrapper
[2026-01-11T13:16:16.051+0000] {taskinstance.py:1206} INFO - Marking task as FAILED. dag_id=update_db, task_id=staging_table, run_id=manual__2026-01-11T13:16:13.746023+00:00, execution_date=20260111T131613, start_date=20260111T131615, end_date=20260111T131616
[2026-01-11T13:16:16.077+0000] {standard_task_runner.py:110} ERROR - Failed to execute job 83 for task staging_table (the JSON object must be str, bytes or bytearray, not TextIOWrapper; 351)
[2026-01-11T13:16:16.113+0000] {local_task_job_runner.py:240} INFO - Task exited with return code 1
[2026-01-11T13:16:16.153+0000] {taskinstance.py:3503} INFO - 0 downstream tasks scheduled from follow-on schedule check
[2026-01-11T13:16:16.202+0000] {local_task_job_runner.py:222} INFO - ::endgroup::
