[2026-01-13T17:07:51.349+0000] {local_task_job_runner.py:120} INFO - ::group::Pre task execution logs
[2026-01-13T17:07:53.229+0000] {taskinstance.py:2076} INFO - Dependencies all met for dep_context=non-requeueable deps ti=<TaskInstance: update_db.staging_table scheduled__2026-01-10T09:30:00+00:00 [queued]>
[2026-01-13T17:07:53.501+0000] {taskinstance.py:2076} INFO - Dependencies all met for dep_context=requeueable deps ti=<TaskInstance: update_db.staging_table scheduled__2026-01-10T09:30:00+00:00 [queued]>
[2026-01-13T17:07:53.502+0000] {taskinstance.py:2306} INFO - Starting attempt 2 of 2
[2026-01-13T17:07:53.641+0000] {taskinstance.py:2330} INFO - Executing <Task(_PythonDecoratedOperator): staging_table> on 2026-01-10 09:30:00+00:00
[2026-01-13T17:07:53.658+0000] {standard_task_runner.py:63} INFO - Started process 333 to run task
[2026-01-13T17:07:53.706+0000] {standard_task_runner.py:90} INFO - Running: ['airflow', 'tasks', 'run', 'update_db', 'staging_table', 'scheduled__2026-01-10T09:30:00+00:00', '--job-id', '195', '--raw', '--subdir', 'DAGS_FOLDER/main.py', '--cfg-path', '/tmp/tmpj_rt238r']
[2026-01-13T17:07:53.713+0000] {standard_task_runner.py:91} INFO - Job 195: Subtask staging_table
[2026-01-13T17:07:54.055+0000] {task_command.py:426} INFO - Running <TaskInstance: update_db.staging_table scheduled__2026-01-10T09:30:00+00:00 [running]> on host 267ad21334fe
[2026-01-13T17:07:55.233+0000] {taskinstance.py:2648} INFO - Exporting env vars: AIRFLOW_CTX_DAG_EMAIL='data@engineers.com' AIRFLOW_CTX_DAG_OWNER='dataengineers' AIRFLOW_CTX_DAG_ID='update_db' AIRFLOW_CTX_TASK_ID='staging_table' AIRFLOW_CTX_EXECUTION_DATE='2026-01-10T09:30:00+00:00' AIRFLOW_CTX_TRY_NUMBER='2' AIRFLOW_CTX_DAG_RUN_ID='scheduled__2026-01-10T09:30:00+00:00'
[2026-01-13T17:07:55.252+0000] {taskinstance.py:430} INFO - ::endgroup::
[2026-01-13T17:07:58.753+0000] {base.py:84} INFO - Using connection ID 'postgres_db_yt_elt' for task execution.
[2026-01-13T17:07:58.820+0000] {data_loading.py:11} INFO - Processing file: Youtube_data_2026-01-13.json
[2026-01-13T17:07:58.952+0000] {base.py:84} INFO - Using connection ID 'postgres_db_yt_elt' for task execution.
[2026-01-13T17:07:59.044+0000] {base.py:84} INFO - Using connection ID 'postgres_db_yt_elt' for task execution.
[2026-01-13T17:07:59.180+0000] {data_modification.py:80} INFO - Updated row with Video_ID: _ii08GBoIcY
[2026-01-13T17:07:59.298+0000] {data_modification.py:80} INFO - Updated row with Video_ID: 90NCGxfoQMY
[2026-01-13T17:07:59.366+0000] {data_modification.py:80} INFO - Updated row with Video_ID: ewLJUvQbOu4
[2026-01-13T17:07:59.509+0000] {data_modification.py:80} INFO - Updated row with Video_ID: 4ztHU8PD8pg
[2026-01-13T17:07:59.568+0000] {data_modification.py:80} INFO - Updated row with Video_ID: ylpkTn08sww
[2026-01-13T17:07:59.630+0000] {data_modification.py:80} INFO - Updated row with Video_ID: fECgl2A74bE
[2026-01-13T17:07:59.725+0000] {data_modification.py:80} INFO - Updated row with Video_ID: PVuhM1Mo4ic
[2026-01-13T17:07:59.792+0000] {data_modification.py:80} INFO - Updated row with Video_ID: K93eM41jWXg
[2026-01-13T17:07:59.847+0000] {data_modification.py:80} INFO - Updated row with Video_ID: U4oqzTLXv78
[2026-01-13T17:08:00.029+0000] {data_modification.py:80} INFO - Updated row with Video_ID: JZGaLVbgfHs
[2026-01-13T17:08:00.120+0000] {data_modification.py:80} INFO - Updated row with Video_ID: SDPKsYBBQD4
[2026-01-13T17:08:00.298+0000] {data_modification.py:80} INFO - Updated row with Video_ID: W8whOOHnzhI
[2026-01-13T17:08:00.482+0000] {data_modification.py:80} INFO - Updated row with Video_ID: M8lvhk2nH7w
[2026-01-13T17:08:00.638+0000] {data_modification.py:80} INFO - Updated row with Video_ID: pYYtYG6hU9w
[2026-01-13T17:08:00.764+0000] {data_modification.py:80} INFO - Updated row with Video_ID: SgHmsC_y0cg
[2026-01-13T17:08:00.916+0000] {data_modification.py:80} INFO - Updated row with Video_ID: of3IaC8hZpo
[2026-01-13T17:08:01.030+0000] {data_modification.py:80} INFO - Updated row with Video_ID: i3FYVpbmpdE
[2026-01-13T17:08:01.156+0000] {data_modification.py:80} INFO - Updated row with Video_ID: 6ubCFPOwFmk
[2026-01-13T17:08:01.215+0000] {data_modification.py:80} INFO - Updated row with Video_ID: IztyzM0PLTs
[2026-01-13T17:08:01.267+0000] {data_modification.py:80} INFO - Updated row with Video_ID: 4z7q04j6Ltc
[2026-01-13T17:08:01.313+0000] {data_modification.py:80} INFO - Updated row with Video_ID: mErBlm0yzZA
[2026-01-13T17:08:01.378+0000] {data_modification.py:80} INFO - Updated row with Video_ID: r5jCvtZyVwE
[2026-01-13T17:08:01.429+0000] {data_modification.py:80} INFO - Updated row with Video_ID: fgMLXYh3PQ0
[2026-01-13T17:08:01.493+0000] {data_modification.py:80} INFO - Updated row with Video_ID: r0flzJse1Ss
[2026-01-13T17:08:01.557+0000] {data_modification.py:80} INFO - Updated row with Video_ID: pO3mZsGXcHA
[2026-01-13T17:08:01.624+0000] {data_modification.py:80} INFO - Updated row with Video_ID: 8l_6JRwt3bA
[2026-01-13T17:08:01.689+0000] {data_modification.py:80} INFO - Updated row with Video_ID: 1VBQmmdRQfM
[2026-01-13T17:08:01.738+0000] {data_modification.py:80} INFO - Updated row with Video_ID: t1E4qAVMdqw
[2026-01-13T17:08:01.899+0000] {data_modification.py:80} INFO - Updated row with Video_ID: T2VGOEpyV2w
[2026-01-13T17:08:01.954+0000] {data_modification.py:80} INFO - Updated row with Video_ID: qPSn4jpJ0OA
[2026-01-13T17:08:01.998+0000] {data_modification.py:80} INFO - Updated row with Video_ID: 7nzDoH-SOLw
[2026-01-13T17:08:02.032+0000] {data_modification.py:80} INFO - Updated row with Video_ID: jdrwZfeTd-o
[2026-01-13T17:08:02.081+0000] {data_modification.py:80} INFO - Updated row with Video_ID: wbmB_bydA14
[2026-01-13T17:08:02.132+0000] {data_modification.py:80} INFO - Updated row with Video_ID: IGraly_Lvvg
[2026-01-13T17:08:02.199+0000] {data_modification.py:80} INFO - Updated row with Video_ID: 3ihrsGN266k
[2026-01-13T17:08:02.288+0000] {data_modification.py:80} INFO - Updated row with Video_ID: gh9ef6S0ml0
[2026-01-13T17:08:02.335+0000] {data_modification.py:80} INFO - Updated row with Video_ID: Rjan2zpCyz0
[2026-01-13T17:08:02.406+0000] {data_modification.py:80} INFO - Updated row with Video_ID: x4jas5FILfU
[2026-01-13T17:08:02.511+0000] {data_modification.py:80} INFO - Updated row with Video_ID: Z0-8F8OF5JI
[2026-01-13T17:08:02.586+0000] {data_modification.py:80} INFO - Updated row with Video_ID: tT21NspKJyQ
[2026-01-13T17:08:02.634+0000] {data_modification.py:80} INFO - Updated row with Video_ID: 1RwUAHmxVGE
[2026-01-13T17:08:02.663+0000] {data_modification.py:80} INFO - Updated row with Video_ID: TY1RVNihX7A
[2026-01-13T17:08:02.708+0000] {data_modification.py:80} INFO - Updated row with Video_ID: M4-iqESGPns
[2026-01-13T17:08:02.773+0000] {data_modification.py:80} INFO - Updated row with Video_ID: mMuL8mptLSs
[2026-01-13T17:08:02.810+0000] {data_modification.py:80} INFO - Updated row with Video_ID: QzWzmRBxUYQ
[2026-01-13T17:08:02.848+0000] {data_modification.py:80} INFO - Updated row with Video_ID: Hq5FDA2JPss
[2026-01-13T17:08:02.888+0000] {data_modification.py:80} INFO - Updated row with Video_ID: elY9zCRbs18
[2026-01-13T17:08:02.938+0000] {data_modification.py:80} INFO - Updated row with Video_ID: hXA1qFQMRiw
[2026-01-13T17:08:02.976+0000] {data_modification.py:80} INFO - Updated row with Video_ID: VWbrE0q0IXc
[2026-01-13T17:08:03.010+0000] {data_modification.py:80} INFO - Updated row with Video_ID: u2kBe9tbUsI
[2026-01-13T17:08:03.058+0000] {data_modification.py:80} INFO - Updated row with Video_ID: T9747XBa45A
[2026-01-13T17:08:03.178+0000] {data_modification.py:80} INFO - Updated row with Video_ID: RQXdny94Vek
[2026-01-13T17:08:03.219+0000] {data_modification.py:80} INFO - Updated row with Video_ID: DxJn08jU42k
[2026-01-13T17:08:03.316+0000] {data_modification.py:80} INFO - Updated row with Video_ID: CAPdiQDrKg8
[2026-01-13T17:08:03.376+0000] {data_modification.py:80} INFO - Updated row with Video_ID: 2i6OU_ruNq0
[2026-01-13T17:08:03.441+0000] {data_modification.py:80} INFO - Updated row with Video_ID: PZMHwRb5AAw
[2026-01-13T17:08:03.537+0000] {data_modification.py:80} INFO - Updated row with Video_ID: zoMs9WHT3gw
[2026-01-13T17:08:03.575+0000] {data_modification.py:80} INFO - Updated row with Video_ID: ATiwq1pr7uk
[2026-01-13T17:08:03.619+0000] {data_modification.py:80} INFO - Updated row with Video_ID: oNizmAuflyU
[2026-01-13T17:08:03.672+0000] {data_modification.py:80} INFO - Updated row with Video_ID: j73KW1-5Elg
[2026-01-13T17:08:03.725+0000] {data_modification.py:80} INFO - Updated row with Video_ID: Ol_ADWAq1VE
[2026-01-13T17:08:03.775+0000] {data_modification.py:80} INFO - Updated row with Video_ID: TDrIBFgb6hE
[2026-01-13T17:08:03.837+0000] {data_modification.py:80} INFO - Updated row with Video_ID: VbG_J05HnmE
[2026-01-13T17:08:03.908+0000] {data_modification.py:80} INFO - Updated row with Video_ID: WgCavqDntlQ
[2026-01-13T17:08:03.937+0000] {data_modification.py:80} INFO - Updated row with Video_ID: NF5AvlWxmo8
[2026-01-13T17:08:03.981+0000] {data_modification.py:80} INFO - Updated row with Video_ID: RqrviWQ0qQE
[2026-01-13T17:08:04.013+0000] {data_modification.py:80} INFO - Updated row with Video_ID: WQBc2mY9Jng
[2026-01-13T17:08:04.053+0000] {data_modification.py:80} INFO - Updated row with Video_ID: beYV4yDvRNM
[2026-01-13T17:08:04.078+0000] {data_modification.py:80} INFO - Updated row with Video_ID: MUoaF9b3nCU
[2026-01-13T17:08:04.117+0000] {data_modification.py:80} INFO - Updated row with Video_ID: ZNg6cFcBISw
[2026-01-13T17:08:04.119+0000] {dwh.py:40} INFO - staging table update completed
[2026-01-13T17:08:04.121+0000] {python.py:237} INFO - Done. Returned value was: None
[2026-01-13T17:08:04.147+0000] {taskinstance.py:441} INFO - ::group::Post task execution logs
[2026-01-13T17:08:04.226+0000] {taskinstance.py:1206} INFO - Marking task as SUCCESS. dag_id=update_db, task_id=staging_table, run_id=scheduled__2026-01-10T09:30:00+00:00, execution_date=20260110T093000, start_date=20260113T170753, end_date=20260113T170804
[2026-01-13T17:08:04.765+0000] {local_task_job_runner.py:240} INFO - Task exited with return code 0
[2026-01-13T17:08:05.741+0000] {taskinstance.py:3503} INFO - 1 downstream tasks scheduled from follow-on schedule check
[2026-01-13T17:08:05.808+0000] {local_task_job_runner.py:222} INFO - ::endgroup::
