[2026-01-11T13:29:48.947+0000] {local_task_job_runner.py:120} INFO - ::group::Pre task execution logs
[2026-01-11T13:29:48.972+0000] {taskinstance.py:2076} INFO - Dependencies all met for dep_context=non-requeueable deps ti=<TaskInstance: update_db.core_table manual__2026-01-11T13:29:42.964405+00:00 [queued]>
[2026-01-11T13:29:48.981+0000] {taskinstance.py:2076} INFO - Dependencies all met for dep_context=requeueable deps ti=<TaskInstance: update_db.core_table manual__2026-01-11T13:29:42.964405+00:00 [queued]>
[2026-01-11T13:29:48.981+0000] {taskinstance.py:2306} INFO - Starting attempt 1 of 1
[2026-01-11T13:29:48.999+0000] {taskinstance.py:2330} INFO - Executing <Task(_PythonDecoratedOperator): core_table> on 2026-01-11 13:29:42.964405+00:00
[2026-01-11T13:29:49.004+0000] {standard_task_runner.py:63} INFO - Started process 551 to run task
[2026-01-11T13:29:49.009+0000] {standard_task_runner.py:90} INFO - Running: ['airflow', 'tasks', 'run', 'update_db', 'core_table', 'manual__2026-01-11T13:29:42.964405+00:00', '--job-id', '94', '--raw', '--subdir', 'DAGS_FOLDER/main.py', '--cfg-path', '/tmp/tmp44wa56sn']
[2026-01-11T13:29:49.010+0000] {standard_task_runner.py:91} INFO - Job 94: Subtask core_table
[2026-01-11T13:29:49.084+0000] {task_command.py:426} INFO - Running <TaskInstance: update_db.core_table manual__2026-01-11T13:29:42.964405+00:00 [running]> on host b01b5f90bb7d
[2026-01-11T13:29:49.172+0000] {taskinstance.py:2648} INFO - Exporting env vars: AIRFLOW_CTX_DAG_EMAIL='data@engineers.com' AIRFLOW_CTX_DAG_OWNER='dataengineers' AIRFLOW_CTX_DAG_ID='update_db' AIRFLOW_CTX_TASK_ID='core_table' AIRFLOW_CTX_EXECUTION_DATE='2026-01-11T13:29:42.964405+00:00' AIRFLOW_CTX_TRY_NUMBER='1' AIRFLOW_CTX_DAG_RUN_ID='manual__2026-01-11T13:29:42.964405+00:00'
[2026-01-11T13:29:49.173+0000] {taskinstance.py:430} INFO - ::endgroup::
[2026-01-11T13:29:49.182+0000] {base.py:84} INFO - Using connection ID 'postgres_db_yt_elt' for task execution.
[2026-01-11T13:29:49.191+0000] {base.py:84} INFO - Using connection ID 'postgres_db_yt_elt' for task execution.
[2026-01-11T13:29:49.199+0000] {base.py:84} INFO - Using connection ID 'postgres_db_yt_elt' for task execution.
[2026-01-11T13:29:49.214+0000] {data_modification.py:43} INFO - Inserted row with Video_ID: ylpkTn08sww
[2026-01-11T13:29:49.220+0000] {data_modification.py:43} INFO - Inserted row with Video_ID: fECgl2A74bE
[2026-01-11T13:29:49.227+0000] {data_modification.py:43} INFO - Inserted row with Video_ID: PVuhM1Mo4ic
[2026-01-11T13:29:49.233+0000] {data_modification.py:43} INFO - Inserted row with Video_ID: U4oqzTLXv78
[2026-01-11T13:29:49.239+0000] {data_modification.py:43} INFO - Inserted row with Video_ID: JZGaLVbgfHs
[2026-01-11T13:29:49.246+0000] {data_modification.py:43} INFO - Inserted row with Video_ID: SDPKsYBBQD4
[2026-01-11T13:29:49.253+0000] {data_modification.py:43} INFO - Inserted row with Video_ID: W8whOOHnzhI
[2026-01-11T13:29:49.259+0000] {data_modification.py:43} INFO - Inserted row with Video_ID: M8lvhk2nH7w
[2026-01-11T13:29:49.265+0000] {data_modification.py:43} INFO - Inserted row with Video_ID: pYYtYG6hU9w
[2026-01-11T13:29:49.272+0000] {data_modification.py:43} INFO - Inserted row with Video_ID: SgHmsC_y0cg
[2026-01-11T13:29:49.278+0000] {data_modification.py:43} INFO - Inserted row with Video_ID: i3FYVpbmpdE
[2026-01-11T13:29:49.284+0000] {data_modification.py:43} INFO - Inserted row with Video_ID: 6ubCFPOwFmk
[2026-01-11T13:29:49.290+0000] {data_modification.py:43} INFO - Inserted row with Video_ID: 4z7q04j6Ltc
[2026-01-11T13:29:49.297+0000] {data_modification.py:43} INFO - Inserted row with Video_ID: mErBlm0yzZA
[2026-01-11T13:29:49.303+0000] {data_modification.py:43} INFO - Inserted row with Video_ID: r5jCvtZyVwE
[2026-01-11T13:29:49.310+0000] {data_modification.py:43} INFO - Inserted row with Video_ID: fgMLXYh3PQ0
[2026-01-11T13:29:49.317+0000] {data_modification.py:43} INFO - Inserted row with Video_ID: r0flzJse1Ss
[2026-01-11T13:29:49.323+0000] {data_modification.py:43} INFO - Inserted row with Video_ID: pO3mZsGXcHA
[2026-01-11T13:29:49.329+0000] {data_modification.py:43} INFO - Inserted row with Video_ID: 8l_6JRwt3bA
[2026-01-11T13:29:49.335+0000] {data_modification.py:43} INFO - Inserted row with Video_ID: 1VBQmmdRQfM
[2026-01-11T13:29:49.341+0000] {data_modification.py:43} INFO - Inserted row with Video_ID: t1E4qAVMdqw
[2026-01-11T13:29:49.348+0000] {data_modification.py:43} INFO - Inserted row with Video_ID: T2VGOEpyV2w
[2026-01-11T13:29:49.354+0000] {data_modification.py:43} INFO - Inserted row with Video_ID: qPSn4jpJ0OA
[2026-01-11T13:29:49.360+0000] {data_modification.py:43} INFO - Inserted row with Video_ID: 7nzDoH-SOLw
[2026-01-11T13:29:49.366+0000] {data_modification.py:43} INFO - Inserted row with Video_ID: jdrwZfeTd-o
[2026-01-11T13:29:49.372+0000] {data_modification.py:43} INFO - Inserted row with Video_ID: wbmB_bydA14
[2026-01-11T13:29:49.378+0000] {data_modification.py:43} INFO - Inserted row with Video_ID: IGraly_Lvvg
[2026-01-11T13:29:49.385+0000] {data_modification.py:43} INFO - Inserted row with Video_ID: 3ihrsGN266k
[2026-01-11T13:29:49.392+0000] {data_modification.py:43} INFO - Inserted row with Video_ID: gh9ef6S0ml0
[2026-01-11T13:29:49.398+0000] {data_modification.py:43} INFO - Inserted row with Video_ID: Rjan2zpCyz0
[2026-01-11T13:29:49.404+0000] {data_modification.py:43} INFO - Inserted row with Video_ID: Z0-8F8OF5JI
[2026-01-11T13:29:49.411+0000] {data_modification.py:43} INFO - Inserted row with Video_ID: tT21NspKJyQ
[2026-01-11T13:29:49.417+0000] {data_modification.py:43} INFO - Inserted row with Video_ID: 1RwUAHmxVGE
[2026-01-11T13:29:49.424+0000] {data_modification.py:43} INFO - Inserted row with Video_ID: TY1RVNihX7A
[2026-01-11T13:29:49.429+0000] {data_modification.py:43} INFO - Inserted row with Video_ID: M4-iqESGPns
[2026-01-11T13:29:49.436+0000] {data_modification.py:43} INFO - Inserted row with Video_ID: mMuL8mptLSs
[2026-01-11T13:29:49.442+0000] {data_modification.py:43} INFO - Inserted row with Video_ID: QzWzmRBxUYQ
[2026-01-11T13:29:49.448+0000] {data_modification.py:43} INFO - Inserted row with Video_ID: Hq5FDA2JPss
[2026-01-11T13:29:49.454+0000] {data_modification.py:43} INFO - Inserted row with Video_ID: elY9zCRbs18
[2026-01-11T13:29:49.460+0000] {data_modification.py:43} INFO - Inserted row with Video_ID: hXA1qFQMRiw
[2026-01-11T13:29:49.466+0000] {data_modification.py:43} INFO - Inserted row with Video_ID: VWbrE0q0IXc
[2026-01-11T13:29:49.473+0000] {data_modification.py:43} INFO - Inserted row with Video_ID: u2kBe9tbUsI
[2026-01-11T13:29:49.479+0000] {data_modification.py:43} INFO - Inserted row with Video_ID: T9747XBa45A
[2026-01-11T13:29:49.485+0000] {data_modification.py:43} INFO - Inserted row with Video_ID: RQXdny94Vek
[2026-01-11T13:29:49.491+0000] {data_modification.py:43} INFO - Inserted row with Video_ID: DxJn08jU42k
[2026-01-11T13:29:49.498+0000] {data_modification.py:43} INFO - Inserted row with Video_ID: CAPdiQDrKg8
[2026-01-11T13:29:49.504+0000] {data_modification.py:43} INFO - Inserted row with Video_ID: 2i6OU_ruNq0
[2026-01-11T13:29:49.511+0000] {data_modification.py:43} INFO - Inserted row with Video_ID: PZMHwRb5AAw
[2026-01-11T13:29:49.517+0000] {data_modification.py:43} INFO - Inserted row with Video_ID: zoMs9WHT3gw
[2026-01-11T13:29:49.528+0000] {data_modification.py:43} INFO - Inserted row with Video_ID: ATiwq1pr7uk
[2026-01-11T13:29:49.538+0000] {data_modification.py:43} INFO - Inserted row with Video_ID: oNizmAuflyU
[2026-01-11T13:29:49.549+0000] {data_modification.py:43} INFO - Inserted row with Video_ID: 90NCGxfoQMY
[2026-01-11T13:29:49.558+0000] {data_modification.py:43} INFO - Inserted row with Video_ID: ewLJUvQbOu4
[2026-01-11T13:29:49.570+0000] {data_modification.py:80} INFO - Updated row with Video_ID: 4ztHU8PD8pg
[2026-01-11T13:29:49.576+0000] {data_modification.py:43} INFO - Inserted row with Video_ID: IztyzM0PLTs
[2026-01-11T13:29:49.586+0000] {data_modification.py:43} INFO - Inserted row with Video_ID: _ii08GBoIcY
[2026-01-11T13:29:49.596+0000] {data_modification.py:43} INFO - Inserted row with Video_ID: K93eM41jWXg
[2026-01-11T13:29:49.605+0000] {data_modification.py:43} INFO - Inserted row with Video_ID: of3IaC8hZpo
[2026-01-11T13:29:49.614+0000] {data_modification.py:43} INFO - Inserted row with Video_ID: x4jas5FILfU
[2026-01-11T13:29:49.621+0000] {data_modification.py:43} INFO - Inserted row with Video_ID: j73KW1-5Elg
[2026-01-11T13:29:49.627+0000] {data_modification.py:43} INFO - Inserted row with Video_ID: Ol_ADWAq1VE
[2026-01-11T13:29:49.633+0000] {data_modification.py:43} INFO - Inserted row with Video_ID: TDrIBFgb6hE
[2026-01-11T13:29:49.640+0000] {data_modification.py:43} INFO - Inserted row with Video_ID: VbG_J05HnmE
[2026-01-11T13:29:49.647+0000] {data_modification.py:43} INFO - Inserted row with Video_ID: WgCavqDntlQ
[2026-01-11T13:29:49.653+0000] {data_modification.py:43} INFO - Inserted row with Video_ID: NF5AvlWxmo8
[2026-01-11T13:29:49.659+0000] {data_modification.py:43} INFO - Inserted row with Video_ID: RqrviWQ0qQE
[2026-01-11T13:29:49.665+0000] {data_modification.py:43} INFO - Inserted row with Video_ID: WQBc2mY9Jng
[2026-01-11T13:29:49.672+0000] {data_modification.py:43} INFO - Inserted row with Video_ID: beYV4yDvRNM
[2026-01-11T13:29:49.678+0000] {data_modification.py:43} INFO - Inserted row with Video_ID: MUoaF9b3nCU
[2026-01-11T13:29:49.685+0000] {data_modification.py:43} INFO - Inserted row with Video_ID: ZNg6cFcBISw
[2026-01-11T13:29:49.686+0000] {dwh.py:85} ERROR - An error occured during the update of core table: unsupported operand type(s) for -: 'list' and 'set'
[2026-01-11T13:29:49.687+0000] {taskinstance.py:441} INFO - ::group::Post task execution logs
[2026-01-11T13:29:49.690+0000] {taskinstance.py:2905} ERROR - Task failed with exception
Traceback (most recent call last):
  File "/home/airflow/.local/lib/python3.10/site-packages/airflow/models/taskinstance.py", line 465, in _execute_task
    result = _execute_callable(context=context, **execute_callable_kwargs)
  File "/home/airflow/.local/lib/python3.10/site-packages/airflow/models/taskinstance.py", line 432, in _execute_callable
    return execute_callable(context=context, **execute_callable_kwargs)
  File "/home/airflow/.local/lib/python3.10/site-packages/airflow/models/baseoperator.py", line 401, in wrapper
    return func(self, *args, **kwargs)
  File "/home/airflow/.local/lib/python3.10/site-packages/airflow/decorators/base.py", line 265, in execute
    return_value = super().execute(context)
  File "/home/airflow/.local/lib/python3.10/site-packages/airflow/models/baseoperator.py", line 401, in wrapper
    return func(self, *args, **kwargs)
  File "/home/airflow/.local/lib/python3.10/site-packages/airflow/operators/python.py", line 235, in execute
    return_value = self.execute_callable()
  File "/home/airflow/.local/lib/python3.10/site-packages/airflow/operators/python.py", line 252, in execute_callable
    return self.python_callable(*self.op_args, **self.op_kwargs)
  File "/opt/airflow/dags/datawarehouse/dwh.py", line 86, in core_table
    raise e
  File "/opt/airflow/dags/datawarehouse/dwh.py", line 77, in core_table
    ids_to_delete = table_ids - current_video_ids
TypeError: unsupported operand type(s) for -: 'list' and 'set'
[2026-01-11T13:29:49.711+0000] {taskinstance.py:1206} INFO - Marking task as FAILED. dag_id=update_db, task_id=core_table, run_id=manual__2026-01-11T13:29:42.964405+00:00, execution_date=20260111T132942, start_date=20260111T132948, end_date=20260111T132949
[2026-01-11T13:29:49.732+0000] {standard_task_runner.py:110} ERROR - Failed to execute job 94 for task core_table (unsupported operand type(s) for -: 'list' and 'set'; 551)
[2026-01-11T13:29:49.784+0000] {local_task_job_runner.py:240} INFO - Task exited with return code 1
[2026-01-11T13:29:49.804+0000] {taskinstance.py:3503} INFO - 0 downstream tasks scheduled from follow-on schedule check
[2026-01-11T13:29:49.811+0000] {local_task_job_runner.py:222} INFO - ::endgroup::
