[2026-01-14T10:16:41.664+0000] {processor.py:161} INFO - Started process (PID=66) to work on /opt/airflow/dags/main.py
[2026-01-14T10:16:41.669+0000] {processor.py:830} INFO - Processing file /opt/airflow/dags/main.py for tasks to queue
[2026-01-14T10:16:41.696+0000] {logging_mixin.py:188} INFO - [2026-01-14T10:16:41.695+0000] {dagbag.py:545} INFO - Filling up the DagBag from /opt/airflow/dags/main.py
[2026-01-14T10:16:42.878+0000] {processor.py:840} INFO - DAG(s) 'produce_json' retrieved from /opt/airflow/dags/main.py
[2026-01-14T10:16:45.642+0000] {logging_mixin.py:188} INFO - [2026-01-14T10:16:45.641+0000] {dag.py:3096} INFO - Sync 1 DAGs
[2026-01-14T10:16:45.810+0000] {logging_mixin.py:188} INFO - [2026-01-14T10:16:45.810+0000] {dag.py:3954} INFO - Setting next_dagrun for produce_json to 2026-01-14 08:30:00+00:00, run_after=2026-01-15 08:30:00+00:00
[2026-01-14T10:16:45.880+0000] {processor.py:183} INFO - Processing /opt/airflow/dags/main.py took 4.320 seconds
[2026-01-14T10:17:16.714+0000] {processor.py:161} INFO - Started process (PID=73) to work on /opt/airflow/dags/main.py
[2026-01-14T10:17:16.716+0000] {processor.py:830} INFO - Processing file /opt/airflow/dags/main.py for tasks to queue
[2026-01-14T10:17:16.764+0000] {logging_mixin.py:188} INFO - [2026-01-14T10:17:16.719+0000] {dagbag.py:545} INFO - Filling up the DagBag from /opt/airflow/dags/main.py
[2026-01-14T10:17:17.118+0000] {processor.py:840} INFO - DAG(s) 'produce_json' retrieved from /opt/airflow/dags/main.py
[2026-01-14T10:17:17.157+0000] {logging_mixin.py:188} INFO - [2026-01-14T10:17:17.157+0000] {dag.py:3096} INFO - Sync 1 DAGs
[2026-01-14T10:17:17.189+0000] {logging_mixin.py:188} INFO - [2026-01-14T10:17:17.189+0000] {dag.py:3954} INFO - Setting next_dagrun for produce_json to 2026-01-14 08:30:00+00:00, run_after=2026-01-15 08:30:00+00:00
[2026-01-14T10:17:17.218+0000] {processor.py:183} INFO - Processing /opt/airflow/dags/main.py took 0.515 seconds
[2026-01-14T10:17:49.071+0000] {processor.py:161} INFO - Started process (PID=81) to work on /opt/airflow/dags/main.py
[2026-01-14T10:17:49.097+0000] {processor.py:830} INFO - Processing file /opt/airflow/dags/main.py for tasks to queue
[2026-01-14T10:17:49.106+0000] {logging_mixin.py:188} INFO - [2026-01-14T10:17:49.102+0000] {dagbag.py:545} INFO - Filling up the DagBag from /opt/airflow/dags/main.py
[2026-01-14T10:17:50.076+0000] {processor.py:840} INFO - DAG(s) 'produce_json' retrieved from /opt/airflow/dags/main.py
[2026-01-14T10:17:50.140+0000] {logging_mixin.py:188} INFO - [2026-01-14T10:17:50.140+0000] {dag.py:3096} INFO - Sync 1 DAGs
[2026-01-14T10:17:50.202+0000] {logging_mixin.py:188} INFO - [2026-01-14T10:17:50.202+0000] {dag.py:3954} INFO - Setting next_dagrun for produce_json to 2026-01-14 08:30:00+00:00, run_after=2026-01-15 08:30:00+00:00
[2026-01-14T10:17:50.238+0000] {processor.py:183} INFO - Processing /opt/airflow/dags/main.py took 1.437 seconds
[2026-01-14T10:18:20.929+0000] {processor.py:161} INFO - Started process (PID=88) to work on /opt/airflow/dags/main.py
[2026-01-14T10:18:21.046+0000] {processor.py:830} INFO - Processing file /opt/airflow/dags/main.py for tasks to queue
[2026-01-14T10:18:21.053+0000] {logging_mixin.py:188} INFO - [2026-01-14T10:18:21.051+0000] {dagbag.py:545} INFO - Filling up the DagBag from /opt/airflow/dags/main.py
[2026-01-14T10:18:21.787+0000] {processor.py:840} INFO - DAG(s) 'produce_json' retrieved from /opt/airflow/dags/main.py
[2026-01-14T10:18:21.897+0000] {logging_mixin.py:188} INFO - [2026-01-14T10:18:21.897+0000] {dag.py:3096} INFO - Sync 1 DAGs
[2026-01-14T10:18:21.951+0000] {logging_mixin.py:188} INFO - [2026-01-14T10:18:21.951+0000] {dag.py:3954} INFO - Setting next_dagrun for produce_json to 2026-01-14 08:30:00+00:00, run_after=2026-01-15 08:30:00+00:00
[2026-01-14T10:18:22.035+0000] {processor.py:183} INFO - Processing /opt/airflow/dags/main.py took 1.341 seconds
[2026-01-14T10:18:52.591+0000] {processor.py:161} INFO - Started process (PID=95) to work on /opt/airflow/dags/main.py
[2026-01-14T10:18:52.593+0000] {processor.py:830} INFO - Processing file /opt/airflow/dags/main.py for tasks to queue
[2026-01-14T10:18:52.595+0000] {logging_mixin.py:188} INFO - [2026-01-14T10:18:52.595+0000] {dagbag.py:545} INFO - Filling up the DagBag from /opt/airflow/dags/main.py
[2026-01-14T10:18:52.904+0000] {processor.py:840} INFO - DAG(s) 'produce_json' retrieved from /opt/airflow/dags/main.py
[2026-01-14T10:18:52.945+0000] {logging_mixin.py:188} INFO - [2026-01-14T10:18:52.944+0000] {dag.py:3096} INFO - Sync 1 DAGs
[2026-01-14T10:18:52.971+0000] {logging_mixin.py:188} INFO - [2026-01-14T10:18:52.971+0000] {dag.py:3954} INFO - Setting next_dagrun for produce_json to 2026-01-14 08:30:00+00:00, run_after=2026-01-15 08:30:00+00:00
[2026-01-14T10:18:53.026+0000] {processor.py:183} INFO - Processing /opt/airflow/dags/main.py took 0.444 seconds
[2026-01-14T10:19:23.707+0000] {processor.py:161} INFO - Started process (PID=102) to work on /opt/airflow/dags/main.py
[2026-01-14T10:19:23.709+0000] {processor.py:830} INFO - Processing file /opt/airflow/dags/main.py for tasks to queue
[2026-01-14T10:19:23.711+0000] {logging_mixin.py:188} INFO - [2026-01-14T10:19:23.710+0000] {dagbag.py:545} INFO - Filling up the DagBag from /opt/airflow/dags/main.py
[2026-01-14T10:19:23.898+0000] {processor.py:840} INFO - DAG(s) 'produce_json' retrieved from /opt/airflow/dags/main.py
[2026-01-14T10:19:23.930+0000] {logging_mixin.py:188} INFO - [2026-01-14T10:19:23.929+0000] {dag.py:3096} INFO - Sync 1 DAGs
[2026-01-14T10:19:23.956+0000] {logging_mixin.py:188} INFO - [2026-01-14T10:19:23.956+0000] {dag.py:3954} INFO - Setting next_dagrun for produce_json to 2026-01-14 08:30:00+00:00, run_after=2026-01-15 08:30:00+00:00
[2026-01-14T10:19:24.000+0000] {processor.py:183} INFO - Processing /opt/airflow/dags/main.py took 0.304 seconds
[2026-01-14T10:19:54.247+0000] {processor.py:161} INFO - Started process (PID=109) to work on /opt/airflow/dags/main.py
[2026-01-14T10:19:54.249+0000] {processor.py:830} INFO - Processing file /opt/airflow/dags/main.py for tasks to queue
[2026-01-14T10:19:54.250+0000] {logging_mixin.py:188} INFO - [2026-01-14T10:19:54.250+0000] {dagbag.py:545} INFO - Filling up the DagBag from /opt/airflow/dags/main.py
[2026-01-14T10:19:54.522+0000] {processor.py:840} INFO - DAG(s) 'produce_json' retrieved from /opt/airflow/dags/main.py
[2026-01-14T10:19:54.554+0000] {logging_mixin.py:188} INFO - [2026-01-14T10:19:54.554+0000] {dag.py:3096} INFO - Sync 1 DAGs
[2026-01-14T10:19:54.581+0000] {logging_mixin.py:188} INFO - [2026-01-14T10:19:54.580+0000] {dag.py:3954} INFO - Setting next_dagrun for produce_json to 2026-01-14 08:30:00+00:00, run_after=2026-01-15 08:30:00+00:00
[2026-01-14T10:19:54.692+0000] {processor.py:183} INFO - Processing /opt/airflow/dags/main.py took 0.454 seconds
[2026-01-14T10:20:25.049+0000] {processor.py:161} INFO - Started process (PID=116) to work on /opt/airflow/dags/main.py
[2026-01-14T10:20:25.051+0000] {processor.py:830} INFO - Processing file /opt/airflow/dags/main.py for tasks to queue
[2026-01-14T10:20:25.052+0000] {logging_mixin.py:188} INFO - [2026-01-14T10:20:25.051+0000] {dagbag.py:545} INFO - Filling up the DagBag from /opt/airflow/dags/main.py
[2026-01-14T10:20:25.312+0000] {processor.py:840} INFO - DAG(s) 'produce_json' retrieved from /opt/airflow/dags/main.py
[2026-01-14T10:20:25.444+0000] {logging_mixin.py:188} INFO - [2026-01-14T10:20:25.444+0000] {dag.py:3096} INFO - Sync 1 DAGs
[2026-01-14T10:20:25.470+0000] {logging_mixin.py:188} INFO - [2026-01-14T10:20:25.469+0000] {dag.py:3954} INFO - Setting next_dagrun for produce_json to 2026-01-14 08:30:00+00:00, run_after=2026-01-15 08:30:00+00:00
[2026-01-14T10:20:25.604+0000] {processor.py:183} INFO - Processing /opt/airflow/dags/main.py took 0.563 seconds
[2026-01-14T10:20:56.190+0000] {processor.py:161} INFO - Started process (PID=123) to work on /opt/airflow/dags/main.py
[2026-01-14T10:20:56.192+0000] {processor.py:830} INFO - Processing file /opt/airflow/dags/main.py for tasks to queue
[2026-01-14T10:20:56.193+0000] {logging_mixin.py:188} INFO - [2026-01-14T10:20:56.193+0000] {dagbag.py:545} INFO - Filling up the DagBag from /opt/airflow/dags/main.py
[2026-01-14T10:20:56.358+0000] {processor.py:840} INFO - DAG(s) 'produce_json' retrieved from /opt/airflow/dags/main.py
[2026-01-14T10:20:56.477+0000] {logging_mixin.py:188} INFO - [2026-01-14T10:20:56.477+0000] {dag.py:3096} INFO - Sync 1 DAGs
[2026-01-14T10:20:56.502+0000] {logging_mixin.py:188} INFO - [2026-01-14T10:20:56.502+0000] {dag.py:3954} INFO - Setting next_dagrun for produce_json to 2026-01-14 08:30:00+00:00, run_after=2026-01-15 08:30:00+00:00
[2026-01-14T10:20:56.586+0000] {processor.py:183} INFO - Processing /opt/airflow/dags/main.py took 0.404 seconds
[2026-01-14T10:21:27.050+0000] {processor.py:161} INFO - Started process (PID=130) to work on /opt/airflow/dags/main.py
[2026-01-14T10:21:27.052+0000] {processor.py:830} INFO - Processing file /opt/airflow/dags/main.py for tasks to queue
[2026-01-14T10:21:27.053+0000] {logging_mixin.py:188} INFO - [2026-01-14T10:21:27.052+0000] {dagbag.py:545} INFO - Filling up the DagBag from /opt/airflow/dags/main.py
[2026-01-14T10:21:27.317+0000] {processor.py:840} INFO - DAG(s) 'produce_json' retrieved from /opt/airflow/dags/main.py
[2026-01-14T10:21:27.345+0000] {logging_mixin.py:188} INFO - [2026-01-14T10:21:27.345+0000] {dag.py:3096} INFO - Sync 1 DAGs
[2026-01-14T10:21:27.369+0000] {logging_mixin.py:188} INFO - [2026-01-14T10:21:27.369+0000] {dag.py:3954} INFO - Setting next_dagrun for produce_json to 2026-01-14 08:30:00+00:00, run_after=2026-01-15 08:30:00+00:00
[2026-01-14T10:21:27.801+0000] {processor.py:183} INFO - Processing /opt/airflow/dags/main.py took 0.759 seconds
[2026-01-14T10:21:58.453+0000] {processor.py:161} INFO - Started process (PID=138) to work on /opt/airflow/dags/main.py
[2026-01-14T10:21:58.455+0000] {processor.py:830} INFO - Processing file /opt/airflow/dags/main.py for tasks to queue
[2026-01-14T10:21:58.457+0000] {logging_mixin.py:188} INFO - [2026-01-14T10:21:58.456+0000] {dagbag.py:545} INFO - Filling up the DagBag from /opt/airflow/dags/main.py
[2026-01-14T10:21:59.143+0000] {processor.py:840} INFO - DAG(s) 'produce_json' retrieved from /opt/airflow/dags/main.py
[2026-01-14T10:21:59.173+0000] {logging_mixin.py:188} INFO - [2026-01-14T10:21:59.173+0000] {dag.py:3096} INFO - Sync 1 DAGs
[2026-01-14T10:21:59.198+0000] {logging_mixin.py:188} INFO - [2026-01-14T10:21:59.197+0000] {dag.py:3954} INFO - Setting next_dagrun for produce_json to 2026-01-14 08:30:00+00:00, run_after=2026-01-15 08:30:00+00:00
[2026-01-14T10:21:59.491+0000] {processor.py:183} INFO - Processing /opt/airflow/dags/main.py took 1.045 seconds
[2026-01-14T10:22:29.811+0000] {processor.py:161} INFO - Started process (PID=146) to work on /opt/airflow/dags/main.py
[2026-01-14T10:22:29.813+0000] {processor.py:830} INFO - Processing file /opt/airflow/dags/main.py for tasks to queue
[2026-01-14T10:22:29.814+0000] {logging_mixin.py:188} INFO - [2026-01-14T10:22:29.814+0000] {dagbag.py:545} INFO - Filling up the DagBag from /opt/airflow/dags/main.py
[2026-01-14T10:22:29.941+0000] {processor.py:840} INFO - DAG(s) 'produce_json' retrieved from /opt/airflow/dags/main.py
[2026-01-14T10:22:29.969+0000] {logging_mixin.py:188} INFO - [2026-01-14T10:22:29.969+0000] {dag.py:3096} INFO - Sync 1 DAGs
[2026-01-14T10:22:29.995+0000] {logging_mixin.py:188} INFO - [2026-01-14T10:22:29.995+0000] {dag.py:3954} INFO - Setting next_dagrun for produce_json to 2026-01-14 08:30:00+00:00, run_after=2026-01-15 08:30:00+00:00
[2026-01-14T10:22:30.102+0000] {processor.py:183} INFO - Processing /opt/airflow/dags/main.py took 0.299 seconds
[2026-01-14T10:23:00.204+0000] {processor.py:161} INFO - Started process (PID=153) to work on /opt/airflow/dags/main.py
[2026-01-14T10:23:00.206+0000] {processor.py:830} INFO - Processing file /opt/airflow/dags/main.py for tasks to queue
[2026-01-14T10:23:00.207+0000] {logging_mixin.py:188} INFO - [2026-01-14T10:23:00.207+0000] {dagbag.py:545} INFO - Filling up the DagBag from /opt/airflow/dags/main.py
[2026-01-14T10:23:00.334+0000] {processor.py:840} INFO - DAG(s) 'produce_json' retrieved from /opt/airflow/dags/main.py
[2026-01-14T10:23:00.364+0000] {logging_mixin.py:188} INFO - [2026-01-14T10:23:00.364+0000] {dag.py:3096} INFO - Sync 1 DAGs
[2026-01-14T10:23:00.388+0000] {logging_mixin.py:188} INFO - [2026-01-14T10:23:00.388+0000] {dag.py:3954} INFO - Setting next_dagrun for produce_json to 2026-01-14 08:30:00+00:00, run_after=2026-01-15 08:30:00+00:00
[2026-01-14T10:23:00.430+0000] {processor.py:183} INFO - Processing /opt/airflow/dags/main.py took 0.234 seconds
[2026-01-14T10:23:30.735+0000] {processor.py:161} INFO - Started process (PID=160) to work on /opt/airflow/dags/main.py
[2026-01-14T10:23:30.737+0000] {processor.py:830} INFO - Processing file /opt/airflow/dags/main.py for tasks to queue
[2026-01-14T10:23:30.738+0000] {logging_mixin.py:188} INFO - [2026-01-14T10:23:30.738+0000] {dagbag.py:545} INFO - Filling up the DagBag from /opt/airflow/dags/main.py
[2026-01-14T10:23:30.880+0000] {processor.py:840} INFO - DAG(s) 'produce_json' retrieved from /opt/airflow/dags/main.py
[2026-01-14T10:23:30.909+0000] {logging_mixin.py:188} INFO - [2026-01-14T10:23:30.908+0000] {dag.py:3096} INFO - Sync 1 DAGs
[2026-01-14T10:23:30.935+0000] {logging_mixin.py:188} INFO - [2026-01-14T10:23:30.935+0000] {dag.py:3954} INFO - Setting next_dagrun for produce_json to 2026-01-14 08:30:00+00:00, run_after=2026-01-15 08:30:00+00:00
[2026-01-14T10:23:31.169+0000] {processor.py:183} INFO - Processing /opt/airflow/dags/main.py took 0.440 seconds
[2026-01-14T10:24:01.473+0000] {processor.py:161} INFO - Started process (PID=168) to work on /opt/airflow/dags/main.py
[2026-01-14T10:24:01.475+0000] {processor.py:830} INFO - Processing file /opt/airflow/dags/main.py for tasks to queue
[2026-01-14T10:24:01.476+0000] {logging_mixin.py:188} INFO - [2026-01-14T10:24:01.476+0000] {dagbag.py:545} INFO - Filling up the DagBag from /opt/airflow/dags/main.py
[2026-01-14T10:24:01.605+0000] {processor.py:840} INFO - DAG(s) 'produce_json' retrieved from /opt/airflow/dags/main.py
[2026-01-14T10:24:01.636+0000] {logging_mixin.py:188} INFO - [2026-01-14T10:24:01.636+0000] {dag.py:3096} INFO - Sync 1 DAGs
[2026-01-14T10:24:01.664+0000] {logging_mixin.py:188} INFO - [2026-01-14T10:24:01.664+0000] {dag.py:3954} INFO - Setting next_dagrun for produce_json to 2026-01-14 08:30:00+00:00, run_after=2026-01-15 08:30:00+00:00
[2026-01-14T10:24:01.712+0000] {processor.py:183} INFO - Processing /opt/airflow/dags/main.py took 0.248 seconds
[2026-01-14T10:24:31.764+0000] {processor.py:161} INFO - Started process (PID=175) to work on /opt/airflow/dags/main.py
[2026-01-14T10:24:31.766+0000] {processor.py:830} INFO - Processing file /opt/airflow/dags/main.py for tasks to queue
[2026-01-14T10:24:31.767+0000] {logging_mixin.py:188} INFO - [2026-01-14T10:24:31.767+0000] {dagbag.py:545} INFO - Filling up the DagBag from /opt/airflow/dags/main.py
[2026-01-14T10:24:31.948+0000] {processor.py:840} INFO - DAG(s) 'produce_json' retrieved from /opt/airflow/dags/main.py
[2026-01-14T10:24:31.990+0000] {logging_mixin.py:188} INFO - [2026-01-14T10:24:31.989+0000] {dag.py:3096} INFO - Sync 1 DAGs
[2026-01-14T10:24:32.028+0000] {logging_mixin.py:188} INFO - [2026-01-14T10:24:32.028+0000] {dag.py:3954} INFO - Setting next_dagrun for produce_json to 2026-01-14 08:30:00+00:00, run_after=2026-01-15 08:30:00+00:00
[2026-01-14T10:24:32.077+0000] {processor.py:183} INFO - Processing /opt/airflow/dags/main.py took 0.321 seconds
[2026-01-14T10:25:02.341+0000] {processor.py:161} INFO - Started process (PID=182) to work on /opt/airflow/dags/main.py
[2026-01-14T10:25:02.343+0000] {processor.py:830} INFO - Processing file /opt/airflow/dags/main.py for tasks to queue
[2026-01-14T10:25:02.344+0000] {logging_mixin.py:188} INFO - [2026-01-14T10:25:02.344+0000] {dagbag.py:545} INFO - Filling up the DagBag from /opt/airflow/dags/main.py
[2026-01-14T10:25:02.489+0000] {processor.py:840} INFO - DAG(s) 'produce_json' retrieved from /opt/airflow/dags/main.py
[2026-01-14T10:25:02.522+0000] {logging_mixin.py:188} INFO - [2026-01-14T10:25:02.522+0000] {dag.py:3096} INFO - Sync 1 DAGs
[2026-01-14T10:25:02.554+0000] {logging_mixin.py:188} INFO - [2026-01-14T10:25:02.554+0000] {dag.py:3954} INFO - Setting next_dagrun for produce_json to 2026-01-14 08:30:00+00:00, run_after=2026-01-15 08:30:00+00:00
[2026-01-14T10:25:03.023+0000] {processor.py:183} INFO - Processing /opt/airflow/dags/main.py took 0.690 seconds
[2026-01-14T10:25:33.351+0000] {processor.py:161} INFO - Started process (PID=189) to work on /opt/airflow/dags/main.py
[2026-01-14T10:25:33.353+0000] {processor.py:830} INFO - Processing file /opt/airflow/dags/main.py for tasks to queue
[2026-01-14T10:25:33.354+0000] {logging_mixin.py:188} INFO - [2026-01-14T10:25:33.353+0000] {dagbag.py:545} INFO - Filling up the DagBag from /opt/airflow/dags/main.py
[2026-01-14T10:25:33.495+0000] {processor.py:840} INFO - DAG(s) 'produce_json' retrieved from /opt/airflow/dags/main.py
[2026-01-14T10:25:33.526+0000] {logging_mixin.py:188} INFO - [2026-01-14T10:25:33.526+0000] {dag.py:3096} INFO - Sync 1 DAGs
[2026-01-14T10:25:33.572+0000] {logging_mixin.py:188} INFO - [2026-01-14T10:25:33.572+0000] {dag.py:3954} INFO - Setting next_dagrun for produce_json to 2026-01-14 08:30:00+00:00, run_after=2026-01-15 08:30:00+00:00
[2026-01-14T10:25:33.605+0000] {processor.py:183} INFO - Processing /opt/airflow/dags/main.py took 0.264 seconds
[2026-01-14T10:26:03.998+0000] {processor.py:161} INFO - Started process (PID=196) to work on /opt/airflow/dags/main.py
[2026-01-14T10:26:04.098+0000] {processor.py:830} INFO - Processing file /opt/airflow/dags/main.py for tasks to queue
[2026-01-14T10:26:04.102+0000] {logging_mixin.py:188} INFO - [2026-01-14T10:26:04.101+0000] {dagbag.py:545} INFO - Filling up the DagBag from /opt/airflow/dags/main.py
[2026-01-14T10:26:04.394+0000] {processor.py:840} INFO - DAG(s) 'produce_json' retrieved from /opt/airflow/dags/main.py
[2026-01-14T10:26:04.443+0000] {logging_mixin.py:188} INFO - [2026-01-14T10:26:04.443+0000] {dag.py:3096} INFO - Sync 1 DAGs
[2026-01-14T10:26:04.482+0000] {logging_mixin.py:188} INFO - [2026-01-14T10:26:04.481+0000] {dag.py:3954} INFO - Setting next_dagrun for produce_json to 2026-01-14 08:30:00+00:00, run_after=2026-01-15 08:30:00+00:00
[2026-01-14T10:26:04.640+0000] {processor.py:183} INFO - Processing /opt/airflow/dags/main.py took 0.650 seconds
[2026-01-14T10:26:35.376+0000] {processor.py:161} INFO - Started process (PID=203) to work on /opt/airflow/dags/main.py
[2026-01-14T10:26:35.378+0000] {processor.py:830} INFO - Processing file /opt/airflow/dags/main.py for tasks to queue
[2026-01-14T10:26:35.379+0000] {logging_mixin.py:188} INFO - [2026-01-14T10:26:35.378+0000] {dagbag.py:545} INFO - Filling up the DagBag from /opt/airflow/dags/main.py
[2026-01-14T10:26:35.620+0000] {processor.py:840} INFO - DAG(s) 'produce_json' retrieved from /opt/airflow/dags/main.py
[2026-01-14T10:26:35.652+0000] {logging_mixin.py:188} INFO - [2026-01-14T10:26:35.652+0000] {dag.py:3096} INFO - Sync 1 DAGs
[2026-01-14T10:26:35.681+0000] {logging_mixin.py:188} INFO - [2026-01-14T10:26:35.681+0000] {dag.py:3954} INFO - Setting next_dagrun for produce_json to 2026-01-14 08:30:00+00:00, run_after=2026-01-15 08:30:00+00:00
[2026-01-14T10:26:35.716+0000] {processor.py:183} INFO - Processing /opt/airflow/dags/main.py took 0.351 seconds
