[2026-01-18T11:33:45.248+0000] {local_task_job_runner.py:120} INFO - ::group::Pre task execution logs
[2026-01-18T11:33:45.275+0000] {taskinstance.py:2076} INFO - Dependencies all met for dep_context=non-requeueable deps ti=<TaskInstance: produce_json.core_table scheduled__2026-01-17T08:30:00+00:00 [queued]>
[2026-01-18T11:33:45.285+0000] {taskinstance.py:2076} INFO - Dependencies all met for dep_context=requeueable deps ti=<TaskInstance: produce_json.core_table scheduled__2026-01-17T08:30:00+00:00 [queued]>
[2026-01-18T11:33:45.286+0000] {taskinstance.py:2306} INFO - Starting attempt 1 of 1
[2026-01-18T11:33:45.314+0000] {taskinstance.py:2330} INFO - Executing <Task(_PythonDecoratedOperator): core_table> on 2026-01-17 08:30:00+00:00
[2026-01-18T11:33:45.320+0000] {standard_task_runner.py:63} INFO - Started process 95 to run task
[2026-01-18T11:33:45.329+0000] {standard_task_runner.py:90} INFO - Running: ['airflow', 'tasks', 'run', 'produce_json', 'core_table', 'scheduled__2026-01-17T08:30:00+00:00', '--job-id', '7', '--raw', '--subdir', 'DAGS_FOLDER/main.py', '--cfg-path', '/tmp/tmpeox4zai2']
[2026-01-18T11:33:45.331+0000] {standard_task_runner.py:91} INFO - Job 7: Subtask core_table
[2026-01-18T11:33:45.465+0000] {task_command.py:426} INFO - Running <TaskInstance: produce_json.core_table scheduled__2026-01-17T08:30:00+00:00 [running]> on host af19817ce855
[2026-01-18T11:33:45.603+0000] {taskinstance.py:2648} INFO - Exporting env vars: AIRFLOW_CTX_DAG_EMAIL='data@engineers.com' AIRFLOW_CTX_DAG_OWNER='dataengineers' AIRFLOW_CTX_DAG_ID='produce_json' AIRFLOW_CTX_TASK_ID='core_table' AIRFLOW_CTX_EXECUTION_DATE='2026-01-17T08:30:00+00:00' AIRFLOW_CTX_TRY_NUMBER='1' AIRFLOW_CTX_DAG_RUN_ID='scheduled__2026-01-17T08:30:00+00:00'
[2026-01-18T11:33:45.605+0000] {taskinstance.py:430} INFO - ::endgroup::
[2026-01-18T11:33:45.615+0000] {base.py:84} INFO - Using connection ID 'postgres_db_yt_elt' for task execution.
[2026-01-18T11:33:45.623+0000] {base.py:84} INFO - Using connection ID 'postgres_db_yt_elt' for task execution.
[2026-01-18T11:33:45.650+0000] {base.py:84} INFO - Using connection ID 'postgres_db_yt_elt' for task execution.
[2026-01-18T11:33:45.760+0000] {data_modification.py:43} INFO - Inserted row with Video_ID: VbnP4Q5WeyY
[2026-01-18T11:33:45.799+0000] {data_modification.py:43} INFO - Inserted row with Video_ID: 6rJb_sUCm74
[2026-01-18T11:33:45.840+0000] {data_modification.py:43} INFO - Inserted row with Video_ID: _ii08GBoIcY
[2026-01-18T11:33:45.882+0000] {data_modification.py:43} INFO - Inserted row with Video_ID: 90NCGxfoQMY
[2026-01-18T11:33:45.926+0000] {data_modification.py:43} INFO - Inserted row with Video_ID: ewLJUvQbOu4
[2026-01-18T11:33:45.935+0000] {data_modification.py:43} INFO - Inserted row with Video_ID: 4ztHU8PD8pg
[2026-01-18T11:33:45.977+0000] {data_modification.py:43} INFO - Inserted row with Video_ID: ylpkTn08sww
[2026-01-18T11:33:45.986+0000] {data_modification.py:43} INFO - Inserted row with Video_ID: fECgl2A74bE
[2026-01-18T11:33:45.993+0000] {data_modification.py:43} INFO - Inserted row with Video_ID: PVuhM1Mo4ic
[2026-01-18T11:33:46.019+0000] {data_modification.py:43} INFO - Inserted row with Video_ID: K93eM41jWXg
[2026-01-18T11:33:46.044+0000] {data_modification.py:43} INFO - Inserted row with Video_ID: U4oqzTLXv78
[2026-01-18T11:33:46.070+0000] {data_modification.py:43} INFO - Inserted row with Video_ID: JZGaLVbgfHs
[2026-01-18T11:33:46.096+0000] {data_modification.py:43} INFO - Inserted row with Video_ID: SDPKsYBBQD4
[2026-01-18T11:33:46.105+0000] {data_modification.py:43} INFO - Inserted row with Video_ID: W8whOOHnzhI
[2026-01-18T11:33:46.131+0000] {data_modification.py:43} INFO - Inserted row with Video_ID: M8lvhk2nH7w
[2026-01-18T11:33:46.141+0000] {data_modification.py:43} INFO - Inserted row with Video_ID: pYYtYG6hU9w
[2026-01-18T11:33:46.167+0000] {data_modification.py:43} INFO - Inserted row with Video_ID: SgHmsC_y0cg
[2026-01-18T11:33:46.176+0000] {data_modification.py:43} INFO - Inserted row with Video_ID: of3IaC8hZpo
[2026-01-18T11:33:46.255+0000] {data_modification.py:43} INFO - Inserted row with Video_ID: i3FYVpbmpdE
[2026-01-18T11:33:46.264+0000] {data_modification.py:43} INFO - Inserted row with Video_ID: 6ubCFPOwFmk
[2026-01-18T11:33:46.290+0000] {data_modification.py:43} INFO - Inserted row with Video_ID: IztyzM0PLTs
[2026-01-18T11:33:46.316+0000] {data_modification.py:43} INFO - Inserted row with Video_ID: 4z7q04j6Ltc
[2026-01-18T11:33:46.341+0000] {data_modification.py:43} INFO - Inserted row with Video_ID: mErBlm0yzZA
[2026-01-18T11:33:46.368+0000] {data_modification.py:43} INFO - Inserted row with Video_ID: r5jCvtZyVwE
[2026-01-18T11:33:46.394+0000] {data_modification.py:43} INFO - Inserted row with Video_ID: fgMLXYh3PQ0
[2026-01-18T11:33:46.401+0000] {data_modification.py:43} INFO - Inserted row with Video_ID: r0flzJse1Ss
[2026-01-18T11:33:46.408+0000] {data_modification.py:43} INFO - Inserted row with Video_ID: pO3mZsGXcHA
[2026-01-18T11:33:46.415+0000] {data_modification.py:43} INFO - Inserted row with Video_ID: 8l_6JRwt3bA
[2026-01-18T11:33:46.421+0000] {data_modification.py:43} INFO - Inserted row with Video_ID: 1VBQmmdRQfM
[2026-01-18T11:33:46.447+0000] {data_modification.py:43} INFO - Inserted row with Video_ID: t1E4qAVMdqw
[2026-01-18T11:33:46.473+0000] {data_modification.py:43} INFO - Inserted row with Video_ID: T2VGOEpyV2w
[2026-01-18T11:33:46.498+0000] {data_modification.py:43} INFO - Inserted row with Video_ID: qPSn4jpJ0OA
[2026-01-18T11:33:46.524+0000] {data_modification.py:43} INFO - Inserted row with Video_ID: 7nzDoH-SOLw
[2026-01-18T11:33:46.550+0000] {data_modification.py:43} INFO - Inserted row with Video_ID: jdrwZfeTd-o
[2026-01-18T11:33:46.575+0000] {data_modification.py:43} INFO - Inserted row with Video_ID: wbmB_bydA14
[2026-01-18T11:33:46.602+0000] {data_modification.py:43} INFO - Inserted row with Video_ID: IGraly_Lvvg
[2026-01-18T11:33:46.610+0000] {data_modification.py:43} INFO - Inserted row with Video_ID: 3ihrsGN266k
[2026-01-18T11:33:46.617+0000] {data_modification.py:43} INFO - Inserted row with Video_ID: gh9ef6S0ml0
[2026-01-18T11:33:46.643+0000] {data_modification.py:43} INFO - Inserted row with Video_ID: Rjan2zpCyz0
[2026-01-18T11:33:46.669+0000] {data_modification.py:43} INFO - Inserted row with Video_ID: x4jas5FILfU
[2026-01-18T11:33:46.696+0000] {data_modification.py:43} INFO - Inserted row with Video_ID: Z0-8F8OF5JI
[2026-01-18T11:33:46.723+0000] {data_modification.py:43} INFO - Inserted row with Video_ID: tT21NspKJyQ
[2026-01-18T11:33:46.733+0000] {data_modification.py:43} INFO - Inserted row with Video_ID: 1RwUAHmxVGE
[2026-01-18T11:33:46.742+0000] {data_modification.py:43} INFO - Inserted row with Video_ID: TY1RVNihX7A
[2026-01-18T11:33:46.768+0000] {data_modification.py:43} INFO - Inserted row with Video_ID: M4-iqESGPns
[2026-01-18T11:33:46.776+0000] {data_modification.py:43} INFO - Inserted row with Video_ID: mMuL8mptLSs
[2026-01-18T11:33:46.802+0000] {data_modification.py:43} INFO - Inserted row with Video_ID: QzWzmRBxUYQ
[2026-01-18T11:33:46.828+0000] {data_modification.py:43} INFO - Inserted row with Video_ID: Hq5FDA2JPss
[2026-01-18T11:33:46.853+0000] {data_modification.py:43} INFO - Inserted row with Video_ID: elY9zCRbs18
[2026-01-18T11:33:46.879+0000] {data_modification.py:43} INFO - Inserted row with Video_ID: hXA1qFQMRiw
[2026-01-18T11:33:46.904+0000] {data_modification.py:43} INFO - Inserted row with Video_ID: VWbrE0q0IXc
[2026-01-18T11:33:46.931+0000] {data_modification.py:43} INFO - Inserted row with Video_ID: u2kBe9tbUsI
[2026-01-18T11:33:46.957+0000] {data_modification.py:43} INFO - Inserted row with Video_ID: T9747XBa45A
[2026-01-18T11:33:47.045+0000] {data_modification.py:43} INFO - Inserted row with Video_ID: RQXdny94Vek
[2026-01-18T11:33:47.085+0000] {data_modification.py:43} INFO - Inserted row with Video_ID: DxJn08jU42k
[2026-01-18T11:33:47.092+0000] {data_modification.py:43} INFO - Inserted row with Video_ID: CAPdiQDrKg8
[2026-01-18T11:33:47.131+0000] {data_modification.py:43} INFO - Inserted row with Video_ID: 2i6OU_ruNq0
[2026-01-18T11:33:47.138+0000] {data_modification.py:43} INFO - Inserted row with Video_ID: PZMHwRb5AAw
[2026-01-18T11:33:47.176+0000] {data_modification.py:43} INFO - Inserted row with Video_ID: zoMs9WHT3gw
[2026-01-18T11:33:47.213+0000] {data_modification.py:43} INFO - Inserted row with Video_ID: ATiwq1pr7uk
[2026-01-18T11:33:47.222+0000] {data_modification.py:43} INFO - Inserted row with Video_ID: oNizmAuflyU
[2026-01-18T11:33:47.261+0000] {data_modification.py:43} INFO - Inserted row with Video_ID: j73KW1-5Elg
[2026-01-18T11:33:47.270+0000] {data_modification.py:43} INFO - Inserted row with Video_ID: Ol_ADWAq1VE
[2026-01-18T11:33:47.309+0000] {data_modification.py:43} INFO - Inserted row with Video_ID: TDrIBFgb6hE
[2026-01-18T11:33:47.346+0000] {data_modification.py:43} INFO - Inserted row with Video_ID: VbG_J05HnmE
[2026-01-18T11:33:47.385+0000] {data_modification.py:43} INFO - Inserted row with Video_ID: WgCavqDntlQ
[2026-01-18T11:33:47.423+0000] {data_modification.py:43} INFO - Inserted row with Video_ID: NF5AvlWxmo8
[2026-01-18T11:33:47.460+0000] {data_modification.py:43} INFO - Inserted row with Video_ID: RqrviWQ0qQE
[2026-01-18T11:33:47.498+0000] {data_modification.py:43} INFO - Inserted row with Video_ID: WQBc2mY9Jng
[2026-01-18T11:33:47.536+0000] {data_modification.py:43} INFO - Inserted row with Video_ID: beYV4yDvRNM
[2026-01-18T11:33:47.574+0000] {data_modification.py:43} INFO - Inserted row with Video_ID: MUoaF9b3nCU
[2026-01-18T11:33:47.611+0000] {data_modification.py:43} INFO - Inserted row with Video_ID: ZNg6cFcBISw
[2026-01-18T11:33:47.612+0000] {dwh.py:82} INFO - core table update completed
[2026-01-18T11:33:47.614+0000] {python.py:237} INFO - Done. Returned value was: None
[2026-01-18T11:33:47.617+0000] {taskinstance.py:441} INFO - ::group::Post task execution logs
[2026-01-18T11:33:47.632+0000] {taskinstance.py:1206} INFO - Marking task as SUCCESS. dag_id=produce_json, task_id=core_table, run_id=scheduled__2026-01-17T08:30:00+00:00, execution_date=20260117T083000, start_date=20260118T113345, end_date=20260118T113347
[2026-01-18T11:33:47.718+0000] {local_task_job_runner.py:240} INFO - Task exited with return code 0
[2026-01-18T11:33:47.748+0000] {taskinstance.py:3503} INFO - 1 downstream tasks scheduled from follow-on schedule check
[2026-01-18T11:33:47.773+0000] {local_task_job_runner.py:222} INFO - ::endgroup::
