[2026-01-11T13:25:48.549+0000] {local_task_job_runner.py:120} INFO - ::group::Pre task execution logs
[2026-01-11T13:25:48.574+0000] {taskinstance.py:2076} INFO - Dependencies all met for dep_context=non-requeueable deps ti=<TaskInstance: update_db.staging_table manual__2026-01-11T13:25:47.060093+00:00 [queued]>
[2026-01-11T13:25:48.586+0000] {taskinstance.py:2076} INFO - Dependencies all met for dep_context=requeueable deps ti=<TaskInstance: update_db.staging_table manual__2026-01-11T13:25:47.060093+00:00 [queued]>
[2026-01-11T13:25:48.587+0000] {taskinstance.py:2306} INFO - Starting attempt 1 of 1
[2026-01-11T13:25:48.607+0000] {taskinstance.py:2330} INFO - Executing <Task(_PythonDecoratedOperator): staging_table> on 2026-01-11 13:25:47.060093+00:00
[2026-01-11T13:25:48.614+0000] {standard_task_runner.py:63} INFO - Started process 495 to run task
[2026-01-11T13:25:48.618+0000] {standard_task_runner.py:90} INFO - Running: ['airflow', 'tasks', 'run', 'update_db', 'staging_table', 'manual__2026-01-11T13:25:47.060093+00:00', '--job-id', '91', '--raw', '--subdir', 'DAGS_FOLDER/main.py', '--cfg-path', '/tmp/tmppwl5q1ka']
[2026-01-11T13:25:48.620+0000] {standard_task_runner.py:91} INFO - Job 91: Subtask staging_table
[2026-01-11T13:25:48.701+0000] {task_command.py:426} INFO - Running <TaskInstance: update_db.staging_table manual__2026-01-11T13:25:47.060093+00:00 [running]> on host b01b5f90bb7d
[2026-01-11T13:25:48.787+0000] {taskinstance.py:2648} INFO - Exporting env vars: AIRFLOW_CTX_DAG_EMAIL='data@engineers.com' AIRFLOW_CTX_DAG_OWNER='dataengineers' AIRFLOW_CTX_DAG_ID='update_db' AIRFLOW_CTX_TASK_ID='staging_table' AIRFLOW_CTX_EXECUTION_DATE='2026-01-11T13:25:47.060093+00:00' AIRFLOW_CTX_TRY_NUMBER='1' AIRFLOW_CTX_DAG_RUN_ID='manual__2026-01-11T13:25:47.060093+00:00'
[2026-01-11T13:25:48.788+0000] {taskinstance.py:430} INFO - ::endgroup::
[2026-01-11T13:25:48.798+0000] {base.py:84} INFO - Using connection ID 'postgres_db_yt_elt' for task execution.
[2026-01-11T13:25:48.803+0000] {data_loading.py:11} INFO - Processing file: Youtube_data_2026-01-11.json
[2026-01-11T13:25:48.809+0000] {base.py:84} INFO - Using connection ID 'postgres_db_yt_elt' for task execution.
[2026-01-11T13:25:48.815+0000] {base.py:84} INFO - Using connection ID 'postgres_db_yt_elt' for task execution.
[2026-01-11T13:25:48.829+0000] {data_modification.py:80} INFO - Updated row with Video_ID: _ii08GBoIcY
[2026-01-11T13:25:48.835+0000] {data_modification.py:80} INFO - Updated row with Video_ID: 90NCGxfoQMY
[2026-01-11T13:25:48.841+0000] {data_modification.py:80} INFO - Updated row with Video_ID: ewLJUvQbOu4
[2026-01-11T13:25:48.847+0000] {data_modification.py:80} INFO - Updated row with Video_ID: 4ztHU8PD8pg
[2026-01-11T13:25:48.853+0000] {data_modification.py:80} INFO - Updated row with Video_ID: ylpkTn08sww
[2026-01-11T13:25:48.859+0000] {data_modification.py:80} INFO - Updated row with Video_ID: fECgl2A74bE
[2026-01-11T13:25:48.865+0000] {data_modification.py:80} INFO - Updated row with Video_ID: PVuhM1Mo4ic
[2026-01-11T13:25:48.871+0000] {data_modification.py:80} INFO - Updated row with Video_ID: K93eM41jWXg
[2026-01-11T13:25:48.878+0000] {data_modification.py:80} INFO - Updated row with Video_ID: U4oqzTLXv78
[2026-01-11T13:25:48.884+0000] {data_modification.py:80} INFO - Updated row with Video_ID: JZGaLVbgfHs
[2026-01-11T13:25:48.890+0000] {data_modification.py:80} INFO - Updated row with Video_ID: SDPKsYBBQD4
[2026-01-11T13:25:48.897+0000] {data_modification.py:80} INFO - Updated row with Video_ID: W8whOOHnzhI
[2026-01-11T13:25:48.904+0000] {data_modification.py:80} INFO - Updated row with Video_ID: M8lvhk2nH7w
[2026-01-11T13:25:48.909+0000] {data_modification.py:80} INFO - Updated row with Video_ID: pYYtYG6hU9w
[2026-01-11T13:25:48.915+0000] {data_modification.py:80} INFO - Updated row with Video_ID: SgHmsC_y0cg
[2026-01-11T13:25:48.921+0000] {data_modification.py:80} INFO - Updated row with Video_ID: of3IaC8hZpo
[2026-01-11T13:25:48.927+0000] {data_modification.py:80} INFO - Updated row with Video_ID: i3FYVpbmpdE
[2026-01-11T13:25:48.933+0000] {data_modification.py:80} INFO - Updated row with Video_ID: 6ubCFPOwFmk
[2026-01-11T13:25:48.940+0000] {data_modification.py:80} INFO - Updated row with Video_ID: IztyzM0PLTs
[2026-01-11T13:25:48.946+0000] {data_modification.py:80} INFO - Updated row with Video_ID: 4z7q04j6Ltc
[2026-01-11T13:25:48.952+0000] {data_modification.py:80} INFO - Updated row with Video_ID: mErBlm0yzZA
[2026-01-11T13:25:48.958+0000] {data_modification.py:80} INFO - Updated row with Video_ID: r5jCvtZyVwE
[2026-01-11T13:25:48.964+0000] {data_modification.py:80} INFO - Updated row with Video_ID: fgMLXYh3PQ0
[2026-01-11T13:25:48.970+0000] {data_modification.py:80} INFO - Updated row with Video_ID: r0flzJse1Ss
[2026-01-11T13:25:48.976+0000] {data_modification.py:80} INFO - Updated row with Video_ID: pO3mZsGXcHA
[2026-01-11T13:25:48.982+0000] {data_modification.py:80} INFO - Updated row with Video_ID: 8l_6JRwt3bA
[2026-01-11T13:25:48.988+0000] {data_modification.py:80} INFO - Updated row with Video_ID: 1VBQmmdRQfM
[2026-01-11T13:25:48.994+0000] {data_modification.py:80} INFO - Updated row with Video_ID: t1E4qAVMdqw
[2026-01-11T13:25:49.000+0000] {data_modification.py:80} INFO - Updated row with Video_ID: T2VGOEpyV2w
[2026-01-11T13:25:49.006+0000] {data_modification.py:80} INFO - Updated row with Video_ID: qPSn4jpJ0OA
[2026-01-11T13:25:49.012+0000] {data_modification.py:80} INFO - Updated row with Video_ID: 7nzDoH-SOLw
[2026-01-11T13:25:49.018+0000] {data_modification.py:80} INFO - Updated row with Video_ID: jdrwZfeTd-o
[2026-01-11T13:25:49.024+0000] {data_modification.py:80} INFO - Updated row with Video_ID: wbmB_bydA14
[2026-01-11T13:25:49.031+0000] {data_modification.py:80} INFO - Updated row with Video_ID: IGraly_Lvvg
[2026-01-11T13:25:49.039+0000] {data_modification.py:80} INFO - Updated row with Video_ID: 3ihrsGN266k
[2026-01-11T13:25:49.046+0000] {data_modification.py:80} INFO - Updated row with Video_ID: gh9ef6S0ml0
[2026-01-11T13:25:49.053+0000] {data_modification.py:80} INFO - Updated row with Video_ID: Rjan2zpCyz0
[2026-01-11T13:25:49.060+0000] {data_modification.py:80} INFO - Updated row with Video_ID: x4jas5FILfU
[2026-01-11T13:25:49.071+0000] {data_modification.py:80} INFO - Updated row with Video_ID: Z0-8F8OF5JI
[2026-01-11T13:25:49.078+0000] {data_modification.py:80} INFO - Updated row with Video_ID: tT21NspKJyQ
[2026-01-11T13:25:49.085+0000] {data_modification.py:80} INFO - Updated row with Video_ID: 1RwUAHmxVGE
[2026-01-11T13:25:49.092+0000] {data_modification.py:80} INFO - Updated row with Video_ID: TY1RVNihX7A
[2026-01-11T13:25:49.098+0000] {data_modification.py:80} INFO - Updated row with Video_ID: M4-iqESGPns
[2026-01-11T13:25:49.105+0000] {data_modification.py:80} INFO - Updated row with Video_ID: mMuL8mptLSs
[2026-01-11T13:25:49.112+0000] {data_modification.py:80} INFO - Updated row with Video_ID: QzWzmRBxUYQ
[2026-01-11T13:25:49.120+0000] {data_modification.py:80} INFO - Updated row with Video_ID: Hq5FDA2JPss
[2026-01-11T13:25:49.129+0000] {data_modification.py:80} INFO - Updated row with Video_ID: elY9zCRbs18
[2026-01-11T13:25:49.137+0000] {data_modification.py:80} INFO - Updated row with Video_ID: hXA1qFQMRiw
[2026-01-11T13:25:49.146+0000] {data_modification.py:80} INFO - Updated row with Video_ID: VWbrE0q0IXc
[2026-01-11T13:25:49.155+0000] {data_modification.py:80} INFO - Updated row with Video_ID: u2kBe9tbUsI
[2026-01-11T13:25:49.164+0000] {data_modification.py:80} INFO - Updated row with Video_ID: T9747XBa45A
[2026-01-11T13:25:49.173+0000] {data_modification.py:80} INFO - Updated row with Video_ID: RQXdny94Vek
[2026-01-11T13:25:49.182+0000] {data_modification.py:80} INFO - Updated row with Video_ID: DxJn08jU42k
[2026-01-11T13:25:49.190+0000] {data_modification.py:80} INFO - Updated row with Video_ID: CAPdiQDrKg8
[2026-01-11T13:25:49.198+0000] {data_modification.py:80} INFO - Updated row with Video_ID: 2i6OU_ruNq0
[2026-01-11T13:25:49.205+0000] {data_modification.py:80} INFO - Updated row with Video_ID: PZMHwRb5AAw
[2026-01-11T13:25:49.212+0000] {data_modification.py:80} INFO - Updated row with Video_ID: zoMs9WHT3gw
[2026-01-11T13:25:49.219+0000] {data_modification.py:80} INFO - Updated row with Video_ID: ATiwq1pr7uk
[2026-01-11T13:25:49.227+0000] {data_modification.py:80} INFO - Updated row with Video_ID: oNizmAuflyU
[2026-01-11T13:25:49.233+0000] {data_modification.py:80} INFO - Updated row with Video_ID: j73KW1-5Elg
[2026-01-11T13:25:49.240+0000] {data_modification.py:80} INFO - Updated row with Video_ID: Ol_ADWAq1VE
[2026-01-11T13:25:49.247+0000] {data_modification.py:80} INFO - Updated row with Video_ID: TDrIBFgb6hE
[2026-01-11T13:25:49.255+0000] {data_modification.py:80} INFO - Updated row with Video_ID: VbG_J05HnmE
[2026-01-11T13:25:49.262+0000] {data_modification.py:80} INFO - Updated row with Video_ID: WgCavqDntlQ
[2026-01-11T13:25:49.269+0000] {data_modification.py:80} INFO - Updated row with Video_ID: NF5AvlWxmo8
[2026-01-11T13:25:49.276+0000] {data_modification.py:80} INFO - Updated row with Video_ID: RqrviWQ0qQE
[2026-01-11T13:25:49.283+0000] {data_modification.py:80} INFO - Updated row with Video_ID: WQBc2mY9Jng
[2026-01-11T13:25:49.290+0000] {data_modification.py:80} INFO - Updated row with Video_ID: beYV4yDvRNM
[2026-01-11T13:25:49.297+0000] {data_modification.py:80} INFO - Updated row with Video_ID: MUoaF9b3nCU
[2026-01-11T13:25:49.303+0000] {data_modification.py:80} INFO - Updated row with Video_ID: ZNg6cFcBISw
[2026-01-11T13:25:49.304+0000] {dwh.py:40} INFO - staging table update completed
[2026-01-11T13:25:49.305+0000] {python.py:237} INFO - Done. Returned value was: None
[2026-01-11T13:25:49.307+0000] {taskinstance.py:441} INFO - ::group::Post task execution logs
[2026-01-11T13:25:49.319+0000] {taskinstance.py:1206} INFO - Marking task as SUCCESS. dag_id=update_db, task_id=staging_table, run_id=manual__2026-01-11T13:25:47.060093+00:00, execution_date=20260111T132547, start_date=20260111T132548, end_date=20260111T132549
[2026-01-11T13:25:49.354+0000] {local_task_job_runner.py:240} INFO - Task exited with return code 0
[2026-01-11T13:25:49.380+0000] {taskinstance.py:3503} INFO - 0 downstream tasks scheduled from follow-on schedule check
[2026-01-11T13:25:49.389+0000] {local_task_job_runner.py:222} INFO - ::endgroup::
