[2026-01-18T11:16:59.964+0000] {local_task_job_runner.py:120} INFO - ::group::Pre task execution logs
[2026-01-18T11:17:00.048+0000] {taskinstance.py:2076} INFO - Dependencies all met for dep_context=non-requeueable deps ti=<TaskInstance: produce_json.get_playlist_id scheduled__2026-01-17T08:30:00+00:00 [queued]>
[2026-01-18T11:17:00.074+0000] {taskinstance.py:2076} INFO - Dependencies all met for dep_context=requeueable deps ti=<TaskInstance: produce_json.get_playlist_id scheduled__2026-01-17T08:30:00+00:00 [queued]>
[2026-01-18T11:17:00.075+0000] {taskinstance.py:2306} INFO - Starting attempt 1 of 1
[2026-01-18T11:17:00.108+0000] {taskinstance.py:2330} INFO - Executing <Task(_PythonDecoratedOperator): get_playlist_id> on 2026-01-17 08:30:00+00:00
[2026-01-18T11:17:00.211+0000] {standard_task_runner.py:63} INFO - Started process 66 to run task
[2026-01-18T11:17:00.363+0000] {standard_task_runner.py:90} INFO - Running: ['airflow', 'tasks', 'run', 'produce_json', 'get_playlist_id', 'scheduled__2026-01-17T08:30:00+00:00', '--job-id', '19', '--raw', '--subdir', 'DAGS_FOLDER/main.py', '--cfg-path', '/tmp/tmpgiye32mg']
[2026-01-18T11:17:00.365+0000] {standard_task_runner.py:91} INFO - Job 19: Subtask get_playlist_id
[2026-01-18T11:17:00.976+0000] {task_command.py:426} INFO - Running <TaskInstance: produce_json.get_playlist_id scheduled__2026-01-17T08:30:00+00:00 [running]> on host 1e3428f43b29
[2026-01-18T11:17:01.421+0000] {taskinstance.py:2648} INFO - Exporting env vars: AIRFLOW_CTX_DAG_EMAIL='data@engineers.com' AIRFLOW_CTX_DAG_OWNER='dataengineers' AIRFLOW_CTX_DAG_ID='produce_json' AIRFLOW_CTX_TASK_ID='get_playlist_id' AIRFLOW_CTX_EXECUTION_DATE='2026-01-17T08:30:00+00:00' AIRFLOW_CTX_TRY_NUMBER='1' AIRFLOW_CTX_DAG_RUN_ID='scheduled__2026-01-17T08:30:00+00:00'
[2026-01-18T11:17:01.433+0000] {taskinstance.py:430} INFO - ::endgroup::
[2026-01-18T11:17:03.487+0000] {python.py:237} INFO - Done. Returned value was: UUWegChjG2YNdVMobQEMxolQ
[2026-01-18T11:17:03.491+0000] {taskinstance.py:441} INFO - ::group::Post task execution logs
[2026-01-18T11:17:03.852+0000] {taskinstance.py:1206} INFO - Marking task as SUCCESS. dag_id=produce_json, task_id=get_playlist_id, run_id=scheduled__2026-01-17T08:30:00+00:00, execution_date=20260117T083000, start_date=20260118T111700, end_date=20260118T111703
[2026-01-18T11:17:03.943+0000] {local_task_job_runner.py:240} INFO - Task exited with return code 0
[2026-01-18T11:17:03.988+0000] {taskinstance.py:3503} INFO - 1 downstream tasks scheduled from follow-on schedule check
[2026-01-18T11:17:03.997+0000] {local_task_job_runner.py:222} INFO - ::endgroup::
[2026-01-18T11:33:30.848+0000] {local_task_job_runner.py:120} INFO - ::group::Pre task execution logs
[2026-01-18T11:33:30.991+0000] {taskinstance.py:2076} INFO - Dependencies all met for dep_context=non-requeueable deps ti=<TaskInstance: produce_json.get_playlist_id scheduled__2026-01-17T08:30:00+00:00 [queued]>
[2026-01-18T11:33:31.011+0000] {taskinstance.py:2076} INFO - Dependencies all met for dep_context=requeueable deps ti=<TaskInstance: produce_json.get_playlist_id scheduled__2026-01-17T08:30:00+00:00 [queued]>
[2026-01-18T11:33:31.012+0000] {taskinstance.py:2306} INFO - Starting attempt 1 of 1
[2026-01-18T11:33:31.042+0000] {taskinstance.py:2330} INFO - Executing <Task(_PythonDecoratedOperator): get_playlist_id> on 2026-01-17 08:30:00+00:00
[2026-01-18T11:33:31.050+0000] {standard_task_runner.py:63} INFO - Started process 85 to run task
[2026-01-18T11:33:31.066+0000] {standard_task_runner.py:90} INFO - Running: ['airflow', 'tasks', 'run', 'produce_json', 'get_playlist_id', 'scheduled__2026-01-17T08:30:00+00:00', '--job-id', '2', '--raw', '--subdir', 'DAGS_FOLDER/main.py', '--cfg-path', '/tmp/tmpntorgn8z']
[2026-01-18T11:33:31.068+0000] {standard_task_runner.py:91} INFO - Job 2: Subtask get_playlist_id
[2026-01-18T11:33:31.504+0000] {task_command.py:426} INFO - Running <TaskInstance: produce_json.get_playlist_id scheduled__2026-01-17T08:30:00+00:00 [running]> on host af19817ce855
[2026-01-18T11:33:31.928+0000] {taskinstance.py:2648} INFO - Exporting env vars: AIRFLOW_CTX_DAG_EMAIL='data@engineers.com' AIRFLOW_CTX_DAG_OWNER='dataengineers' AIRFLOW_CTX_DAG_ID='produce_json' AIRFLOW_CTX_TASK_ID='get_playlist_id' AIRFLOW_CTX_EXECUTION_DATE='2026-01-17T08:30:00+00:00' AIRFLOW_CTX_TRY_NUMBER='1' AIRFLOW_CTX_DAG_RUN_ID='scheduled__2026-01-17T08:30:00+00:00'
[2026-01-18T11:33:31.930+0000] {taskinstance.py:430} INFO - ::endgroup::
[2026-01-18T11:33:32.605+0000] {python.py:237} INFO - Done. Returned value was: UUWegChjG2YNdVMobQEMxolQ
[2026-01-18T11:33:32.612+0000] {taskinstance.py:441} INFO - ::group::Post task execution logs
[2026-01-18T11:33:32.774+0000] {taskinstance.py:1206} INFO - Marking task as SUCCESS. dag_id=produce_json, task_id=get_playlist_id, run_id=scheduled__2026-01-17T08:30:00+00:00, execution_date=20260117T083000, start_date=20260118T113330, end_date=20260118T113332
[2026-01-18T11:33:32.844+0000] {local_task_job_runner.py:240} INFO - Task exited with return code 0
[2026-01-18T11:33:32.931+0000] {taskinstance.py:3503} INFO - 1 downstream tasks scheduled from follow-on schedule check
[2026-01-18T11:33:32.938+0000] {local_task_job_runner.py:222} INFO - ::endgroup::
