[2026-01-18T11:33:41.224+0000] {local_task_job_runner.py:120} INFO - ::group::Pre task execution logs
[2026-01-18T11:33:41.250+0000] {taskinstance.py:2076} INFO - Dependencies all met for dep_context=non-requeueable deps ti=<TaskInstance: produce_json.staging_table scheduled__2026-01-17T08:30:00+00:00 [queued]>
[2026-01-18T11:33:41.261+0000] {taskinstance.py:2076} INFO - Dependencies all met for dep_context=requeueable deps ti=<TaskInstance: produce_json.staging_table scheduled__2026-01-17T08:30:00+00:00 [queued]>
[2026-01-18T11:33:41.262+0000] {taskinstance.py:2306} INFO - Starting attempt 1 of 1
[2026-01-18T11:33:41.283+0000] {taskinstance.py:2330} INFO - Executing <Task(_PythonDecoratedOperator): staging_table> on 2026-01-17 08:30:00+00:00
[2026-01-18T11:33:41.289+0000] {standard_task_runner.py:63} INFO - Started process 93 to run task
[2026-01-18T11:33:41.293+0000] {standard_task_runner.py:90} INFO - Running: ['airflow', 'tasks', 'run', 'produce_json', 'staging_table', 'scheduled__2026-01-17T08:30:00+00:00', '--job-id', '6', '--raw', '--subdir', 'DAGS_FOLDER/main.py', '--cfg-path', '/tmp/tmpsp464ec0']
[2026-01-18T11:33:41.295+0000] {standard_task_runner.py:91} INFO - Job 6: Subtask staging_table
[2026-01-18T11:33:41.399+0000] {task_command.py:426} INFO - Running <TaskInstance: produce_json.staging_table scheduled__2026-01-17T08:30:00+00:00 [running]> on host af19817ce855
[2026-01-18T11:33:41.523+0000] {taskinstance.py:2648} INFO - Exporting env vars: AIRFLOW_CTX_DAG_EMAIL='data@engineers.com' AIRFLOW_CTX_DAG_OWNER='dataengineers' AIRFLOW_CTX_DAG_ID='produce_json' AIRFLOW_CTX_TASK_ID='staging_table' AIRFLOW_CTX_EXECUTION_DATE='2026-01-17T08:30:00+00:00' AIRFLOW_CTX_TRY_NUMBER='1' AIRFLOW_CTX_DAG_RUN_ID='scheduled__2026-01-17T08:30:00+00:00'
[2026-01-18T11:33:41.524+0000] {taskinstance.py:430} INFO - ::endgroup::
[2026-01-18T11:33:41.571+0000] {base.py:84} INFO - Using connection ID 'postgres_db_yt_elt' for task execution.
[2026-01-18T11:33:41.605+0000] {data_loading.py:11} INFO - Processing file: Youtube_data_2026-01-18.json
[2026-01-18T11:33:41.644+0000] {base.py:84} INFO - Using connection ID 'postgres_db_yt_elt' for task execution.
[2026-01-18T11:33:41.663+0000] {base.py:84} INFO - Using connection ID 'postgres_db_yt_elt' for task execution.
[2026-01-18T11:33:41.825+0000] {data_modification.py:43} INFO - Inserted row with Video_ID: VbnP4Q5WeyY
[2026-01-18T11:33:41.865+0000] {data_modification.py:43} INFO - Inserted row with Video_ID: 6rJb_sUCm74
[2026-01-18T11:33:41.876+0000] {data_modification.py:43} INFO - Inserted row with Video_ID: _ii08GBoIcY
[2026-01-18T11:33:41.883+0000] {data_modification.py:43} INFO - Inserted row with Video_ID: 90NCGxfoQMY
[2026-01-18T11:33:41.890+0000] {data_modification.py:43} INFO - Inserted row with Video_ID: ewLJUvQbOu4
[2026-01-18T11:33:41.897+0000] {data_modification.py:43} INFO - Inserted row with Video_ID: 4ztHU8PD8pg
[2026-01-18T11:33:41.903+0000] {data_modification.py:43} INFO - Inserted row with Video_ID: ylpkTn08sww
[2026-01-18T11:33:41.940+0000] {data_modification.py:43} INFO - Inserted row with Video_ID: fECgl2A74bE
[2026-01-18T11:33:41.950+0000] {data_modification.py:43} INFO - Inserted row with Video_ID: PVuhM1Mo4ic
[2026-01-18T11:33:41.956+0000] {data_modification.py:43} INFO - Inserted row with Video_ID: K93eM41jWXg
[2026-01-18T11:33:41.963+0000] {data_modification.py:43} INFO - Inserted row with Video_ID: U4oqzTLXv78
[2026-01-18T11:33:42.001+0000] {data_modification.py:43} INFO - Inserted row with Video_ID: JZGaLVbgfHs
[2026-01-18T11:33:42.007+0000] {data_modification.py:43} INFO - Inserted row with Video_ID: SDPKsYBBQD4
[2026-01-18T11:33:42.044+0000] {data_modification.py:43} INFO - Inserted row with Video_ID: W8whOOHnzhI
[2026-01-18T11:33:42.083+0000] {data_modification.py:43} INFO - Inserted row with Video_ID: M8lvhk2nH7w
[2026-01-18T11:33:42.113+0000] {data_modification.py:43} INFO - Inserted row with Video_ID: pYYtYG6hU9w
[2026-01-18T11:33:42.144+0000] {data_modification.py:43} INFO - Inserted row with Video_ID: SgHmsC_y0cg
[2026-01-18T11:33:42.176+0000] {data_modification.py:43} INFO - Inserted row with Video_ID: of3IaC8hZpo
[2026-01-18T11:33:42.267+0000] {data_modification.py:43} INFO - Inserted row with Video_ID: i3FYVpbmpdE
[2026-01-18T11:33:42.276+0000] {data_modification.py:43} INFO - Inserted row with Video_ID: 6ubCFPOwFmk
[2026-01-18T11:33:42.325+0000] {data_modification.py:43} INFO - Inserted row with Video_ID: IztyzM0PLTs
[2026-01-18T11:33:42.335+0000] {data_modification.py:43} INFO - Inserted row with Video_ID: 4z7q04j6Ltc
[2026-01-18T11:33:42.376+0000] {data_modification.py:43} INFO - Inserted row with Video_ID: mErBlm0yzZA
[2026-01-18T11:33:42.417+0000] {data_modification.py:43} INFO - Inserted row with Video_ID: r5jCvtZyVwE
[2026-01-18T11:33:42.426+0000] {data_modification.py:43} INFO - Inserted row with Video_ID: fgMLXYh3PQ0
[2026-01-18T11:33:42.432+0000] {data_modification.py:43} INFO - Inserted row with Video_ID: r0flzJse1Ss
[2026-01-18T11:33:42.440+0000] {data_modification.py:43} INFO - Inserted row with Video_ID: pO3mZsGXcHA
[2026-01-18T11:33:42.448+0000] {data_modification.py:43} INFO - Inserted row with Video_ID: 8l_6JRwt3bA
[2026-01-18T11:33:42.455+0000] {data_modification.py:43} INFO - Inserted row with Video_ID: 1VBQmmdRQfM
[2026-01-18T11:33:42.495+0000] {data_modification.py:43} INFO - Inserted row with Video_ID: t1E4qAVMdqw
[2026-01-18T11:33:42.535+0000] {data_modification.py:43} INFO - Inserted row with Video_ID: T2VGOEpyV2w
[2026-01-18T11:33:42.577+0000] {data_modification.py:43} INFO - Inserted row with Video_ID: qPSn4jpJ0OA
[2026-01-18T11:33:42.618+0000] {data_modification.py:43} INFO - Inserted row with Video_ID: 7nzDoH-SOLw
[2026-01-18T11:33:42.631+0000] {data_modification.py:43} INFO - Inserted row with Video_ID: jdrwZfeTd-o
[2026-01-18T11:33:42.673+0000] {data_modification.py:43} INFO - Inserted row with Video_ID: wbmB_bydA14
[2026-01-18T11:33:42.713+0000] {data_modification.py:43} INFO - Inserted row with Video_ID: IGraly_Lvvg
[2026-01-18T11:33:42.753+0000] {data_modification.py:43} INFO - Inserted row with Video_ID: 3ihrsGN266k
[2026-01-18T11:33:42.793+0000] {data_modification.py:43} INFO - Inserted row with Video_ID: gh9ef6S0ml0
[2026-01-18T11:33:42.833+0000] {data_modification.py:43} INFO - Inserted row with Video_ID: Rjan2zpCyz0
[2026-01-18T11:33:42.875+0000] {data_modification.py:43} INFO - Inserted row with Video_ID: x4jas5FILfU
[2026-01-18T11:33:42.915+0000] {data_modification.py:43} INFO - Inserted row with Video_ID: Z0-8F8OF5JI
[2026-01-18T11:33:42.955+0000] {data_modification.py:43} INFO - Inserted row with Video_ID: tT21NspKJyQ
[2026-01-18T11:33:42.995+0000] {data_modification.py:43} INFO - Inserted row with Video_ID: 1RwUAHmxVGE
[2026-01-18T11:33:43.038+0000] {data_modification.py:43} INFO - Inserted row with Video_ID: TY1RVNihX7A
[2026-01-18T11:33:43.083+0000] {data_modification.py:43} INFO - Inserted row with Video_ID: M4-iqESGPns
[2026-01-18T11:33:43.092+0000] {data_modification.py:43} INFO - Inserted row with Video_ID: mMuL8mptLSs
[2026-01-18T11:33:43.138+0000] {data_modification.py:43} INFO - Inserted row with Video_ID: QzWzmRBxUYQ
[2026-01-18T11:33:43.189+0000] {data_modification.py:43} INFO - Inserted row with Video_ID: Hq5FDA2JPss
[2026-01-18T11:33:43.233+0000] {data_modification.py:43} INFO - Inserted row with Video_ID: elY9zCRbs18
[2026-01-18T11:33:43.243+0000] {data_modification.py:43} INFO - Inserted row with Video_ID: hXA1qFQMRiw
[2026-01-18T11:33:43.253+0000] {data_modification.py:43} INFO - Inserted row with Video_ID: VWbrE0q0IXc
[2026-01-18T11:33:43.260+0000] {data_modification.py:43} INFO - Inserted row with Video_ID: u2kBe9tbUsI
[2026-01-18T11:33:43.267+0000] {data_modification.py:43} INFO - Inserted row with Video_ID: T9747XBa45A
[2026-01-18T11:33:43.273+0000] {data_modification.py:43} INFO - Inserted row with Video_ID: RQXdny94Vek
[2026-01-18T11:33:43.319+0000] {data_modification.py:43} INFO - Inserted row with Video_ID: DxJn08jU42k
[2026-01-18T11:33:43.370+0000] {data_modification.py:43} INFO - Inserted row with Video_ID: CAPdiQDrKg8
[2026-01-18T11:33:43.380+0000] {data_modification.py:43} INFO - Inserted row with Video_ID: 2i6OU_ruNq0
[2026-01-18T11:33:43.392+0000] {data_modification.py:43} INFO - Inserted row with Video_ID: PZMHwRb5AAw
[2026-01-18T11:33:43.400+0000] {data_modification.py:43} INFO - Inserted row with Video_ID: zoMs9WHT3gw
[2026-01-18T11:33:43.447+0000] {data_modification.py:43} INFO - Inserted row with Video_ID: ATiwq1pr7uk
[2026-01-18T11:33:43.456+0000] {data_modification.py:43} INFO - Inserted row with Video_ID: oNizmAuflyU
[2026-01-18T11:33:43.503+0000] {data_modification.py:43} INFO - Inserted row with Video_ID: j73KW1-5Elg
[2026-01-18T11:33:43.521+0000] {data_modification.py:43} INFO - Inserted row with Video_ID: Ol_ADWAq1VE
[2026-01-18T11:33:43.570+0000] {data_modification.py:43} INFO - Inserted row with Video_ID: TDrIBFgb6hE
[2026-01-18T11:33:43.615+0000] {data_modification.py:43} INFO - Inserted row with Video_ID: VbG_J05HnmE
[2026-01-18T11:33:43.623+0000] {data_modification.py:43} INFO - Inserted row with Video_ID: WgCavqDntlQ
[2026-01-18T11:33:43.633+0000] {data_modification.py:43} INFO - Inserted row with Video_ID: NF5AvlWxmo8
[2026-01-18T11:33:43.641+0000] {data_modification.py:43} INFO - Inserted row with Video_ID: RqrviWQ0qQE
[2026-01-18T11:33:43.650+0000] {data_modification.py:43} INFO - Inserted row with Video_ID: WQBc2mY9Jng
[2026-01-18T11:33:43.659+0000] {data_modification.py:43} INFO - Inserted row with Video_ID: beYV4yDvRNM
[2026-01-18T11:33:43.667+0000] {data_modification.py:43} INFO - Inserted row with Video_ID: MUoaF9b3nCU
[2026-01-18T11:33:43.674+0000] {data_modification.py:43} INFO - Inserted row with Video_ID: ZNg6cFcBISw
[2026-01-18T11:33:43.675+0000] {dwh.py:40} INFO - staging table update completed
[2026-01-18T11:33:43.675+0000] {python.py:237} INFO - Done. Returned value was: None
[2026-01-18T11:33:43.678+0000] {taskinstance.py:441} INFO - ::group::Post task execution logs
[2026-01-18T11:33:43.690+0000] {taskinstance.py:1206} INFO - Marking task as SUCCESS. dag_id=produce_json, task_id=staging_table, run_id=scheduled__2026-01-17T08:30:00+00:00, execution_date=20260117T083000, start_date=20260118T113341, end_date=20260118T113343
[2026-01-18T11:33:43.722+0000] {local_task_job_runner.py:240} INFO - Task exited with return code 0
[2026-01-18T11:33:43.753+0000] {taskinstance.py:3503} INFO - 1 downstream tasks scheduled from follow-on schedule check
[2026-01-18T11:33:43.759+0000] {local_task_job_runner.py:222} INFO - ::endgroup::
