[2026-01-13T17:07:02.555+0000] {local_task_job_runner.py:120} INFO - ::group::Pre task execution logs
[2026-01-13T17:07:02.781+0000] {taskinstance.py:2076} INFO - Dependencies all met for dep_context=non-requeueable deps ti=<TaskInstance: update_db.core_table manual__2026-01-11T13:21:38.857162+00:00 [queued]>
[2026-01-13T17:07:02.888+0000] {taskinstance.py:2076} INFO - Dependencies all met for dep_context=requeueable deps ti=<TaskInstance: update_db.core_table manual__2026-01-11T13:21:38.857162+00:00 [queued]>
[2026-01-13T17:07:02.893+0000] {taskinstance.py:2306} INFO - Starting attempt 2 of 2
[2026-01-13T17:07:03.025+0000] {taskinstance.py:2330} INFO - Executing <Task(_PythonDecoratedOperator): core_table> on 2026-01-11 13:21:38.857162+00:00
[2026-01-13T17:07:03.051+0000] {standard_task_runner.py:63} INFO - Started process 242 to run task
[2026-01-13T17:07:03.076+0000] {standard_task_runner.py:90} INFO - Running: ['airflow', 'tasks', 'run', 'update_db', 'core_table', 'manual__2026-01-11T13:21:38.857162+00:00', '--job-id', '173', '--raw', '--subdir', 'DAGS_FOLDER/main.py', '--cfg-path', '/tmp/tmpcgop96g4']
[2026-01-13T17:07:03.080+0000] {standard_task_runner.py:91} INFO - Job 173: Subtask core_table
[2026-01-13T17:07:03.399+0000] {task_command.py:426} INFO - Running <TaskInstance: update_db.core_table manual__2026-01-11T13:21:38.857162+00:00 [running]> on host 267ad21334fe
[2026-01-13T17:07:03.788+0000] {taskinstance.py:2648} INFO - Exporting env vars: AIRFLOW_CTX_DAG_EMAIL='data@engineers.com' AIRFLOW_CTX_DAG_OWNER='dataengineers' AIRFLOW_CTX_DAG_ID='update_db' AIRFLOW_CTX_TASK_ID='core_table' AIRFLOW_CTX_EXECUTION_DATE='2026-01-11T13:21:38.857162+00:00' AIRFLOW_CTX_TRY_NUMBER='2' AIRFLOW_CTX_DAG_RUN_ID='manual__2026-01-11T13:21:38.857162+00:00'
[2026-01-13T17:07:03.796+0000] {taskinstance.py:430} INFO - ::endgroup::
[2026-01-13T17:07:04.535+0000] {base.py:84} INFO - Using connection ID 'postgres_db_yt_elt' for task execution.
[2026-01-13T17:07:04.590+0000] {base.py:84} INFO - Using connection ID 'postgres_db_yt_elt' for task execution.
[2026-01-13T17:07:04.680+0000] {base.py:84} INFO - Using connection ID 'postgres_db_yt_elt' for task execution.
[2026-01-13T17:07:04.784+0000] {data_modification.py:80} INFO - Updated row with Video_ID: Z0-8F8OF5JI
[2026-01-13T17:07:04.815+0000] {data_modification.py:80} INFO - Updated row with Video_ID: tT21NspKJyQ
[2026-01-13T17:07:04.923+0000] {data_modification.py:80} INFO - Updated row with Video_ID: 1RwUAHmxVGE
[2026-01-13T17:07:05.009+0000] {data_modification.py:80} INFO - Updated row with Video_ID: TY1RVNihX7A
[2026-01-13T17:07:05.060+0000] {data_modification.py:80} INFO - Updated row with Video_ID: M4-iqESGPns
[2026-01-13T17:07:05.097+0000] {data_modification.py:80} INFO - Updated row with Video_ID: mMuL8mptLSs
[2026-01-13T17:07:05.130+0000] {data_modification.py:80} INFO - Updated row with Video_ID: MUoaF9b3nCU
[2026-01-13T17:07:05.197+0000] {data_modification.py:80} INFO - Updated row with Video_ID: j73KW1-5Elg
[2026-01-13T17:07:05.212+0000] {data_modification.py:80} INFO - Updated row with Video_ID: Ol_ADWAq1VE
[2026-01-13T17:07:05.270+0000] {data_modification.py:80} INFO - Updated row with Video_ID: TDrIBFgb6hE
[2026-01-13T17:07:05.369+0000] {data_modification.py:80} INFO - Updated row with Video_ID: VbG_J05HnmE
[2026-01-13T17:07:05.454+0000] {data_modification.py:80} INFO - Updated row with Video_ID: WgCavqDntlQ
[2026-01-13T17:07:05.507+0000] {data_modification.py:80} INFO - Updated row with Video_ID: NF5AvlWxmo8
[2026-01-13T17:07:05.593+0000] {data_modification.py:80} INFO - Updated row with Video_ID: of3IaC8hZpo
[2026-01-13T17:07:05.638+0000] {data_modification.py:80} INFO - Updated row with Video_ID: i3FYVpbmpdE
[2026-01-13T17:07:05.660+0000] {data_modification.py:80} INFO - Updated row with Video_ID: RqrviWQ0qQE
[2026-01-13T17:07:05.698+0000] {data_modification.py:80} INFO - Updated row with Video_ID: 6ubCFPOwFmk
[2026-01-13T17:07:05.738+0000] {data_modification.py:80} INFO - Updated row with Video_ID: WQBc2mY9Jng
[2026-01-13T17:07:05.798+0000] {data_modification.py:80} INFO - Updated row with Video_ID: IztyzM0PLTs
[2026-01-13T17:07:05.900+0000] {data_modification.py:80} INFO - Updated row with Video_ID: 4z7q04j6Ltc
[2026-01-13T17:07:05.923+0000] {data_modification.py:80} INFO - Updated row with Video_ID: mErBlm0yzZA
[2026-01-13T17:07:05.960+0000] {data_modification.py:80} INFO - Updated row with Video_ID: r5jCvtZyVwE
[2026-01-13T17:07:05.986+0000] {data_modification.py:80} INFO - Updated row with Video_ID: fgMLXYh3PQ0
[2026-01-13T17:07:05.995+0000] {data_modification.py:80} INFO - Updated row with Video_ID: beYV4yDvRNM
[2026-01-13T17:07:06.018+0000] {data_modification.py:80} INFO - Updated row with Video_ID: r0flzJse1Ss
[2026-01-13T17:07:06.061+0000] {data_modification.py:80} INFO - Updated row with Video_ID: pO3mZsGXcHA
[2026-01-13T17:07:06.075+0000] {data_modification.py:80} INFO - Updated row with Video_ID: 8l_6JRwt3bA
[2026-01-13T17:07:06.090+0000] {data_modification.py:80} INFO - Updated row with Video_ID: T2VGOEpyV2w
[2026-01-13T17:07:06.123+0000] {data_modification.py:80} INFO - Updated row with Video_ID: qPSn4jpJ0OA
[2026-01-13T17:07:06.164+0000] {data_modification.py:80} INFO - Updated row with Video_ID: 7nzDoH-SOLw
[2026-01-13T17:07:06.192+0000] {data_modification.py:80} INFO - Updated row with Video_ID: jdrwZfeTd-o
[2026-01-13T17:07:06.224+0000] {data_modification.py:80} INFO - Updated row with Video_ID: wbmB_bydA14
[2026-01-13T17:07:06.243+0000] {data_modification.py:80} INFO - Updated row with Video_ID: SDPKsYBBQD4
[2026-01-13T17:07:06.286+0000] {data_modification.py:80} INFO - Updated row with Video_ID: IGraly_Lvvg
[2026-01-13T17:07:06.313+0000] {data_modification.py:80} INFO - Updated row with Video_ID: W8whOOHnzhI
[2026-01-13T17:07:06.354+0000] {data_modification.py:80} INFO - Updated row with Video_ID: ZNg6cFcBISw
[2026-01-13T17:07:06.396+0000] {data_modification.py:80} INFO - Updated row with Video_ID: M8lvhk2nH7w
[2026-01-13T17:07:06.414+0000] {data_modification.py:80} INFO - Updated row with Video_ID: pYYtYG6hU9w
[2026-01-13T17:07:06.446+0000] {data_modification.py:80} INFO - Updated row with Video_ID: SgHmsC_y0cg
[2026-01-13T17:07:06.522+0000] {data_modification.py:80} INFO - Updated row with Video_ID: oNizmAuflyU
[2026-01-13T17:07:06.538+0000] {data_modification.py:80} INFO - Updated row with Video_ID: JZGaLVbgfHs
[2026-01-13T17:07:06.554+0000] {data_modification.py:80} INFO - Updated row with Video_ID: 3ihrsGN266k
[2026-01-13T17:07:06.577+0000] {data_modification.py:80} INFO - Updated row with Video_ID: gh9ef6S0ml0
[2026-01-13T17:07:06.591+0000] {data_modification.py:80} INFO - Updated row with Video_ID: Rjan2zpCyz0
[2026-01-13T17:07:06.615+0000] {data_modification.py:80} INFO - Updated row with Video_ID: x4jas5FILfU
[2026-01-13T17:07:06.673+0000] {data_modification.py:80} INFO - Updated row with Video_ID: QzWzmRBxUYQ
[2026-01-13T17:07:06.702+0000] {data_modification.py:80} INFO - Updated row with Video_ID: Hq5FDA2JPss
[2026-01-13T17:07:06.724+0000] {data_modification.py:80} INFO - Updated row with Video_ID: elY9zCRbs18
[2026-01-13T17:07:06.767+0000] {data_modification.py:80} INFO - Updated row with Video_ID: hXA1qFQMRiw
[2026-01-13T17:07:06.825+0000] {data_modification.py:80} INFO - Updated row with Video_ID: ATiwq1pr7uk
[2026-01-13T17:07:06.886+0000] {data_modification.py:80} INFO - Updated row with Video_ID: _ii08GBoIcY
[2026-01-13T17:07:06.916+0000] {data_modification.py:80} INFO - Updated row with Video_ID: 90NCGxfoQMY
[2026-01-13T17:07:07.204+0000] {data_modification.py:80} INFO - Updated row with Video_ID: ewLJUvQbOu4
[2026-01-13T17:07:07.227+0000] {data_modification.py:80} INFO - Updated row with Video_ID: 4ztHU8PD8pg
[2026-01-13T17:07:07.244+0000] {data_modification.py:80} INFO - Updated row with Video_ID: ylpkTn08sww
[2026-01-13T17:07:07.264+0000] {data_modification.py:80} INFO - Updated row with Video_ID: fECgl2A74bE
[2026-01-13T17:07:07.292+0000] {data_modification.py:80} INFO - Updated row with Video_ID: PVuhM1Mo4ic
[2026-01-13T17:07:07.342+0000] {data_modification.py:80} INFO - Updated row with Video_ID: K93eM41jWXg
[2026-01-13T17:07:07.399+0000] {data_modification.py:80} INFO - Updated row with Video_ID: U4oqzTLXv78
[2026-01-13T17:07:07.414+0000] {data_modification.py:80} INFO - Updated row with Video_ID: 1VBQmmdRQfM
[2026-01-13T17:07:07.430+0000] {data_modification.py:80} INFO - Updated row with Video_ID: t1E4qAVMdqw
[2026-01-13T17:07:07.487+0000] {data_modification.py:80} INFO - Updated row with Video_ID: VWbrE0q0IXc
[2026-01-13T17:07:07.509+0000] {data_modification.py:80} INFO - Updated row with Video_ID: u2kBe9tbUsI
[2026-01-13T17:07:07.538+0000] {data_modification.py:80} INFO - Updated row with Video_ID: T9747XBa45A
[2026-01-13T17:07:07.554+0000] {data_modification.py:80} INFO - Updated row with Video_ID: RQXdny94Vek
[2026-01-13T17:07:07.570+0000] {data_modification.py:80} INFO - Updated row with Video_ID: DxJn08jU42k
[2026-01-13T17:07:07.581+0000] {data_modification.py:80} INFO - Updated row with Video_ID: CAPdiQDrKg8
[2026-01-13T17:07:07.595+0000] {data_modification.py:80} INFO - Updated row with Video_ID: 2i6OU_ruNq0
[2026-01-13T17:07:07.605+0000] {data_modification.py:80} INFO - Updated row with Video_ID: PZMHwRb5AAw
[2026-01-13T17:07:07.622+0000] {data_modification.py:80} INFO - Updated row with Video_ID: zoMs9WHT3gw
[2026-01-13T17:07:07.626+0000] {dwh.py:82} INFO - core table update completed
[2026-01-13T17:07:07.629+0000] {python.py:237} INFO - Done. Returned value was: None
[2026-01-13T17:07:07.635+0000] {taskinstance.py:441} INFO - ::group::Post task execution logs
[2026-01-13T17:07:07.718+0000] {taskinstance.py:1206} INFO - Marking task as SUCCESS. dag_id=update_db, task_id=core_table, run_id=manual__2026-01-11T13:21:38.857162+00:00, execution_date=20260111T132138, start_date=20260113T170702, end_date=20260113T170707
[2026-01-13T17:07:07.788+0000] {local_task_job_runner.py:240} INFO - Task exited with return code 0
[2026-01-13T17:07:07.848+0000] {taskinstance.py:3503} INFO - 1 downstream tasks scheduled from follow-on schedule check
[2026-01-13T17:07:07.855+0000] {local_task_job_runner.py:222} INFO - ::endgroup::
