[2026-01-11T13:20:07.047+0000] {local_task_job_runner.py:120} INFO - ::group::Pre task execution logs
[2026-01-11T13:20:07.071+0000] {taskinstance.py:2076} INFO - Dependencies all met for dep_context=non-requeueable deps ti=<TaskInstance: update_db.staging_table manual__2026-01-11T13:20:04.998090+00:00 [queued]>
[2026-01-11T13:20:07.080+0000] {taskinstance.py:2076} INFO - Dependencies all met for dep_context=requeueable deps ti=<TaskInstance: update_db.staging_table manual__2026-01-11T13:20:04.998090+00:00 [queued]>
[2026-01-11T13:20:07.080+0000] {taskinstance.py:2306} INFO - Starting attempt 1 of 1
[2026-01-11T13:20:07.097+0000] {taskinstance.py:2330} INFO - Executing <Task(_PythonDecoratedOperator): staging_table> on 2026-01-11 13:20:04.998090+00:00
[2026-01-11T13:20:07.105+0000] {standard_task_runner.py:63} INFO - Started process 405 to run task
[2026-01-11T13:20:07.109+0000] {standard_task_runner.py:90} INFO - Running: ['airflow', 'tasks', 'run', 'update_db', 'staging_table', 'manual__2026-01-11T13:20:04.998090+00:00', '--job-id', '85', '--raw', '--subdir', 'DAGS_FOLDER/main.py', '--cfg-path', '/tmp/tmpd3ss_cpa']
[2026-01-11T13:20:07.111+0000] {standard_task_runner.py:91} INFO - Job 85: Subtask staging_table
[2026-01-11T13:20:07.190+0000] {task_command.py:426} INFO - Running <TaskInstance: update_db.staging_table manual__2026-01-11T13:20:04.998090+00:00 [running]> on host b01b5f90bb7d
[2026-01-11T13:20:07.281+0000] {taskinstance.py:2648} INFO - Exporting env vars: AIRFLOW_CTX_DAG_EMAIL='data@engineers.com' AIRFLOW_CTX_DAG_OWNER='dataengineers' AIRFLOW_CTX_DAG_ID='update_db' AIRFLOW_CTX_TASK_ID='staging_table' AIRFLOW_CTX_EXECUTION_DATE='2026-01-11T13:20:04.998090+00:00' AIRFLOW_CTX_TRY_NUMBER='1' AIRFLOW_CTX_DAG_RUN_ID='manual__2026-01-11T13:20:04.998090+00:00'
[2026-01-11T13:20:07.282+0000] {taskinstance.py:430} INFO - ::endgroup::
[2026-01-11T13:20:07.291+0000] {base.py:84} INFO - Using connection ID 'postgres_db_yt_elt' for task execution.
[2026-01-11T13:20:07.296+0000] {data_loading.py:11} INFO - Processing file: Youtube_data_2026-01-11.json
[2026-01-11T13:20:07.302+0000] {base.py:84} INFO - Using connection ID 'postgres_db_yt_elt' for task execution.
[2026-01-11T13:20:07.310+0000] {base.py:84} INFO - Using connection ID 'postgres_db_yt_elt' for task execution.
[2026-01-11T13:20:07.330+0000] {data_modification.py:43} INFO - Inserted row with Video_ID: _ii08GBoIcY
[2026-01-11T13:20:07.336+0000] {data_modification.py:43} INFO - Inserted row with Video_ID: 90NCGxfoQMY
[2026-01-11T13:20:07.342+0000] {data_modification.py:43} INFO - Inserted row with Video_ID: ewLJUvQbOu4
[2026-01-11T13:20:07.353+0000] {data_modification.py:43} INFO - Inserted row with Video_ID: 4ztHU8PD8pg
[2026-01-11T13:20:07.364+0000] {data_modification.py:43} INFO - Inserted row with Video_ID: ylpkTn08sww
[2026-01-11T13:20:07.374+0000] {data_modification.py:43} INFO - Inserted row with Video_ID: fECgl2A74bE
[2026-01-11T13:20:07.386+0000] {data_modification.py:43} INFO - Inserted row with Video_ID: PVuhM1Mo4ic
[2026-01-11T13:20:07.396+0000] {data_modification.py:43} INFO - Inserted row with Video_ID: K93eM41jWXg
[2026-01-11T13:20:07.407+0000] {data_modification.py:43} INFO - Inserted row with Video_ID: U4oqzTLXv78
[2026-01-11T13:20:07.416+0000] {data_modification.py:43} INFO - Inserted row with Video_ID: JZGaLVbgfHs
[2026-01-11T13:20:07.423+0000] {data_modification.py:43} INFO - Inserted row with Video_ID: SDPKsYBBQD4
[2026-01-11T13:20:07.430+0000] {data_modification.py:43} INFO - Inserted row with Video_ID: W8whOOHnzhI
[2026-01-11T13:20:07.438+0000] {data_modification.py:43} INFO - Inserted row with Video_ID: M8lvhk2nH7w
[2026-01-11T13:20:07.445+0000] {data_modification.py:43} INFO - Inserted row with Video_ID: pYYtYG6hU9w
[2026-01-11T13:20:07.452+0000] {data_modification.py:43} INFO - Inserted row with Video_ID: SgHmsC_y0cg
[2026-01-11T13:20:07.459+0000] {data_modification.py:43} INFO - Inserted row with Video_ID: of3IaC8hZpo
[2026-01-11T13:20:07.467+0000] {data_modification.py:43} INFO - Inserted row with Video_ID: i3FYVpbmpdE
[2026-01-11T13:20:07.473+0000] {data_modification.py:43} INFO - Inserted row with Video_ID: 6ubCFPOwFmk
[2026-01-11T13:20:07.481+0000] {data_modification.py:43} INFO - Inserted row with Video_ID: IztyzM0PLTs
[2026-01-11T13:20:07.487+0000] {data_modification.py:43} INFO - Inserted row with Video_ID: 4z7q04j6Ltc
[2026-01-11T13:20:07.494+0000] {data_modification.py:43} INFO - Inserted row with Video_ID: mErBlm0yzZA
[2026-01-11T13:20:07.501+0000] {data_modification.py:43} INFO - Inserted row with Video_ID: r5jCvtZyVwE
[2026-01-11T13:20:07.507+0000] {data_modification.py:43} INFO - Inserted row with Video_ID: fgMLXYh3PQ0
[2026-01-11T13:20:07.514+0000] {data_modification.py:43} INFO - Inserted row with Video_ID: r0flzJse1Ss
[2026-01-11T13:20:07.520+0000] {data_modification.py:43} INFO - Inserted row with Video_ID: pO3mZsGXcHA
[2026-01-11T13:20:07.527+0000] {data_modification.py:43} INFO - Inserted row with Video_ID: 8l_6JRwt3bA
[2026-01-11T13:20:07.533+0000] {data_modification.py:43} INFO - Inserted row with Video_ID: 1VBQmmdRQfM
[2026-01-11T13:20:07.539+0000] {data_modification.py:43} INFO - Inserted row with Video_ID: t1E4qAVMdqw
[2026-01-11T13:20:07.549+0000] {data_modification.py:43} INFO - Inserted row with Video_ID: T2VGOEpyV2w
[2026-01-11T13:20:07.560+0000] {data_modification.py:43} INFO - Inserted row with Video_ID: qPSn4jpJ0OA
[2026-01-11T13:20:07.571+0000] {data_modification.py:43} INFO - Inserted row with Video_ID: 7nzDoH-SOLw
[2026-01-11T13:20:07.581+0000] {data_modification.py:43} INFO - Inserted row with Video_ID: jdrwZfeTd-o
[2026-01-11T13:20:07.592+0000] {data_modification.py:43} INFO - Inserted row with Video_ID: wbmB_bydA14
[2026-01-11T13:20:07.602+0000] {data_modification.py:43} INFO - Inserted row with Video_ID: IGraly_Lvvg
[2026-01-11T13:20:07.613+0000] {data_modification.py:43} INFO - Inserted row with Video_ID: 3ihrsGN266k
[2026-01-11T13:20:07.625+0000] {data_modification.py:43} INFO - Inserted row with Video_ID: gh9ef6S0ml0
[2026-01-11T13:20:07.636+0000] {data_modification.py:43} INFO - Inserted row with Video_ID: Rjan2zpCyz0
[2026-01-11T13:20:07.646+0000] {data_modification.py:43} INFO - Inserted row with Video_ID: x4jas5FILfU
[2026-01-11T13:20:07.656+0000] {data_modification.py:43} INFO - Inserted row with Video_ID: Z0-8F8OF5JI
[2026-01-11T13:20:07.666+0000] {data_modification.py:43} INFO - Inserted row with Video_ID: tT21NspKJyQ
[2026-01-11T13:20:07.677+0000] {data_modification.py:43} INFO - Inserted row with Video_ID: 1RwUAHmxVGE
[2026-01-11T13:20:07.688+0000] {data_modification.py:43} INFO - Inserted row with Video_ID: TY1RVNihX7A
[2026-01-11T13:20:07.698+0000] {data_modification.py:43} INFO - Inserted row with Video_ID: M4-iqESGPns
[2026-01-11T13:20:07.708+0000] {data_modification.py:43} INFO - Inserted row with Video_ID: mMuL8mptLSs
[2026-01-11T13:20:07.718+0000] {data_modification.py:43} INFO - Inserted row with Video_ID: QzWzmRBxUYQ
[2026-01-11T13:20:07.729+0000] {data_modification.py:43} INFO - Inserted row with Video_ID: Hq5FDA2JPss
[2026-01-11T13:20:07.740+0000] {data_modification.py:43} INFO - Inserted row with Video_ID: elY9zCRbs18
[2026-01-11T13:20:07.750+0000] {data_modification.py:43} INFO - Inserted row with Video_ID: hXA1qFQMRiw
[2026-01-11T13:20:07.761+0000] {data_modification.py:43} INFO - Inserted row with Video_ID: VWbrE0q0IXc
[2026-01-11T13:20:07.772+0000] {data_modification.py:43} INFO - Inserted row with Video_ID: u2kBe9tbUsI
[2026-01-11T13:20:07.782+0000] {data_modification.py:43} INFO - Inserted row with Video_ID: T9747XBa45A
[2026-01-11T13:20:07.792+0000] {data_modification.py:43} INFO - Inserted row with Video_ID: RQXdny94Vek
[2026-01-11T13:20:07.803+0000] {data_modification.py:43} INFO - Inserted row with Video_ID: DxJn08jU42k
[2026-01-11T13:20:07.814+0000] {data_modification.py:43} INFO - Inserted row with Video_ID: CAPdiQDrKg8
[2026-01-11T13:20:07.824+0000] {data_modification.py:43} INFO - Inserted row with Video_ID: 2i6OU_ruNq0
[2026-01-11T13:20:07.835+0000] {data_modification.py:43} INFO - Inserted row with Video_ID: PZMHwRb5AAw
[2026-01-11T13:20:07.845+0000] {data_modification.py:43} INFO - Inserted row with Video_ID: zoMs9WHT3gw
[2026-01-11T13:20:07.855+0000] {data_modification.py:43} INFO - Inserted row with Video_ID: ATiwq1pr7uk
[2026-01-11T13:20:07.866+0000] {data_modification.py:43} INFO - Inserted row with Video_ID: oNizmAuflyU
[2026-01-11T13:20:07.877+0000] {data_modification.py:43} INFO - Inserted row with Video_ID: j73KW1-5Elg
[2026-01-11T13:20:07.887+0000] {data_modification.py:43} INFO - Inserted row with Video_ID: Ol_ADWAq1VE
[2026-01-11T13:20:07.894+0000] {data_modification.py:43} INFO - Inserted row with Video_ID: TDrIBFgb6hE
[2026-01-11T13:20:07.902+0000] {data_modification.py:43} INFO - Inserted row with Video_ID: VbG_J05HnmE
[2026-01-11T13:20:07.909+0000] {data_modification.py:43} INFO - Inserted row with Video_ID: WgCavqDntlQ
[2026-01-11T13:20:07.917+0000] {data_modification.py:43} INFO - Inserted row with Video_ID: NF5AvlWxmo8
[2026-01-11T13:20:07.923+0000] {data_modification.py:43} INFO - Inserted row with Video_ID: RqrviWQ0qQE
[2026-01-11T13:20:07.930+0000] {data_modification.py:43} INFO - Inserted row with Video_ID: WQBc2mY9Jng
[2026-01-11T13:20:07.937+0000] {data_modification.py:43} INFO - Inserted row with Video_ID: beYV4yDvRNM
[2026-01-11T13:20:07.944+0000] {data_modification.py:43} INFO - Inserted row with Video_ID: MUoaF9b3nCU
[2026-01-11T13:20:07.950+0000] {data_modification.py:43} INFO - Inserted row with Video_ID: ZNg6cFcBISw
[2026-01-11T13:20:07.951+0000] {dwh.py:40} INFO - staging table update completed
[2026-01-11T13:20:07.952+0000] {python.py:237} INFO - Done. Returned value was: None
[2026-01-11T13:20:07.956+0000] {taskinstance.py:441} INFO - ::group::Post task execution logs
[2026-01-11T13:20:07.967+0000] {taskinstance.py:1206} INFO - Marking task as SUCCESS. dag_id=update_db, task_id=staging_table, run_id=manual__2026-01-11T13:20:04.998090+00:00, execution_date=20260111T132004, start_date=20260111T132007, end_date=20260111T132007
[2026-01-11T13:20:08.007+0000] {local_task_job_runner.py:240} INFO - Task exited with return code 0
[2026-01-11T13:20:08.031+0000] {taskinstance.py:3503} INFO - 1 downstream tasks scheduled from follow-on schedule check
[2026-01-11T13:20:08.038+0000] {local_task_job_runner.py:222} INFO - ::endgroup::
