[2026-01-13T17:00:45.372+0000] {local_task_job_runner.py:120} INFO - ::group::Pre task execution logs
[2026-01-13T17:00:45.409+0000] {taskinstance.py:2076} INFO - Dependencies all met for dep_context=non-requeueable deps ti=<TaskInstance: update_db.core_table manual__2026-01-13T17:00:22.131730+00:00 [queued]>
[2026-01-13T17:00:45.425+0000] {taskinstance.py:2076} INFO - Dependencies all met for dep_context=requeueable deps ti=<TaskInstance: update_db.core_table manual__2026-01-13T17:00:22.131730+00:00 [queued]>
[2026-01-13T17:00:45.425+0000] {taskinstance.py:2306} INFO - Starting attempt 1 of 1
[2026-01-13T17:00:45.442+0000] {taskinstance.py:2330} INFO - Executing <Task(_PythonDecoratedOperator): core_table> on 2026-01-13 17:00:22.131730+00:00
[2026-01-13T17:00:45.448+0000] {standard_task_runner.py:63} INFO - Started process 97 to run task
[2026-01-13T17:00:45.453+0000] {standard_task_runner.py:90} INFO - Running: ['airflow', 'tasks', 'run', 'update_db', 'core_table', 'manual__2026-01-13T17:00:22.131730+00:00', '--job-id', '151', '--raw', '--subdir', 'DAGS_FOLDER/main.py', '--cfg-path', '/tmp/tmpaybxhdde']
[2026-01-13T17:00:45.455+0000] {standard_task_runner.py:91} INFO - Job 151: Subtask core_table
[2026-01-13T17:00:45.528+0000] {task_command.py:426} INFO - Running <TaskInstance: update_db.core_table manual__2026-01-13T17:00:22.131730+00:00 [running]> on host 267ad21334fe
[2026-01-13T17:00:45.626+0000] {taskinstance.py:2648} INFO - Exporting env vars: AIRFLOW_CTX_DAG_EMAIL='data@engineers.com' AIRFLOW_CTX_DAG_OWNER='dataengineers' AIRFLOW_CTX_DAG_ID='update_db' AIRFLOW_CTX_TASK_ID='core_table' AIRFLOW_CTX_EXECUTION_DATE='2026-01-13T17:00:22.131730+00:00' AIRFLOW_CTX_TRY_NUMBER='1' AIRFLOW_CTX_DAG_RUN_ID='manual__2026-01-13T17:00:22.131730+00:00'
[2026-01-13T17:00:45.627+0000] {taskinstance.py:430} INFO - ::endgroup::
[2026-01-13T17:00:45.637+0000] {base.py:84} INFO - Using connection ID 'postgres_db_yt_elt' for task execution.
[2026-01-13T17:00:45.643+0000] {base.py:84} INFO - Using connection ID 'postgres_db_yt_elt' for task execution.
[2026-01-13T17:00:45.650+0000] {base.py:84} INFO - Using connection ID 'postgres_db_yt_elt' for task execution.
[2026-01-13T17:00:45.694+0000] {data_modification.py:80} INFO - Updated row with Video_ID: W8whOOHnzhI
[2026-01-13T17:00:45.701+0000] {data_modification.py:80} INFO - Updated row with Video_ID: M8lvhk2nH7w
[2026-01-13T17:00:45.724+0000] {data_modification.py:80} INFO - Updated row with Video_ID: pYYtYG6hU9w
[2026-01-13T17:00:45.733+0000] {data_modification.py:80} INFO - Updated row with Video_ID: SgHmsC_y0cg
[2026-01-13T17:00:45.756+0000] {data_modification.py:80} INFO - Updated row with Video_ID: i3FYVpbmpdE
[2026-01-13T17:00:45.763+0000] {data_modification.py:80} INFO - Updated row with Video_ID: 6ubCFPOwFmk
[2026-01-13T17:00:45.785+0000] {data_modification.py:80} INFO - Updated row with Video_ID: IztyzM0PLTs
[2026-01-13T17:00:45.792+0000] {data_modification.py:80} INFO - Updated row with Video_ID: 4z7q04j6Ltc
[2026-01-13T17:00:45.815+0000] {data_modification.py:80} INFO - Updated row with Video_ID: mErBlm0yzZA
[2026-01-13T17:00:45.821+0000] {data_modification.py:80} INFO - Updated row with Video_ID: r5jCvtZyVwE
[2026-01-13T17:00:45.843+0000] {data_modification.py:80} INFO - Updated row with Video_ID: fgMLXYh3PQ0
[2026-01-13T17:00:45.869+0000] {data_modification.py:80} INFO - Updated row with Video_ID: r0flzJse1Ss
[2026-01-13T17:00:45.885+0000] {data_modification.py:80} INFO - Updated row with Video_ID: 8l_6JRwt3bA
[2026-01-13T17:00:45.893+0000] {data_modification.py:80} INFO - Updated row with Video_ID: 1VBQmmdRQfM
[2026-01-13T17:00:45.903+0000] {data_modification.py:80} INFO - Updated row with Video_ID: t1E4qAVMdqw
[2026-01-13T17:00:45.909+0000] {data_modification.py:80} INFO - Updated row with Video_ID: T2VGOEpyV2w
[2026-01-13T17:00:45.932+0000] {data_modification.py:80} INFO - Updated row with Video_ID: qPSn4jpJ0OA
[2026-01-13T17:00:46.107+0000] {data_modification.py:80} INFO - Updated row with Video_ID: 7nzDoH-SOLw
[2026-01-13T17:00:46.198+0000] {data_modification.py:80} INFO - Updated row with Video_ID: jdrwZfeTd-o
[2026-01-13T17:00:46.289+0000] {data_modification.py:80} INFO - Updated row with Video_ID: wbmB_bydA14
[2026-01-13T17:00:46.381+0000] {data_modification.py:80} INFO - Updated row with Video_ID: IGraly_Lvvg
[2026-01-13T17:00:46.470+0000] {data_modification.py:80} INFO - Updated row with Video_ID: 3ihrsGN266k
[2026-01-13T17:00:46.592+0000] {data_modification.py:80} INFO - Updated row with Video_ID: Rjan2zpCyz0
[2026-01-13T17:00:46.748+0000] {data_modification.py:80} INFO - Updated row with Video_ID: Z0-8F8OF5JI
[2026-01-13T17:00:46.833+0000] {data_modification.py:80} INFO - Updated row with Video_ID: tT21NspKJyQ
[2026-01-13T17:00:46.925+0000] {data_modification.py:80} INFO - Updated row with Video_ID: 1RwUAHmxVGE
[2026-01-13T17:00:47.017+0000] {data_modification.py:80} INFO - Updated row with Video_ID: TY1RVNihX7A
[2026-01-13T17:00:47.336+0000] {data_modification.py:80} INFO - Updated row with Video_ID: M4-iqESGPns
[2026-01-13T17:00:47.609+0000] {data_modification.py:80} INFO - Updated row with Video_ID: mMuL8mptLSs
[2026-01-13T17:00:47.741+0000] {data_modification.py:80} INFO - Updated row with Video_ID: QzWzmRBxUYQ
[2026-01-13T17:00:47.865+0000] {data_modification.py:80} INFO - Updated row with Video_ID: Hq5FDA2JPss
[2026-01-13T17:00:48.534+0000] {data_modification.py:80} INFO - Updated row with Video_ID: elY9zCRbs18
[2026-01-13T17:00:48.749+0000] {data_modification.py:80} INFO - Updated row with Video_ID: VWbrE0q0IXc
[2026-01-13T17:00:48.921+0000] {data_modification.py:80} INFO - Updated row with Video_ID: u2kBe9tbUsI
[2026-01-13T17:00:49.074+0000] {data_modification.py:80} INFO - Updated row with Video_ID: T9747XBa45A
[2026-01-13T17:00:49.229+0000] {data_modification.py:80} INFO - Updated row with Video_ID: RQXdny94Vek
[2026-01-13T17:00:49.327+0000] {data_modification.py:80} INFO - Updated row with Video_ID: DxJn08jU42k
[2026-01-13T17:00:49.424+0000] {data_modification.py:80} INFO - Updated row with Video_ID: CAPdiQDrKg8
[2026-01-13T17:00:49.504+0000] {data_modification.py:80} INFO - Updated row with Video_ID: 2i6OU_ruNq0
[2026-01-13T17:00:49.587+0000] {data_modification.py:80} INFO - Updated row with Video_ID: PZMHwRb5AAw
[2026-01-13T17:00:49.678+0000] {data_modification.py:80} INFO - Updated row with Video_ID: zoMs9WHT3gw
[2026-01-13T17:00:49.755+0000] {data_modification.py:80} INFO - Updated row with Video_ID: ATiwq1pr7uk
[2026-01-13T17:00:49.814+0000] {data_modification.py:80} INFO - Updated row with Video_ID: oNizmAuflyU
[2026-01-13T17:00:49.894+0000] {data_modification.py:80} INFO - Updated row with Video_ID: 90NCGxfoQMY
[2026-01-13T17:00:50.025+0000] {data_modification.py:80} INFO - Updated row with Video_ID: ewLJUvQbOu4
[2026-01-13T17:00:50.112+0000] {data_modification.py:80} INFO - Updated row with Video_ID: 4ztHU8PD8pg
[2026-01-13T17:00:50.169+0000] {data_modification.py:80} INFO - Updated row with Video_ID: ylpkTn08sww
[2026-01-13T17:00:50.276+0000] {data_modification.py:80} INFO - Updated row with Video_ID: PVuhM1Mo4ic
[2026-01-13T17:00:50.445+0000] {data_modification.py:80} INFO - Updated row with Video_ID: U4oqzTLXv78
[2026-01-13T17:00:50.502+0000] {data_modification.py:80} INFO - Updated row with Video_ID: JZGaLVbgfHs
[2026-01-13T17:00:50.581+0000] {data_modification.py:80} INFO - Updated row with Video_ID: SDPKsYBBQD4
[2026-01-13T17:00:50.589+0000] {data_modification.py:80} INFO - Updated row with Video_ID: pO3mZsGXcHA
[2026-01-13T17:00:50.598+0000] {data_modification.py:80} INFO - Updated row with Video_ID: fECgl2A74bE
[2026-01-13T17:00:50.607+0000] {data_modification.py:80} INFO - Updated row with Video_ID: gh9ef6S0ml0
[2026-01-13T17:00:50.616+0000] {data_modification.py:80} INFO - Updated row with Video_ID: VbG_J05HnmE
[2026-01-13T17:00:50.621+0000] {data_modification.py:80} INFO - Updated row with Video_ID: WgCavqDntlQ
[2026-01-13T17:00:50.628+0000] {data_modification.py:80} INFO - Updated row with Video_ID: NF5AvlWxmo8
[2026-01-13T17:00:50.634+0000] {data_modification.py:80} INFO - Updated row with Video_ID: RqrviWQ0qQE
[2026-01-13T17:00:50.640+0000] {data_modification.py:80} INFO - Updated row with Video_ID: WQBc2mY9Jng
[2026-01-13T17:00:50.737+0000] {data_modification.py:80} INFO - Updated row with Video_ID: beYV4yDvRNM
[2026-01-13T17:00:50.745+0000] {data_modification.py:80} INFO - Updated row with Video_ID: MUoaF9b3nCU
[2026-01-13T17:00:50.760+0000] {data_modification.py:80} INFO - Updated row with Video_ID: ZNg6cFcBISw
[2026-01-13T17:00:50.768+0000] {data_modification.py:80} INFO - Updated row with Video_ID: _ii08GBoIcY
[2026-01-13T17:00:50.779+0000] {data_modification.py:80} INFO - Updated row with Video_ID: K93eM41jWXg
[2026-01-13T17:00:50.787+0000] {data_modification.py:80} INFO - Updated row with Video_ID: of3IaC8hZpo
[2026-01-13T17:00:50.835+0000] {data_modification.py:80} INFO - Updated row with Video_ID: x4jas5FILfU
[2026-01-13T17:00:50.843+0000] {data_modification.py:80} INFO - Updated row with Video_ID: hXA1qFQMRiw
[2026-01-13T17:00:50.851+0000] {data_modification.py:80} INFO - Updated row with Video_ID: j73KW1-5Elg
[2026-01-13T17:00:50.900+0000] {data_modification.py:80} INFO - Updated row with Video_ID: Ol_ADWAq1VE
[2026-01-13T17:00:50.906+0000] {data_modification.py:80} INFO - Updated row with Video_ID: TDrIBFgb6hE
[2026-01-13T17:00:50.908+0000] {dwh.py:82} INFO - core table update completed
[2026-01-13T17:00:50.909+0000] {python.py:237} INFO - Done. Returned value was: None
[2026-01-13T17:00:50.910+0000] {taskinstance.py:441} INFO - ::group::Post task execution logs
[2026-01-13T17:00:50.921+0000] {taskinstance.py:1206} INFO - Marking task as SUCCESS. dag_id=update_db, task_id=core_table, run_id=manual__2026-01-13T17:00:22.131730+00:00, execution_date=20260113T170022, start_date=20260113T170045, end_date=20260113T170050
[2026-01-13T17:00:50.990+0000] {local_task_job_runner.py:240} INFO - Task exited with return code 0
[2026-01-13T17:00:51.014+0000] {taskinstance.py:3503} INFO - 1 downstream tasks scheduled from follow-on schedule check
[2026-01-13T17:00:51.068+0000] {local_task_job_runner.py:222} INFO - ::endgroup::
